[2026-03-15 00:04:38] === 登录请求日志 ===
[2026-03-15 00:04:38] 请求时间: 2026-03-15 00:04:38
[2026-03-15 00:04:38] 请求IP: ::1
[2026-03-15 00:04:38] 用户名: task
[2026-03-15 00:04:38] 密码哈希: 25d55ad283aa400af464c76d713c07ad

[2026-03-15 00:04:38] === 登录成功日志 ===
[2026-03-15 00:04:38] 用户ID: 1
[2026-03-15 00:04:38] 角色ID: 1
[2026-03-15 00:04:38] 角色名称: 超级管理员
[2026-03-15 00:04:38] 生成的Token: eyJ1c2VyX2lkIjoxLCJ0eXBlIjozLCJleHAiOjE3NzQxMDkwNzh9
[2026-03-15 00:04:38] Token过期时间: 2026-03-22 00:04:38

[2026-03-15 23:35:22] === 登录请求日志 ===
[2026-03-15 23:35:22] 请求时间: 2026-03-15 23:35:22
[2026-03-15 23:35:22] 请求IP: ::1
[2026-03-15 23:35:22] 用户名: task
[2026-03-15 23:35:22] 密码哈希: 25d55ad283aa400af464c76d713c07ad

[2026-03-15 23:35:23] === 登录成功日志 ===
[2026-03-15 23:35:23] 用户ID: 1
[2026-03-15 23:35:23] 角色ID: 1
[2026-03-15 23:35:23] 角色名称: 超级管理员
[2026-03-15 23:35:23] 生成的Token: eyJ1c2VyX2lkIjoxLCJ0eXBlIjozLCJleHAiOjE3NzQxOTM3MjJ9
[2026-03-15 23:35:23] Token过期时间: 2026-03-22 23:35:22

[2026-03-15 23:57:56] === 登录请求日志 ===
[2026-03-15 23:57:56] 请求时间: 2026-03-15 23:57:56
[2026-03-15 23:57:56] 请求IP: ::1
[2026-03-15 23:57:56] 用户名: task
[2026-03-15 23:57:56] 密码哈希: 25d55ad283aa400af464c76d713c07ad

[2026-03-15 23:57:56] === 登录成功日志 ===
[2026-03-15 23:57:56] 用户ID: 1
[2026-03-15 23:57:56] 角色ID: 1
[2026-03-15 23:57:56] 角色名称: 超级管理员
[2026-03-15 23:57:56] 生成的Token: eyJ1c2VyX2lkIjoxLCJ0eXBlIjozLCJleHAiOjE3NzQxOTUwNzZ9
[2026-03-15 23:57:56] Token过期时间: 2026-03-22 23:57:56

[2026-03-16 00:05:52] === 登录请求日志 ===
[2026-03-16 00:05:52] 请求时间: 2026-03-16 00:05:52
[2026-03-16 00:05:52] 请求IP: ::1
[2026-03-16 00:05:52] 用户名: task
[2026-03-16 00:05:52] 密码哈希: 25d55ad283aa400af464c76d713c07ad

[2026-03-16 00:05:52] === 登录成功日志 ===
[2026-03-16 00:05:52] 用户ID: 1
[2026-03-16 00:05:52] 角色ID: 1
[2026-03-16 00:05:52] 角色名称: 超级管理员
[2026-03-16 00:05:52] 生成的Token: eyJ1c2VyX2lkIjoxLCJ0eXBlIjozLCJleHAiOjE3NzQxOTU1NTJ9
[2026-03-16 00:05:52] Token过期时间: 2026-03-23 00:05:52

