[2026-03-24 23:31:11] === C端提交任务接口调用开始 ===
[2026-03-24 23:31:11] 请求方法: POST
[2026-03-24 23:31:11] 请求IP: 127.0.0.1
[2026-03-24 23:31:11] 请求时间: 2026-03-24 23:31:11
[2026-03-24 23:31:11] 步骤1: 获取请求参数...
[2026-03-24 23:31:11] 请求参数: b_task_id=237, record_id=122
[2026-03-24 23:31:11] 步骤2: 查询任务记录，记录ID: 122, 任务ID: 237
[2026-03-24 23:31:11] 任务记录查询成功，记录ID: 122, 状态: 1
[2026-03-24 23:31:11] 步骤3: 校验是否是当前用户的任务，任务用户ID: 134, 当前用户ID: 134
[2026-03-24 23:31:11] 校验通过，是当前用户的任务
[2026-03-24 23:31:11] 步骤4: 校验任务状态，当前状态: 1
[2026-03-24 23:31:11] 任务状态校验通过，状态为进行中
[2026-03-24 23:31:11] 步骤5: 校验是否超时
[2026-03-24 23:31:11] 任务已超时，开始处理超时逻辑
[2026-03-24 23:31:11] 事务开启成功
[2026-03-24 23:31:11] 步骤6: 更新任务记录状态为已超时，记录ID: 122
[2026-03-24 23:31:11] 任务记录状态更新为已超时
[2026-03-24 23:31:11] 步骤7: 检查任务类型，任务ID: 237
[2026-03-24 23:31:11] 任务类型: 新手任务
[2026-03-24 23:31:11] 查询新手任务当前 task_doing 值
[2026-03-24 23:31:11] 当前 task_doing=1, 更新为=0
[2026-03-24 23:31:11] 更新新手任务 task_doing=0
[2026-03-24 23:31:11] 步骤8: 更新当日弃单统计，用户ID: 134
[2026-03-24 23:31:11] 当日弃单统计更新成功
[2026-03-24 23:31:11] 事务提交成功
[2026-03-24 23:31:11] 任务超时，用户ID: 134, 超时时间: 0分钟
[2026-03-24 23:31:33] === C端提交任务接口调用开始 ===
[2026-03-24 23:31:33] 请求方法: POST
[2026-03-24 23:31:33] 请求IP: 127.0.0.1
[2026-03-24 23:31:33] 请求时间: 2026-03-24 23:31:33
[2026-03-24 23:31:33] 步骤1: 获取请求参数...
[2026-03-24 23:31:33] 请求参数: b_task_id=237, record_id=122
[2026-03-24 23:31:33] 步骤2: 查询任务记录，记录ID: 122, 任务ID: 237
[2026-03-24 23:31:33] 任务记录查询成功，记录ID: 122, 状态: 5
[2026-03-24 23:31:33] 步骤3: 校验是否是当前用户的任务，任务用户ID: 134, 当前用户ID: 134
[2026-03-24 23:31:33] 校验通过，是当前用户的任务
[2026-03-24 23:31:33] 步骤4: 校验任务状态，当前状态: 5
[2026-03-24 23:31:33] 任务状态无效，当前状态: 已超时
[2026-03-25 00:05:51] === C端提交任务接口调用开始 ===
[2026-03-25 00:05:51] 请求方法: POST
[2026-03-25 00:05:51] 请求IP: 127.0.0.1
[2026-03-25 00:05:51] 请求时间: 2026-03-25 00:05:51
[2026-03-25 00:05:51] 步骤1: 获取请求参数...
[2026-03-25 00:05:51] 请求参数: b_task_id=238, record_id=123
[2026-03-25 00:05:51] 步骤2: 查询任务记录，记录ID: 123, 任务ID: 238
[2026-03-25 00:05:51] 任务记录查询成功，记录ID: 123, 状态: 1
[2026-03-25 00:05:51] 步骤3: 校验是否是当前用户的任务，任务用户ID: 134, 当前用户ID: 134
[2026-03-25 00:05:51] 校验通过，是当前用户的任务
[2026-03-25 00:05:51] 步骤4: 校验任务状态，当前状态: 1
[2026-03-25 00:05:51] 任务状态校验通过，状态为进行中
[2026-03-25 00:05:51] 步骤5: 校验是否超时
[2026-03-25 00:05:51] 任务已超时，开始处理超时逻辑
[2026-03-25 00:05:51] 事务开启成功
[2026-03-25 00:05:51] 步骤6: 更新任务记录状态为已超时，记录ID: 123
[2026-03-25 00:05:51] 任务记录状态更新为已超时
[2026-03-25 00:05:51] 步骤7: 检查任务类型，任务ID: 238
[2026-03-25 00:05:51] 任务类型: 新手任务
[2026-03-25 00:05:51] 查询新手任务当前 task_doing 值
[2026-03-25 00:05:51] 当前 task_doing=1, 更新为=0
[2026-03-25 00:05:51] 更新新手任务 task_doing=0
[2026-03-25 00:05:51] 步骤8: 更新当日弃单统计，用户ID: 134
[2026-03-25 00:05:51] 当日弃单统计更新成功
[2026-03-25 00:05:51] 事务提交成功
[2026-03-25 00:05:51] 任务超时，用户ID: 134, 超时时间: 0分钟
[2026-03-25 00:07:24] === C端提交任务接口调用开始 ===
[2026-03-25 00:07:24] 请求方法: POST
[2026-03-25 00:07:24] 请求IP: 127.0.0.1
[2026-03-25 00:07:24] 请求时间: 2026-03-25 00:07:24
[2026-03-25 00:07:24] 步骤1: 获取请求参数...
[2026-03-25 00:07:24] 请求参数: b_task_id=238, record_id=123
[2026-03-25 00:07:24] 步骤2: 查询任务记录，记录ID: 123, 任务ID: 238
[2026-03-25 00:07:24] 任务记录查询成功，记录ID: 123, 状态: 5
[2026-03-25 00:07:24] 步骤3: 校验是否是当前用户的任务，任务用户ID: 134, 当前用户ID: 134
[2026-03-25 00:07:24] 校验通过，是当前用户的任务
[2026-03-25 00:07:24] 步骤4: 校验任务状态，当前状态: 5
[2026-03-25 00:07:24] 任务状态无效，当前状态: 已超时
[2026-03-25 00:08:38] === C端提交任务接口调用开始 ===
[2026-03-25 00:08:38] 请求方法: POST
[2026-03-25 00:08:38] 请求IP: 127.0.0.1
[2026-03-25 00:08:38] 请求时间: 2026-03-25 00:08:38
[2026-03-25 00:08:38] 步骤1: 获取请求参数...
[2026-03-25 00:08:38] 请求参数: b_task_id=239, record_id=124
[2026-03-25 00:08:38] 步骤2: 查询任务记录，记录ID: 124, 任务ID: 239
[2026-03-25 00:08:38] 任务记录查询成功，记录ID: 124, 状态: 1
[2026-03-25 00:08:38] 步骤3: 校验是否是当前用户的任务，任务用户ID: 134, 当前用户ID: 134
[2026-03-25 00:08:38] 校验通过，是当前用户的任务
[2026-03-25 00:08:38] 步骤4: 校验任务状态，当前状态: 1
[2026-03-25 00:08:38] 任务状态校验通过，状态为进行中
[2026-03-25 00:08:38] 步骤5: 校验是否超时
[2026-03-25 00:08:38] 任务已超时，开始处理超时逻辑
[2026-03-25 00:08:38] 事务开启成功
[2026-03-25 00:08:38] 步骤6: 更新任务记录状态为已超时，记录ID: 124
[2026-03-25 00:08:38] 任务记录状态更新为已超时
[2026-03-25 00:08:38] 步骤7: 检查任务类型，任务ID: 239
[2026-03-25 00:08:38] 任务类型: 新手任务
[2026-03-25 00:08:38] 查询新手任务当前 task_doing 值
[2026-03-25 00:08:38] 当前 task_doing=1, 更新为=0
[2026-03-25 00:08:38] 更新新手任务 task_doing=0
[2026-03-25 00:08:38] 步骤8: 更新当日弃单统计，用户ID: 134
[2026-03-25 00:08:38] 当日弃单统计更新成功
[2026-03-25 00:08:38] 事务提交成功
[2026-03-25 00:08:38] 任务超时，用户ID: 134, 超时时间: 0分钟
[2026-03-25 00:12:06] === C端提交任务接口调用开始 ===
[2026-03-25 00:12:06] 请求方法: POST
[2026-03-25 00:12:06] 请求IP: 127.0.0.1
[2026-03-25 00:12:06] 请求时间: 2026-03-25 00:12:06
[2026-03-25 00:12:06] 步骤1: 获取请求参数...
[2026-03-25 00:12:06] 请求参数: b_task_id=240, record_id=125
[2026-03-25 00:12:06] 步骤2: 查询任务记录，记录ID: 125, 任务ID: 240
[2026-03-25 00:12:06] 任务记录查询成功，记录ID: 125, 状态: 1
[2026-03-25 00:12:06] 步骤3: 校验是否是当前用户的任务，任务用户ID: 134, 当前用户ID: 134
[2026-03-25 00:12:06] 校验通过，是当前用户的任务
[2026-03-25 00:12:06] 步骤4: 校验任务状态，当前状态: 1
[2026-03-25 00:12:06] 任务状态校验通过，状态为进行中
[2026-03-25 00:12:06] 步骤5: 校验是否超时
[2026-03-25 00:12:06] 任务已超时，开始处理超时逻辑
[2026-03-25 00:12:06] 事务开启成功
[2026-03-25 00:12:06] 步骤6: 更新任务记录状态为已超时，记录ID: 125
[2026-03-25 00:12:06] 任务记录状态更新为已超时
[2026-03-25 00:12:06] 步骤7: 检查任务类型，任务ID: 240
[2026-03-25 00:12:06] 任务类型: 新手任务
[2026-03-25 00:12:06] 查询新手任务当前 task_doing 值
[2026-03-25 00:12:06] 当前 task_doing=1, 更新为=0
[2026-03-25 00:12:06] 更新新手任务 task_doing=0
[2026-03-25 00:12:06] 步骤8: 更新当日弃单统计，用户ID: 134
[2026-03-25 00:12:06] 当日弃单统计更新成功
[2026-03-25 00:12:06] 事务提交成功
[2026-03-25 00:12:06] 任务超时，用户ID: 134, 超时时间: 0分钟
[2026-03-25 00:16:29] === C端提交任务接口调用开始 ===
[2026-03-25 00:16:29] 请求方法: POST
[2026-03-25 00:16:29] 请求IP: 127.0.0.1
[2026-03-25 00:16:29] 请求时间: 2026-03-25 00:16:29
[2026-03-25 00:16:29] 步骤1: 获取请求参数...
[2026-03-25 00:16:29] 请求参数: b_task_id=241, record_id=126
[2026-03-25 00:16:29] 步骤2: 查询任务记录，记录ID: 126, 任务ID: 241
[2026-03-25 00:16:29] 任务记录查询成功，记录ID: 126, 状态: 1
[2026-03-25 00:16:29] 步骤3: 校验是否是当前用户的任务，任务用户ID: 134, 当前用户ID: 134
[2026-03-25 00:16:29] 校验通过，是当前用户的任务
[2026-03-25 00:16:29] 步骤4: 校验任务状态，当前状态: 1
[2026-03-25 00:16:29] 任务状态校验通过，状态为进行中
[2026-03-25 00:16:29] 步骤5: 校验是否超时
[2026-03-25 00:16:29] 任务已超时，开始处理超时逻辑
[2026-03-25 00:16:29] 事务开启成功
[2026-03-25 00:16:29] 步骤6: 更新任务记录状态为已超时，记录ID: 126
[2026-03-25 00:16:29] 任务记录状态更新为已超时
[2026-03-25 00:16:29] 步骤7: 检查任务类型，任务ID: 241
[2026-03-25 00:16:29] 任务类型: 新手任务
[2026-03-25 00:16:29] 查询新手任务当前 task_doing 值
[2026-03-25 00:16:29] 当前 task_doing=1, 更新为=0
[2026-03-25 00:16:29] 更新新手任务 task_doing=0
[2026-03-25 00:16:29] 步骤8: 更新当日弃单统计，用户ID: 134
[2026-03-25 00:16:29] 当日弃单统计更新成功
[2026-03-25 00:16:29] 事务提交成功
[2026-03-25 00:16:29] 任务超时，用户ID: 134, 超时时间: 0分钟
[2026-03-25 14:28:32] === C端提交任务接口调用开始 ===
[2026-03-25 14:28:32] 请求方法: POST
[2026-03-25 14:28:32] 请求IP: 127.0.0.1
[2026-03-25 14:28:32] 请求时间: 2026-03-25 14:28:32
[2026-03-25 14:28:32] 步骤1: 获取请求参数...
[2026-03-25 14:28:32] 请求参数: b_task_id=242, record_id=127
[2026-03-25 14:28:32] 步骤2: 查询任务记录，记录ID: 127, 任务ID: 242
[2026-03-25 14:28:32] 任务记录查询成功，记录ID: 127, 状态: 1
[2026-03-25 14:28:32] 步骤3: 校验是否是当前用户的任务，任务用户ID: 134, 当前用户ID: 134
[2026-03-25 14:28:32] 校验通过，是当前用户的任务
[2026-03-25 14:28:32] 步骤4: 校验任务状态，当前状态: 1
[2026-03-25 14:28:32] 任务状态校验通过，状态为进行中
[2026-03-25 14:28:32] 步骤5: 校验是否超时
[2026-03-25 14:28:32] 任务已超时，开始处理超时逻辑
[2026-03-25 14:28:32] 事务开启成功
[2026-03-25 14:28:32] 步骤6: 更新任务记录状态为已超时，记录ID: 127
[2026-03-25 14:28:32] 任务记录状态更新为已超时
[2026-03-25 14:28:32] 步骤7: 检查任务类型，任务ID: 242
[2026-03-25 14:28:32] 任务类型: 新手任务
[2026-03-25 14:28:32] 查询新手任务当前 task_doing 值
[2026-03-25 14:28:32] 当前 task_doing=1, 更新为=0
[2026-03-25 14:28:32] 更新新手任务 task_doing=0
[2026-03-25 14:28:32] 步骤8: 更新当日弃单统计，用户ID: 134
[2026-03-25 14:28:32] 当日弃单统计更新成功
[2026-03-25 14:28:32] 事务提交成功
[2026-03-25 14:28:32] 任务超时，用户ID: 134, 超时时间: 0分钟
[2026-03-25 14:36:11] === C端提交任务接口调用开始 ===
[2026-03-25 14:36:11] 请求方法: POST
[2026-03-25 14:36:11] 请求IP: 127.0.0.1
[2026-03-25 14:36:11] 请求时间: 2026-03-25 14:36:11
[2026-03-25 14:36:11] 步骤1: 获取请求参数...
[2026-03-25 14:36:11] 请求参数: b_task_id=243, record_id=128
[2026-03-25 14:36:11] 步骤2: 查询任务记录，记录ID: 128, 任务ID: 243
[2026-03-25 14:36:11] 任务记录查询成功，记录ID: 128, 状态: 1
[2026-03-25 14:36:11] 步骤3: 校验是否是当前用户的任务，任务用户ID: 134, 当前用户ID: 134
[2026-03-25 14:36:11] 校验通过，是当前用户的任务
[2026-03-25 14:36:11] 步骤4: 校验任务状态，当前状态: 1
[2026-03-25 14:36:11] 任务状态校验通过，状态为进行中
[2026-03-25 14:36:11] 步骤5: 校验是否超时
[2026-03-25 14:36:11] 任务已超时，开始处理超时逻辑
[2026-03-25 14:36:11] 事务开启成功
[2026-03-25 14:36:11] 步骤6: 更新任务记录状态为已超时，记录ID: 128
[2026-03-25 14:36:11] 任务记录状态更新为已超时
[2026-03-25 14:36:11] 步骤7: 检查任务类型，任务ID: 243
[2026-03-25 14:36:11] 任务类型: 新手任务
[2026-03-25 14:36:11] 查询新手任务当前 task_doing 值
[2026-03-25 14:36:11] 当前 task_doing=1, 更新为=0
[2026-03-25 14:36:11] 更新新手任务 task_doing=0
[2026-03-25 14:36:11] 步骤8: 更新当日弃单统计，用户ID: 134
[2026-03-25 14:36:11] 当日弃单统计更新成功
[2026-03-25 14:36:11] 事务提交成功
[2026-03-25 14:36:11] 任务超时，用户ID: 134, 超时时间: 0分钟
[2026-03-25 14:41:16] === C端提交任务接口调用开始 ===
[2026-03-25 14:41:16] 请求方法: POST
[2026-03-25 14:41:16] 请求IP: 127.0.0.1
[2026-03-25 14:41:16] 请求时间: 2026-03-25 14:41:16
[2026-03-25 14:41:16] 步骤1: 获取请求参数...
[2026-03-25 14:41:16] 请求参数: b_task_id=244, record_id=129
[2026-03-25 14:41:16] 步骤2: 查询任务记录，记录ID: 129, 任务ID: 244
[2026-03-25 14:41:16] 任务记录查询成功，记录ID: 129, 状态: 1
[2026-03-25 14:41:16] 步骤3: 校验是否是当前用户的任务，任务用户ID: 134, 当前用户ID: 134
[2026-03-25 14:41:16] 校验通过，是当前用户的任务
[2026-03-25 14:41:16] 步骤4: 校验任务状态，当前状态: 1
[2026-03-25 14:41:16] 任务状态校验通过，状态为进行中
[2026-03-25 14:41:16] 步骤5: 校验是否超时
[2026-03-25 14:41:16] 任务未超时，继续处理
[2026-03-25 14:41:16] 步骤6: 查询或创建当日统计记录，用户ID: 134
[2026-03-25 14:41:16] 当日统计记录创建成功，ID: 63
[2026-03-25 14:41:16] 步骤7: 开启事务
[2026-03-25 14:41:16] 事务开启成功
[2026-03-25 14:41:16] 步骤8: 更新任务记录，记录ID: 129
[2026-03-25 14:41:16] 任务记录状态更新为待审核，记录ID: 129
[2026-03-25 14:41:16] 步骤 9: 更新 B 端任务统计，任务 ID: 244
[2026-03-25 14:41:16] 任务类型：新手任务
[2026-03-25 14:41:16] 查询新手任务当前 task_doing 值
[2026-03-25 14:41:16] 当前 task_doing=1, 更新为=0
[2026-03-25 14:41:16] 更新新手任务统计：task_doing=0, task_reviewing + 1
[2026-03-25 14:41:16] B 端任务统计更新成功
[2026-03-25 14:41:16] 步骤10: 提交事务
[2026-03-25 14:41:17] 事务提交成功
[2026-03-25 14:41:17] 任务提交成功，记录ID: 129, 用户ID: 134
[2026-03-25 15:25:43] === C端提交任务接口调用开始 ===
[2026-03-25 15:25:43] 请求方法: POST
[2026-03-25 15:25:43] 请求IP: 127.0.0.1
[2026-03-25 15:25:43] 请求时间: 2026-03-25 15:25:43
[2026-03-25 15:25:43] 步骤1: 获取请求参数...
[2026-03-25 15:25:43] 请求参数: b_task_id=245, record_id=130
[2026-03-25 15:25:43] 步骤2: 查询任务记录，记录ID: 130, 任务ID: 245
[2026-03-25 15:25:43] 任务记录查询成功，记录ID: 130, 状态: 1
[2026-03-25 15:25:43] 步骤3: 校验是否是当前用户的任务，任务用户ID: 134, 当前用户ID: 134
[2026-03-25 15:25:43] 校验通过，是当前用户的任务
[2026-03-25 15:25:43] 步骤4: 校验任务状态，当前状态: 1
[2026-03-25 15:25:43] 任务状态校验通过，状态为进行中
[2026-03-25 15:25:43] 步骤5: 校验是否超时
[2026-03-25 15:25:43] 任务未超时，继续处理
[2026-03-25 15:25:43] 步骤6: 查询或创建当日统计记录，用户ID: 134
[2026-03-25 15:25:44] 当日统计记录创建成功，ID: 63
[2026-03-25 15:25:44] 步骤7: 开启事务
[2026-03-25 15:25:44] 事务开启成功
[2026-03-25 15:25:44] 步骤8: 更新任务记录，记录ID: 130
[2026-03-25 15:25:44] 任务记录状态更新为待审核，记录ID: 130
[2026-03-25 15:25:44] 步骤 9: 更新 B 端任务统计，任务 ID: 245
[2026-03-25 15:25:44] 任务类型：新手任务
[2026-03-25 15:25:44] 查询新手任务当前 task_doing 值
[2026-03-25 15:25:44] 当前 task_doing=1, 更新为=0
[2026-03-25 15:25:44] 更新新手任务统计：task_doing=0, task_reviewing + 1
[2026-03-25 15:25:44] B 端任务统计更新成功
[2026-03-25 15:25:44] 步骤10: 提交事务
[2026-03-25 15:25:44] 事务提交成功
[2026-03-25 15:25:44] 任务提交成功，记录ID: 130, 用户ID: 134
[2026-03-25 15:29:10] === C端提交任务接口调用开始 ===
[2026-03-25 15:29:10] 请求方法: POST
[2026-03-25 15:29:10] 请求IP: 127.0.0.1
[2026-03-25 15:29:10] 请求时间: 2026-03-25 15:29:10
[2026-03-25 15:29:10] 步骤1: 获取请求参数...
[2026-03-25 15:29:10] 请求参数: b_task_id=283, record_id=131
[2026-03-25 15:29:10] 步骤2: 查询任务记录，记录ID: 131, 任务ID: 283
[2026-03-25 15:29:10] 任务记录查询成功，记录ID: 131, 状态: 1
[2026-03-25 15:29:10] 步骤3: 校验是否是当前用户的任务，任务用户ID: 134, 当前用户ID: 134
[2026-03-25 15:29:10] 校验通过，是当前用户的任务
[2026-03-25 15:29:10] 步骤4: 校验任务状态，当前状态: 1
[2026-03-25 15:29:10] 任务状态校验通过，状态为进行中
[2026-03-25 15:29:10] 步骤5: 校验是否超时
[2026-03-25 15:29:10] 任务未超时，继续处理
[2026-03-25 15:29:10] 步骤6: 查询或创建当日统计记录，用户ID: 134
[2026-03-25 15:29:10] 当日统计记录创建成功，ID: 63
[2026-03-25 15:29:10] 步骤7: 开启事务
[2026-03-25 15:29:10] 事务开启成功
[2026-03-25 15:29:10] 步骤8: 更新任务记录，记录ID: 131
[2026-03-25 15:29:10] 任务记录状态更新为待审核，记录ID: 131
[2026-03-25 15:29:10] 步骤 9: 更新 B 端任务统计，任务 ID: 283
[2026-03-25 15:29:10] 任务类型：普通任务
[2026-03-25 15:29:10] 查询普通任务当前 task_doing 值
[2026-03-25 15:29:10] 当前 task_doing=1, 更新为=0
[2026-03-25 15:29:10] 更新普通任务统计：task_doing=0, task_reviewing + 1
[2026-03-25 15:29:10] B 端任务统计更新成功
[2026-03-25 15:29:10] 步骤10: 提交事务
[2026-03-25 15:29:10] 事务提交成功
[2026-03-25 15:29:10] 任务提交成功，记录ID: 131, 用户ID: 134
[2026-03-25 15:32:12] === C端提交任务接口调用开始 ===
[2026-03-25 15:32:12] 请求方法: POST
[2026-03-25 15:32:12] 请求IP: 127.0.0.1
[2026-03-25 15:32:12] 请求时间: 2026-03-25 15:32:12
[2026-03-25 15:32:12] 步骤1: 获取请求参数...
[2026-03-25 15:32:12] 请求参数: b_task_id=246, record_id=132
[2026-03-25 15:32:12] 步骤2: 查询任务记录，记录ID: 132, 任务ID: 246
[2026-03-25 15:32:12] 任务记录查询成功，记录ID: 132, 状态: 1
[2026-03-25 15:32:12] 步骤3: 校验是否是当前用户的任务，任务用户ID: 134, 当前用户ID: 134
[2026-03-25 15:32:12] 校验通过，是当前用户的任务
[2026-03-25 15:32:12] 步骤4: 校验任务状态，当前状态: 1
[2026-03-25 15:32:12] 任务状态校验通过，状态为进行中
[2026-03-25 15:32:12] 步骤5: 校验是否超时
[2026-03-25 15:32:12] 任务未超时，继续处理
[2026-03-25 15:32:12] 步骤6: 查询或创建当日统计记录，用户ID: 134
[2026-03-25 15:32:12] 当日统计记录创建成功，ID: 63
[2026-03-25 15:32:12] 步骤7: 开启事务
[2026-03-25 15:32:12] 事务开启成功
[2026-03-25 15:32:12] 步骤8: 更新任务记录，记录ID: 132
[2026-03-25 15:32:12] 任务记录状态更新为待审核，记录ID: 132
[2026-03-25 15:32:12] 步骤 9: 更新 B 端任务统计，任务 ID: 246
[2026-03-25 15:32:12] 任务类型：新手任务
[2026-03-25 15:32:12] 查询新手任务当前 task_doing 值
[2026-03-25 15:32:12] 当前 task_doing=1, 更新为=0
[2026-03-25 15:32:12] 更新新手任务统计：task_doing=0, task_reviewing + 1
[2026-03-25 15:32:12] B 端任务统计更新成功
[2026-03-25 15:32:12] 步骤10: 提交事务
[2026-03-25 15:32:12] 事务提交成功
[2026-03-25 15:32:12] 任务提交成功，记录ID: 132, 用户ID: 134
[2026-03-25 19:11:53] === C端提交任务接口调用开始 ===
[2026-03-25 19:11:53] 请求方法: POST
[2026-03-25 19:11:53] 请求IP: 127.0.0.1
[2026-03-25 19:11:53] 请求时间: 2026-03-25 19:11:53
[2026-03-25 19:11:53] 步骤1: 获取请求参数...
[2026-03-25 19:11:53] 请求参数: b_task_id=248, record_id=133
[2026-03-25 19:11:53] 步骤2: 查询任务记录，记录ID: 133, 任务ID: 248
[2026-03-25 19:11:53] 任务记录查询成功，记录ID: 133, 状态: 1
[2026-03-25 19:11:53] 步骤3: 校验是否是当前用户的任务，任务用户ID: 134, 当前用户ID: 134
[2026-03-25 19:11:53] 校验通过，是当前用户的任务
[2026-03-25 19:11:53] 步骤4: 校验任务状态，当前状态: 1
[2026-03-25 19:11:53] 任务状态校验通过，状态为进行中
[2026-03-25 19:11:53] 步骤5: 校验是否超时
[2026-03-25 19:11:53] 任务未超时，继续处理
[2026-03-25 19:11:53] 步骤6: 查询或创建当日统计记录，用户ID: 134
[2026-03-25 19:11:53] 当日统计记录创建成功，ID: 63
[2026-03-25 19:11:53] 步骤7: 开启事务
[2026-03-25 19:11:53] 事务开启成功
[2026-03-25 19:11:53] 步骤8: 更新任务记录，记录ID: 133
[2026-03-25 19:11:53] 任务记录状态更新为待审核，记录ID: 133
[2026-03-25 19:11:53] 步骤 9: 更新 B 端任务统计，任务 ID: 248
[2026-03-25 19:11:53] 任务类型：新手任务
[2026-03-25 19:11:53] 查询新手任务当前 task_doing 值
[2026-03-25 19:11:53] 当前 task_doing=1, 更新为=0
[2026-03-25 19:11:53] 更新新手任务统计：task_doing=0, task_reviewing + 1
[2026-03-25 19:11:53] B 端任务统计更新成功
[2026-03-25 19:11:53] 步骤10: 提交事务
[2026-03-25 19:11:53] 事务提交成功
[2026-03-25 19:11:53] 任务提交成功，记录ID: 133, 用户ID: 134
[2026-03-25 20:09:06] === C端提交任务接口调用开始 ===
[2026-03-25 20:09:06] 请求方法: POST
[2026-03-25 20:09:06] 请求IP: 127.0.0.1
[2026-03-25 20:09:06] 请求时间: 2026-03-25 20:09:06
[2026-03-25 20:09:06] 步骤1: 获取请求参数...
[2026-03-25 20:09:06] 请求参数: b_task_id=249, record_id=134
[2026-03-25 20:09:06] 步骤2: 查询任务记录，记录ID: 134, 任务ID: 249
[2026-03-25 20:09:06] 任务记录查询成功，记录ID: 134, 状态: 1
[2026-03-25 20:09:06] 步骤3: 校验是否是当前用户的任务，任务用户ID: 134, 当前用户ID: 134
[2026-03-25 20:09:06] 校验通过，是当前用户的任务
[2026-03-25 20:09:06] 步骤4: 校验任务状态，当前状态: 1
[2026-03-25 20:09:06] 任务状态校验通过，状态为进行中
[2026-03-25 20:09:06] 步骤5: 校验是否超时
[2026-03-25 20:09:06] 任务未超时，继续处理
[2026-03-25 20:09:06] 步骤6: 查询或创建当日统计记录，用户ID: 134
[2026-03-25 20:09:06] 当日统计记录创建成功，ID: 63
[2026-03-25 20:09:06] 步骤7: 开启事务
[2026-03-25 20:09:06] 事务开启成功
[2026-03-25 20:09:06] 步骤8: 更新任务记录，记录ID: 134
[2026-03-25 20:09:06] 任务记录状态更新为待审核，记录ID: 134
[2026-03-25 20:09:06] 步骤 9: 更新 B 端任务统计，任务 ID: 249
[2026-03-25 20:09:06] 任务类型：新手任务
[2026-03-25 20:09:06] 查询新手任务当前 task_doing 值
[2026-03-25 20:09:06] 当前 task_doing=1, 更新为=0
[2026-03-25 20:09:06] 更新新手任务统计：task_doing=0, task_reviewing + 1
[2026-03-25 20:09:06] B 端任务统计更新成功
[2026-03-25 20:09:06] 步骤10: 提交事务
[2026-03-25 20:09:06] 事务提交成功
[2026-03-25 20:09:06] 任务提交成功，记录ID: 134, 用户ID: 134
[2026-03-25 20:15:16] === C端提交任务接口调用开始 ===
[2026-03-25 20:15:16] 请求方法: POST
[2026-03-25 20:15:16] 请求IP: 127.0.0.1
[2026-03-25 20:15:16] 请求时间: 2026-03-25 20:15:16
[2026-03-25 20:15:16] 步骤1: 获取请求参数...
[2026-03-25 20:15:16] 请求参数: b_task_id=284, record_id=135
[2026-03-25 20:15:16] 步骤2: 查询任务记录，记录ID: 135, 任务ID: 284
[2026-03-25 20:15:16] 任务记录查询成功，记录ID: 135, 状态: 1
[2026-03-25 20:15:16] 步骤3: 校验是否是当前用户的任务，任务用户ID: 134, 当前用户ID: 134
[2026-03-25 20:15:16] 校验通过，是当前用户的任务
[2026-03-25 20:15:16] 步骤4: 校验任务状态，当前状态: 1
[2026-03-25 20:15:16] 任务状态校验通过，状态为进行中
[2026-03-25 20:15:16] 步骤5: 校验是否超时
[2026-03-25 20:15:16] 任务未超时，继续处理
[2026-03-25 20:15:16] 步骤6: 查询或创建当日统计记录，用户ID: 134
[2026-03-25 20:15:16] 当日统计记录创建成功，ID: 63
[2026-03-25 20:15:16] 步骤7: 开启事务
[2026-03-25 20:15:16] 事务开启成功
[2026-03-25 20:15:16] 步骤8: 更新任务记录，记录ID: 135
[2026-03-25 20:15:16] 任务记录状态更新为待审核，记录ID: 135
[2026-03-25 20:15:16] 步骤 9: 更新 B 端任务统计，任务 ID: 284
[2026-03-25 20:15:16] 任务类型：普通任务
[2026-03-25 20:15:16] 查询普通任务当前 task_doing 值
[2026-03-25 20:15:16] 当前 task_doing=1, 更新为=0
[2026-03-25 20:15:16] 更新普通任务统计：task_doing=0, task_reviewing + 1
[2026-03-25 20:15:16] B 端任务统计更新成功
[2026-03-25 20:15:16] 步骤10: 提交事务
[2026-03-25 20:15:16] 事务提交成功
[2026-03-25 20:15:16] 任务提交成功，记录ID: 135, 用户ID: 134
[2026-03-25 20:20:48] === C端提交任务接口调用开始 ===
[2026-03-25 20:20:48] 请求方法: POST
[2026-03-25 20:20:48] 请求IP: 127.0.0.1
[2026-03-25 20:20:48] 请求时间: 2026-03-25 20:20:48
[2026-03-25 20:20:48] 步骤1: 获取请求参数...
[2026-03-25 20:20:48] 请求参数: b_task_id=286, record_id=136
[2026-03-25 20:20:48] 步骤2: 查询任务记录，记录ID: 136, 任务ID: 286
[2026-03-25 20:20:48] 任务记录查询成功，记录ID: 136, 状态: 1
[2026-03-25 20:20:48] 步骤3: 校验是否是当前用户的任务，任务用户ID: 134, 当前用户ID: 134
[2026-03-25 20:20:48] 校验通过，是当前用户的任务
[2026-03-25 20:20:48] 步骤4: 校验任务状态，当前状态: 1
[2026-03-25 20:20:48] 任务状态校验通过，状态为进行中
[2026-03-25 20:20:48] 步骤5: 校验是否超时
[2026-03-25 20:20:48] 任务未超时，继续处理
[2026-03-25 20:20:48] 步骤6: 查询或创建当日统计记录，用户ID: 134
[2026-03-25 20:20:48] 当日统计记录创建成功，ID: 63
[2026-03-25 20:20:48] 步骤7: 开启事务
[2026-03-25 20:20:48] 事务开启成功
[2026-03-25 20:20:48] 步骤8: 更新任务记录，记录ID: 136
[2026-03-25 20:20:48] 任务记录状态更新为待审核，记录ID: 136
[2026-03-25 20:20:48] 步骤 9: 更新 B 端任务统计，任务 ID: 286
[2026-03-25 20:20:48] 任务类型：普通任务
[2026-03-25 20:20:48] 查询普通任务当前 task_doing 值
[2026-03-25 20:20:48] 当前 task_doing=1, 更新为=0
[2026-03-25 20:20:48] 更新普通任务统计：task_doing=0, task_reviewing + 1
[2026-03-25 20:20:48] B 端任务统计更新成功
[2026-03-25 20:20:48] 步骤10: 提交事务
[2026-03-25 20:20:48] 事务提交成功
[2026-03-25 20:20:48] 任务提交成功，记录ID: 136, 用户ID: 134
[2026-03-25 20:32:09] === C端提交任务接口调用开始 ===
[2026-03-25 20:32:09] 请求方法: POST
[2026-03-25 20:32:09] 请求IP: 127.0.0.1
[2026-03-25 20:32:09] 请求时间: 2026-03-25 20:32:09
[2026-03-25 20:32:09] 步骤1: 获取请求参数...
[2026-03-25 20:32:09] 请求参数: b_task_id=250, record_id=137
[2026-03-25 20:32:09] 步骤2: 查询任务记录，记录ID: 137, 任务ID: 250
[2026-03-25 20:32:09] 任务记录查询成功，记录ID: 137, 状态: 1
[2026-03-25 20:32:09] 步骤3: 校验是否是当前用户的任务，任务用户ID: 138, 当前用户ID: 138
[2026-03-25 20:32:09] 校验通过，是当前用户的任务
[2026-03-25 20:32:09] 步骤4: 校验任务状态，当前状态: 1
[2026-03-25 20:32:09] 任务状态校验通过，状态为进行中
[2026-03-25 20:32:09] 步骤5: 校验是否超时
[2026-03-25 20:32:09] 任务未超时，继续处理
[2026-03-25 20:32:09] 步骤6: 查询或创建当日统计记录，用户ID: 138
[2026-03-25 20:32:09] 当日统计记录创建成功，ID: 78
[2026-03-25 20:32:09] 步骤7: 开启事务
[2026-03-25 20:32:09] 事务开启成功
[2026-03-25 20:32:09] 步骤8: 更新任务记录，记录ID: 137
[2026-03-25 20:32:09] 任务记录状态更新为待审核，记录ID: 137
[2026-03-25 20:32:09] 步骤 9: 更新 B 端任务统计，任务 ID: 250
[2026-03-25 20:32:09] 任务类型：新手任务
[2026-03-25 20:32:09] 查询新手任务当前 task_doing 值
[2026-03-25 20:32:09] 当前 task_doing=1, 更新为=0
[2026-03-25 20:32:09] 更新新手任务统计：task_doing=0, task_reviewing + 1
[2026-03-25 20:32:09] B 端任务统计更新成功
[2026-03-25 20:32:09] 步骤10: 提交事务
[2026-03-25 20:32:09] 事务提交成功
[2026-03-25 20:32:09] 任务提交成功，记录ID: 137, 用户ID: 138
[2026-03-25 20:35:00] === C端提交任务接口调用开始 ===
[2026-03-25 20:35:00] 请求方法: POST
[2026-03-25 20:35:00] 请求IP: 127.0.0.1
[2026-03-25 20:35:00] 请求时间: 2026-03-25 20:35:00
[2026-03-25 20:35:00] 步骤1: 获取请求参数...
[2026-03-25 20:35:00] 请求参数: b_task_id=251, record_id=138
[2026-03-25 20:35:00] 步骤2: 查询任务记录，记录ID: 138, 任务ID: 251
[2026-03-25 20:35:00] 任务记录查询成功，记录ID: 138, 状态: 1
[2026-03-25 20:35:00] 步骤3: 校验是否是当前用户的任务，任务用户ID: 143, 当前用户ID: 143
[2026-03-25 20:35:00] 校验通过，是当前用户的任务
[2026-03-25 20:35:00] 步骤4: 校验任务状态，当前状态: 1
[2026-03-25 20:35:00] 任务状态校验通过，状态为进行中
[2026-03-25 20:35:00] 步骤5: 校验是否超时
[2026-03-25 20:35:00] 任务未超时，继续处理
[2026-03-25 20:35:00] 步骤6: 查询或创建当日统计记录，用户ID: 143
[2026-03-25 20:35:00] 当日统计记录创建成功，ID: 84
[2026-03-25 20:35:00] 步骤7: 开启事务
[2026-03-25 20:35:00] 事务开启成功
[2026-03-25 20:35:00] 步骤8: 更新任务记录，记录ID: 138
[2026-03-25 20:35:00] 任务记录状态更新为待审核，记录ID: 138
[2026-03-25 20:35:00] 步骤 9: 更新 B 端任务统计，任务 ID: 251
[2026-03-25 20:35:00] 任务类型：新手任务
[2026-03-25 20:35:00] 查询新手任务当前 task_doing 值
[2026-03-25 20:35:00] 当前 task_doing=1, 更新为=0
[2026-03-25 20:35:00] 更新新手任务统计：task_doing=0, task_reviewing + 1
[2026-03-25 20:35:00] B 端任务统计更新成功
[2026-03-25 20:35:00] 步骤10: 提交事务
[2026-03-25 20:35:00] 事务提交成功
[2026-03-25 20:35:00] 任务提交成功，记录ID: 138, 用户ID: 143
[2026-03-25 20:36:53] === C端提交任务接口调用开始 ===
[2026-03-25 20:36:53] 请求方法: POST
[2026-03-25 20:36:53] 请求IP: 127.0.0.1
[2026-03-25 20:36:53] 请求时间: 2026-03-25 20:36:53
[2026-03-25 20:36:53] 步骤1: 获取请求参数...
[2026-03-25 20:36:53] 请求参数: b_task_id=252, record_id=139
[2026-03-25 20:36:53] 步骤2: 查询任务记录，记录ID: 139, 任务ID: 252
[2026-03-25 20:36:53] 任务记录查询成功，记录ID: 139, 状态: 1
[2026-03-25 20:36:53] 步骤3: 校验是否是当前用户的任务，任务用户ID: 144, 当前用户ID: 144
[2026-03-25 20:36:53] 校验通过，是当前用户的任务
[2026-03-25 20:36:53] 步骤4: 校验任务状态，当前状态: 1
[2026-03-25 20:36:53] 任务状态校验通过，状态为进行中
[2026-03-25 20:36:53] 步骤5: 校验是否超时
[2026-03-25 20:36:53] 任务未超时，继续处理
[2026-03-25 20:36:53] 步骤6: 查询或创建当日统计记录，用户ID: 144
[2026-03-25 20:36:53] 当日统计记录创建成功，ID: 86
[2026-03-25 20:36:53] 步骤7: 开启事务
[2026-03-25 20:36:53] 事务开启成功
[2026-03-25 20:36:53] 步骤8: 更新任务记录，记录ID: 139
[2026-03-25 20:36:53] 任务记录状态更新为待审核，记录ID: 139
[2026-03-25 20:36:53] 步骤 9: 更新 B 端任务统计，任务 ID: 252
[2026-03-25 20:36:53] 任务类型：新手任务
[2026-03-25 20:36:53] 查询新手任务当前 task_doing 值
[2026-03-25 20:36:53] 当前 task_doing=1, 更新为=0
[2026-03-25 20:36:53] 更新新手任务统计：task_doing=0, task_reviewing + 1
[2026-03-25 20:36:53] B 端任务统计更新成功
[2026-03-25 20:36:53] 步骤10: 提交事务
[2026-03-25 20:36:53] 事务提交成功
[2026-03-25 20:36:53] 任务提交成功，记录ID: 139, 用户ID: 144
[2026-03-25 21:00:48] === C端提交任务接口调用开始 ===
[2026-03-25 21:00:48] 请求方法: POST
[2026-03-25 21:00:48] 请求IP: 127.0.0.1
[2026-03-25 21:00:48] 请求时间: 2026-03-25 21:00:48
[2026-03-25 21:00:48] 步骤1: 获取请求参数...
[2026-03-25 21:00:48] 请求参数: b_task_id=253, record_id=140
[2026-03-25 21:00:48] 步骤2: 查询任务记录，记录ID: 140, 任务ID: 253
[2026-03-25 21:00:48] 任务记录查询成功，记录ID: 140, 状态: 1
[2026-03-25 21:00:48] 步骤3: 校验是否是当前用户的任务，任务用户ID: 145, 当前用户ID: 145
[2026-03-25 21:00:48] 校验通过，是当前用户的任务
[2026-03-25 21:00:48] 步骤4: 校验任务状态，当前状态: 1
[2026-03-25 21:00:48] 任务状态校验通过，状态为进行中
[2026-03-25 21:00:48] 步骤5: 校验是否超时
[2026-03-25 21:00:48] 任务未超时，继续处理
[2026-03-25 21:00:48] 步骤6: 查询或创建当日统计记录，用户ID: 145
[2026-03-25 21:00:48] 当日统计记录创建成功，ID: 88
[2026-03-25 21:00:48] 步骤7: 开启事务
[2026-03-25 21:00:48] 事务开启成功
[2026-03-25 21:00:48] 步骤8: 更新任务记录，记录ID: 140
[2026-03-25 21:00:48] 任务记录状态更新为待审核，记录ID: 140
[2026-03-25 21:00:48] 步骤 9: 更新 B 端任务统计，任务 ID: 253
[2026-03-25 21:00:48] 任务类型：新手任务
[2026-03-25 21:00:48] 查询新手任务当前 task_doing 值
[2026-03-25 21:00:48] 当前 task_doing=1, 更新为=0
[2026-03-25 21:00:48] 更新新手任务统计：task_doing=0, task_reviewing + 1
[2026-03-25 21:00:48] B 端任务统计更新成功
[2026-03-25 21:00:48] 步骤10: 提交事务
[2026-03-25 21:00:48] 事务提交成功
[2026-03-25 21:00:48] 任务提交成功，记录ID: 140, 用户ID: 145
[2026-03-25 21:06:05] === C端提交任务接口调用开始 ===
[2026-03-25 21:06:05] 请求方法: POST
[2026-03-25 21:06:05] 请求IP: 127.0.0.1
[2026-03-25 21:06:05] 请求时间: 2026-03-25 21:06:05
[2026-03-25 21:06:05] 步骤1: 获取请求参数...
[2026-03-25 21:06:05] 请求参数: b_task_id=254, record_id=141
[2026-03-25 21:06:05] 步骤2: 查询任务记录，记录ID: 141, 任务ID: 254
[2026-03-25 21:06:05] 任务记录查询成功，记录ID: 141, 状态: 1
[2026-03-25 21:06:05] 步骤3: 校验是否是当前用户的任务，任务用户ID: 145, 当前用户ID: 145
[2026-03-25 21:06:05] 校验通过，是当前用户的任务
[2026-03-25 21:06:05] 步骤4: 校验任务状态，当前状态: 1
[2026-03-25 21:06:05] 任务状态校验通过，状态为进行中
[2026-03-25 21:06:05] 步骤5: 校验是否超时
[2026-03-25 21:06:05] 任务未超时，继续处理
[2026-03-25 21:06:05] 步骤6: 查询或创建当日统计记录，用户ID: 145
[2026-03-25 21:06:05] 当日统计记录创建成功，ID: 88
[2026-03-25 21:06:05] 步骤7: 开启事务
[2026-03-25 21:06:05] 事务开启成功
[2026-03-25 21:06:05] 步骤8: 更新任务记录，记录ID: 141
[2026-03-25 21:06:05] 任务记录状态更新为待审核，记录ID: 141
[2026-03-25 21:06:05] 步骤 9: 更新 B 端任务统计，任务 ID: 254
[2026-03-25 21:06:05] 任务类型：新手任务
[2026-03-25 21:06:05] 查询新手任务当前 task_doing 值
[2026-03-25 21:06:05] 当前 task_doing=1, 更新为=0
[2026-03-25 21:06:05] 更新新手任务统计：task_doing=0, task_reviewing + 1
[2026-03-25 21:06:05] B 端任务统计更新成功
[2026-03-25 21:06:05] 步骤10: 提交事务
[2026-03-25 21:06:05] 事务提交成功
[2026-03-25 21:06:05] 任务提交成功，记录ID: 141, 用户ID: 145
[2026-03-25 21:19:28] === C端提交任务接口调用开始 ===
[2026-03-25 21:19:28] 请求方法: POST
[2026-03-25 21:19:28] 请求IP: 127.0.0.1
[2026-03-25 21:19:28] 请求时间: 2026-03-25 21:19:28
[2026-03-25 21:19:28] 步骤1: 获取请求参数...
[2026-03-25 21:19:28] 请求参数: b_task_id=255, record_id=142
[2026-03-25 21:19:28] 步骤2: 查询任务记录，记录ID: 142, 任务ID: 255
[2026-03-25 21:19:28] 任务记录查询成功，记录ID: 142, 状态: 1
[2026-03-25 21:19:28] 步骤3: 校验是否是当前用户的任务，任务用户ID: 150, 当前用户ID: 150
[2026-03-25 21:19:28] 校验通过，是当前用户的任务
[2026-03-25 21:19:28] 步骤4: 校验任务状态，当前状态: 1
[2026-03-25 21:19:28] 任务状态校验通过，状态为进行中
[2026-03-25 21:19:28] 步骤5: 校验是否超时
[2026-03-25 21:19:28] 任务未超时，继续处理
[2026-03-25 21:19:28] 步骤6: 查询或创建当日统计记录，用户ID: 150
[2026-03-25 21:19:28] 当日统计记录创建成功，ID: 93
[2026-03-25 21:19:28] 步骤7: 开启事务
[2026-03-25 21:19:28] 事务开启成功
[2026-03-25 21:19:28] 步骤8: 更新任务记录，记录ID: 142
[2026-03-25 21:19:28] 任务记录状态更新为待审核，记录ID: 142
[2026-03-25 21:19:28] 步骤 9: 更新 B 端任务统计，任务 ID: 255
[2026-03-25 21:19:28] 任务类型：新手任务
[2026-03-25 21:19:28] 查询新手任务当前 task_doing 值
[2026-03-25 21:19:28] 当前 task_doing=1, 更新为=0
[2026-03-25 21:19:28] 更新新手任务统计：task_doing=0, task_reviewing + 1
[2026-03-25 21:19:28] B 端任务统计更新成功
[2026-03-25 21:19:28] 步骤10: 提交事务
[2026-03-25 21:19:28] 事务提交成功
[2026-03-25 21:19:28] 任务提交成功，记录ID: 142, 用户ID: 150
[2026-03-25 21:22:31] === C端提交任务接口调用开始 ===
[2026-03-25 21:22:31] 请求方法: POST
[2026-03-25 21:22:31] 请求IP: 127.0.0.1
[2026-03-25 21:22:31] 请求时间: 2026-03-25 21:22:31
[2026-03-25 21:22:31] 步骤1: 获取请求参数...
[2026-03-25 21:22:31] 请求参数: b_task_id=285, record_id=143
[2026-03-25 21:22:31] 步骤2: 查询任务记录，记录ID: 143, 任务ID: 285
[2026-03-25 21:22:31] 任务记录查询成功，记录ID: 143, 状态: 1
[2026-03-25 21:22:31] 步骤3: 校验是否是当前用户的任务，任务用户ID: 134, 当前用户ID: 134
[2026-03-25 21:22:31] 校验通过，是当前用户的任务
[2026-03-25 21:22:31] 步骤4: 校验任务状态，当前状态: 1
[2026-03-25 21:22:31] 任务状态校验通过，状态为进行中
[2026-03-25 21:22:31] 步骤5: 校验是否超时
[2026-03-25 21:22:31] 任务未超时，继续处理
[2026-03-25 21:22:31] 步骤6: 查询或创建当日统计记录，用户ID: 134
[2026-03-25 21:22:31] 当日统计记录创建成功，ID: 63
[2026-03-25 21:22:31] 步骤7: 开启事务
[2026-03-25 21:22:31] 事务开启成功
[2026-03-25 21:22:31] 步骤8: 更新任务记录，记录ID: 143
[2026-03-25 21:22:31] 任务记录状态更新为待审核，记录ID: 143
[2026-03-25 21:22:31] 步骤 9: 更新 B 端任务统计，任务 ID: 285
[2026-03-25 21:22:31] 任务类型：普通任务
[2026-03-25 21:22:31] 查询普通任务当前 task_doing 值
[2026-03-25 21:22:31] 当前 task_doing=1, 更新为=0
[2026-03-25 21:22:31] 更新普通任务统计：task_doing=0, task_reviewing + 1
[2026-03-25 21:22:31] B 端任务统计更新成功
[2026-03-25 21:22:31] 步骤10: 提交事务
[2026-03-25 21:22:31] 事务提交成功
[2026-03-25 21:22:31] 任务提交成功，记录ID: 143, 用户ID: 134
[2026-03-25 22:22:38] === C端提交任务接口调用开始 ===
[2026-03-25 22:22:38] 请求方法: POST
[2026-03-25 22:22:38] 请求IP: 127.0.0.1
[2026-03-25 22:22:38] 请求时间: 2026-03-25 22:22:38
[2026-03-25 22:22:38] 步骤1: 获取请求参数...
[2026-03-25 22:22:38] 请求参数: b_task_id=287, record_id=144
[2026-03-25 22:22:38] 步骤2: 查询任务记录，记录ID: 144, 任务ID: 287
[2026-03-25 22:22:38] 任务记录查询成功，记录ID: 144, 状态: 1
[2026-03-25 22:22:38] 步骤3: 校验是否是当前用户的任务，任务用户ID: 134, 当前用户ID: 134
[2026-03-25 22:22:38] 校验通过，是当前用户的任务
[2026-03-25 22:22:38] 步骤4: 校验任务状态，当前状态: 1
[2026-03-25 22:22:38] 任务状态校验通过，状态为进行中
[2026-03-25 22:22:38] 步骤5: 校验是否超时
[2026-03-25 22:22:38] 任务未超时，继续处理
[2026-03-25 22:22:38] 步骤6: 查询或创建当日统计记录，用户ID: 134
[2026-03-25 22:22:38] 当日统计记录创建成功，ID: 63
[2026-03-25 22:22:38] 步骤7: 开启事务
[2026-03-25 22:22:38] 事务开启成功
[2026-03-25 22:22:38] 步骤8: 更新任务记录，记录ID: 144
[2026-03-25 22:22:38] 任务记录状态更新为待审核，记录ID: 144
[2026-03-25 22:22:38] 步骤 9: 更新 B 端任务统计，任务 ID: 287
[2026-03-25 22:22:38] 任务类型：普通任务
[2026-03-25 22:22:38] 查询普通任务当前 task_doing 值
[2026-03-25 22:22:38] 当前 task_doing=1, 更新为=0
[2026-03-25 22:22:38] 更新普通任务统计：task_doing=0, task_reviewing + 1
[2026-03-25 22:22:38] B 端任务统计更新成功
[2026-03-25 22:22:38] 步骤10: 提交事务
[2026-03-25 22:22:38] 事务提交成功
[2026-03-25 22:22:38] 任务提交成功，记录ID: 144, 用户ID: 134
[2026-03-25 22:31:20] === C端提交任务接口调用开始 ===
[2026-03-25 22:31:20] 请求方法: POST
[2026-03-25 22:31:20] 请求IP: 127.0.0.1
[2026-03-25 22:31:20] 请求时间: 2026-03-25 22:31:20
[2026-03-25 22:31:20] 步骤1: 获取请求参数...
[2026-03-25 22:31:20] 请求参数: b_task_id=288, record_id=145
[2026-03-25 22:31:20] 步骤2: 查询任务记录，记录ID: 145, 任务ID: 288
[2026-03-25 22:31:20] 任务记录查询成功，记录ID: 145, 状态: 1
[2026-03-25 22:31:20] 步骤3: 校验是否是当前用户的任务，任务用户ID: 134, 当前用户ID: 134
[2026-03-25 22:31:20] 校验通过，是当前用户的任务
[2026-03-25 22:31:20] 步骤4: 校验任务状态，当前状态: 1
[2026-03-25 22:31:20] 任务状态校验通过，状态为进行中
[2026-03-25 22:31:20] 步骤5: 校验是否超时
[2026-03-25 22:31:20] 任务未超时，继续处理
[2026-03-25 22:31:20] 步骤6: 查询或创建当日统计记录，用户ID: 134
[2026-03-25 22:31:20] 当日统计记录创建成功，ID: 63
[2026-03-25 22:31:20] 步骤7: 开启事务
[2026-03-25 22:31:20] 事务开启成功
[2026-03-25 22:31:20] 步骤8: 更新任务记录，记录ID: 145
[2026-03-25 22:31:20] 任务记录状态更新为待审核，记录ID: 145
[2026-03-25 22:31:20] 步骤 9: 更新 B 端任务统计，任务 ID: 288
[2026-03-25 22:31:20] 任务类型：普通任务
[2026-03-25 22:31:20] 查询普通任务当前 task_doing 值
[2026-03-25 22:31:20] 当前 task_doing=1, 更新为=0
[2026-03-25 22:31:20] 更新普通任务统计：task_doing=0, task_reviewing + 1
[2026-03-25 22:31:20] B 端任务统计更新成功
[2026-03-25 22:31:20] 步骤10: 提交事务
[2026-03-25 22:31:20] 事务提交成功
[2026-03-25 22:31:20] 任务提交成功，记录ID: 145, 用户ID: 134
[2026-03-25 22:33:57] === C端提交任务接口调用开始 ===
[2026-03-25 22:33:57] 请求方法: POST
[2026-03-25 22:33:57] 请求IP: 127.0.0.1
[2026-03-25 22:33:57] 请求时间: 2026-03-25 22:33:57
[2026-03-25 22:33:57] 步骤1: 获取请求参数...
[2026-03-25 22:33:57] 请求参数: b_task_id=256, record_id=146
[2026-03-25 22:33:57] 步骤2: 查询任务记录，记录ID: 146, 任务ID: 256
[2026-03-25 22:33:57] 任务记录查询成功，记录ID: 146, 状态: 1
[2026-03-25 22:33:57] 步骤3: 校验是否是当前用户的任务，任务用户ID: 150, 当前用户ID: 150
[2026-03-25 22:33:57] 校验通过，是当前用户的任务
[2026-03-25 22:33:57] 步骤4: 校验任务状态，当前状态: 1
[2026-03-25 22:33:57] 任务状态校验通过，状态为进行中
[2026-03-25 22:33:57] 步骤5: 校验是否超时
[2026-03-25 22:33:57] 任务未超时，继续处理
[2026-03-25 22:33:57] 步骤6: 查询或创建当日统计记录，用户ID: 150
[2026-03-25 22:33:57] 当日统计记录创建成功，ID: 93
[2026-03-25 22:33:57] 步骤7: 开启事务
[2026-03-25 22:33:57] 事务开启成功
[2026-03-25 22:33:57] 步骤8: 更新任务记录，记录ID: 146
[2026-03-25 22:33:57] 任务记录状态更新为待审核，记录ID: 146
[2026-03-25 22:33:57] 步骤 9: 更新 B 端任务统计，任务 ID: 256
[2026-03-25 22:33:57] 任务类型：新手任务
[2026-03-25 22:33:57] 查询新手任务当前 task_doing 值
[2026-03-25 22:33:57] 当前 task_doing=1, 更新为=0
[2026-03-25 22:33:57] 更新新手任务统计：task_doing=0, task_reviewing + 1
[2026-03-25 22:33:57] B 端任务统计更新成功
[2026-03-25 22:33:57] 步骤10: 提交事务
[2026-03-25 22:33:57] 事务提交成功
[2026-03-25 22:33:57] 任务提交成功，记录ID: 146, 用户ID: 150
[2026-03-25 22:54:25] === C端提交任务接口调用开始 ===
[2026-03-25 22:54:25] 请求方法: POST
[2026-03-25 22:54:25] 请求IP: 127.0.0.1
[2026-03-25 22:54:25] 请求时间: 2026-03-25 22:54:25
[2026-03-25 22:54:25] 步骤1: 获取请求参数...
[2026-03-25 22:54:25] 请求参数: b_task_id=289, record_id=147
[2026-03-25 22:54:25] 步骤2: 查询任务记录，记录ID: 147, 任务ID: 289
[2026-03-25 22:54:25] 任务记录查询成功，记录ID: 147, 状态: 1
[2026-03-25 22:54:25] 步骤3: 校验是否是当前用户的任务，任务用户ID: 150, 当前用户ID: 150
[2026-03-25 22:54:25] 校验通过，是当前用户的任务
[2026-03-25 22:54:25] 步骤4: 校验任务状态，当前状态: 1
[2026-03-25 22:54:25] 任务状态校验通过，状态为进行中
[2026-03-25 22:54:25] 步骤5: 校验是否超时
[2026-03-25 22:54:25] 任务未超时，继续处理
[2026-03-25 22:54:25] 步骤6: 查询或创建当日统计记录，用户ID: 150
[2026-03-25 22:54:25] 当日统计记录创建成功，ID: 93
[2026-03-25 22:54:25] 步骤7: 开启事务
[2026-03-25 22:54:25] 事务开启成功
[2026-03-25 22:54:25] 步骤8: 更新任务记录，记录ID: 147
[2026-03-25 22:54:25] 任务记录状态更新为待审核，记录ID: 147
[2026-03-25 22:54:25] 步骤 9: 更新 B 端任务统计，任务 ID: 289
[2026-03-25 22:54:25] 任务类型：普通任务
[2026-03-25 22:54:25] 查询普通任务当前 task_doing 值
[2026-03-25 22:54:25] 当前 task_doing=1, 更新为=0
[2026-03-25 22:54:25] 更新普通任务统计：task_doing=0, task_reviewing + 1
[2026-03-25 22:54:25] B 端任务统计更新成功
[2026-03-25 22:54:25] 步骤10: 提交事务
[2026-03-25 22:54:25] 事务提交成功
[2026-03-25 22:54:25] 任务提交成功，记录ID: 147, 用户ID: 150
[2026-03-26 21:34:12] === C端提交任务接口调用开始 ===
[2026-03-26 21:34:12] 请求方法: POST
[2026-03-26 21:34:12] 请求IP: 127.0.0.1
[2026-03-26 21:34:12] 请求时间: 2026-03-26 21:34:12
[2026-03-26 21:34:12] 步骤1: 获取请求参数...
[2026-03-26 21:34:12] 请求参数: b_task_id=289, record_id=148
[2026-03-26 21:34:12] 步骤2: 查询任务记录，记录ID: 148, 任务ID: 289
[2026-03-26 21:34:12] 任务记录查询成功，记录ID: 148, 状态: 1
[2026-03-26 21:34:12] 步骤3: 校验是否是当前用户的任务，任务用户ID: 134, 当前用户ID: 134
[2026-03-26 21:34:12] 校验通过，是当前用户的任务
[2026-03-26 21:34:12] 步骤4: 校验任务状态，当前状态: 1
[2026-03-26 21:34:12] 任务状态校验通过，状态为进行中
[2026-03-26 21:34:12] 步骤5: 校验是否超时
[2026-03-26 21:34:12] 任务未超时，继续处理
[2026-03-26 21:34:12] 步骤6: 查询或创建当日统计记录，用户ID: 134
[2026-03-26 21:34:12] 当日统计记录创建成功，ID: 102
[2026-03-26 21:34:12] 步骤7: 开启事务
[2026-03-26 21:34:12] 事务开启成功
[2026-03-26 21:34:12] 步骤8: 更新任务记录，记录ID: 148
[2026-03-26 21:34:12] 任务记录状态更新为待审核，记录ID: 148
[2026-03-26 21:34:12] 步骤 9: 更新 B 端任务统计，任务 ID: 289
[2026-03-26 21:34:12] 任务类型：普通任务
[2026-03-26 21:34:12] 查询普通任务当前 task_doing 值
[2026-03-26 21:34:12] 当前 task_doing=1, 更新为=0
[2026-03-26 21:34:12] 更新普通任务统计：task_doing=0, task_reviewing + 1
[2026-03-26 21:34:12] B 端任务统计更新成功
[2026-03-26 21:34:12] 步骤10: 提交事务
[2026-03-26 21:34:12] 事务提交成功
[2026-03-26 21:34:12] 任务提交成功，记录ID: 148, 用户ID: 134
