请求示例：
GET /api/b/v1/statistics/index.php HTTP/1.1
Host: localhost:8000
X-Token: eyJ1c2VyX2lkIjozLCJ0eXBlIjoyLCJleHAiOjE3NzM5NzM1MTV9
User-Agent: Apifox/1.0.0 (https://apifox.com)
Accept: */*
Host: localhost:8000
Connection: keep-alive

响应数据：
{
    "code": 0,
    "message": "获取统计数据成功",
    "data": {
        "task_stats": {
            "total": 42,
            "magnifier_total": 8,
            "by_type": {
                "normal": 42,
                "magnifier": 0,
                "combo": 0
            },
            "by_status": {
                "published": 5,
                "ongoing": 3,
                "completed": 34,
                "cancelled": 0
            },
            "by_task_types": [
                {
                    "task_types": 1,
                    "task_types_text": "上评评论",
                    "count": 1
                },
                {
                    "task_types": 3,
                    "task_types_text": "放大镜搜索词",
                    "count": 1
                }
            ]
        },
        "financial_stats": {
            "total_recharge": 220000,
            "total_recharge_yuan": "2,200.00",
            "total_expenditure": 54800,
            "total_expenditure_yuan": "548.00",
            "total_income": 0,
            "total_income_yuan": "0.00",
            "current_balance": 165200,
            "current_balance_yuan": "1,652.00",
            "today_expenditure": 2600,
            "today_expenditure_yuan": "26.00",
            "today_recharge": 0,
            "today_recharge_yuan": "0.00"
        },
        "transaction_stats": {
            "total_transactions": 59,
            "recharge_count": 7,
            "task_publish_count": 48,
            "rental_freeze_count": 4
        },
        "rental_stats": {
            "order_count": 4,
            "expenditure": 32000,
            "expenditure_yuan": "320.00"
        },
        "period_stats": {
            "today": {
                "date": "2026-03-13",
                "expenditure": 2600,
                "expenditure_yuan": "26.00",
                "recharge": 0,
                "recharge_yuan": "0.00",
                "tasks": 2,
                "magnifier_tasks": 2
            },
            "seven_days": [
                {
                    "date": "2026-03-07",
                    "expenditure": 7300,
                    "expenditure_yuan": "73.00",
                    "recharge": 0,
                    "recharge_yuan": "0.00",
                    "tasks": 16,
                    "magnifier_tasks": 1
                },
                {
                    "date": "2026-03-08",
                    "expenditure": 0,
                    "expenditure_yuan": "0.00",
                    "recharge": 0,
                    "recharge_yuan": "0.00",
                    "tasks": 0,
                    "magnifier_tasks": 0
                },
                {
                    "date": "2026-03-09",
                    "expenditure": 0,
                    "expenditure_yuan": "0.00",
                    "recharge": 20000,
                    "recharge_yuan": "200.00",
                    "tasks": 0,
                    "magnifier_tasks": 0
                },
                {
                    "date": "2026-03-10",
                    "expenditure": 0,
                    "expenditure_yuan": "0.00",
                    "recharge": 0,
                    "recharge_yuan": "0.00",
                    "tasks": 0,
                    "magnifier_tasks": 0
                },
                {
                    "date": "2026-03-11",
                    "expenditure": 1300,
                    "expenditure_yuan": "13.00",
                    "recharge": 0,
                    "recharge_yuan": "0.00",
                    "tasks": 1,
                    "magnifier_tasks": 1
                },
                {
                    "date": "2026-03-12",
                    "expenditure": 6500,
                    "expenditure_yuan": "65.00",
                    "recharge": 0,
                    "recharge_yuan": "0.00",
                    "tasks": 15,
                    "magnifier_tasks": 2
                },
                {
                    "date": "2026-03-13",
                    "expenditure": 2600,
                    "expenditure_yuan": "26.00",
                    "recharge": 0,
                    "recharge_yuan": "0.00",
                    "tasks": 2,
                    "magnifier_tasks": 2
                }
            ],
            "thirty_days": [
                {
                    "date": "2026-02-12",
                    "expenditure": 0,
                    "expenditure_yuan": "0.00",
                    "recharge": 0,
                    "recharge_yuan": "0.00",
                    "tasks": 0,
                    "magnifier_tasks": 0
                },
                {
                    "date": "2026-02-13",
                    "expenditure": 0,
                    "expenditure_yuan": "0.00",
                    "recharge": 0,
                    "recharge_yuan": "0.00",
                    "tasks": 0,
                    "magnifier_tasks": 0
                },
                {
                    "date": "2026-02-14",
                    "expenditure": 0,
                    "expenditure_yuan": "0.00",
                    "recharge": 0,
                    "recharge_yuan": "0.00",
                    "tasks": 0,
                    "magnifier_tasks": 0
                },
                {
                    "date": "2026-02-15",
                    "expenditure": 0,
                    "expenditure_yuan": "0.00",
                    "recharge": 0,
                    "recharge_yuan": "0.00",
                    "tasks": 0,
                    "magnifier_tasks": 0
                },
                {
                    "date": "2026-02-16",
                    "expenditure": 0,
                    "expenditure_yuan": "0.00",
                    "recharge": 0,
                    "recharge_yuan": "0.00",
                    "tasks": 0,
                    "magnifier_tasks": 0
                },
                {
                    "date": "2026-02-17",
                    "expenditure": 0,
                    "expenditure_yuan": "0.00",
                    "recharge": 0,
                    "recharge_yuan": "0.00",
                    "tasks": 0,
                    "magnifier_tasks": 0
                },
                {
                    "date": "2026-02-18",
                    "expenditure": 0,
                    "expenditure_yuan": "0.00",
                    "recharge": 0,
                    "recharge_yuan": "0.00",
                    "tasks": 0,
                    "magnifier_tasks": 0
                },
                {
                    "date": "2026-02-19",
                    "expenditure": 0,
                    "expenditure_yuan": "0.00",
                    "recharge": 0,
                    "recharge_yuan": "0.00",
                    "tasks": 0,
                    "magnifier_tasks": 0
                },
                {
                    "date": "2026-02-20",
                    "expenditure": 0,
                    "expenditure_yuan": "0.00",
                    "recharge": 0,
                    "recharge_yuan": "0.00",
                    "tasks": 0,
                    "magnifier_tasks": 0
                },
                {
                    "date": "2026-02-21",
                    "expenditure": 0,
                    "expenditure_yuan": "0.00",
                    "recharge": 0,
                    "recharge_yuan": "0.00",
                    "tasks": 0,
                    "magnifier_tasks": 0
                },
                {
                    "date": "2026-02-22",
                    "expenditure": 0,
                    "expenditure_yuan": "0.00",
                    "recharge": 0,
                    "recharge_yuan": "0.00",
                    "tasks": 0,
                    "magnifier_tasks": 0
                },
                {
                    "date": "2026-02-23",
                    "expenditure": 0,
                    "expenditure_yuan": "0.00",
                    "recharge": 0,
                    "recharge_yuan": "0.00",
                    "tasks": 0,
                    "magnifier_tasks": 0
                },
                {
                    "date": "2026-02-24",
                    "expenditure": 0,
                    "expenditure_yuan": "0.00",
                    "recharge": 0,
                    "recharge_yuan": "0.00",
                    "tasks": 0,
                    "magnifier_tasks": 0
                },
                {
                    "date": "2026-02-25",
                    "expenditure": 0,
                    "expenditure_yuan": "0.00",
                    "recharge": 0,
                    "recharge_yuan": "0.00",
                    "tasks": 0,
                    "magnifier_tasks": 0
                },
                {
                    "date": "2026-02-26",
                    "expenditure": 0,
                    "expenditure_yuan": "0.00",
                    "recharge": 0,
                    "recharge_yuan": "0.00",
                    "tasks": 0,
                    "magnifier_tasks": 0
                },
                {
                    "date": "2026-02-27",
                    "expenditure": 0,
                    "expenditure_yuan": "0.00",
                    "recharge": 0,
                    "recharge_yuan": "0.00",
                    "tasks": 0,
                    "magnifier_tasks": 0
                },
                {
                    "date": "2026-02-28",
                    "expenditure": 0,
                    "expenditure_yuan": "0.00",
                    "recharge": 0,
                    "recharge_yuan": "0.00",
                    "tasks": 0,
                    "magnifier_tasks": 0
                },
                {
                    "date": "2026-03-01",
                    "expenditure": 10000,
                    "expenditure_yuan": "100.00",
                    "recharge": 200000,
                    "recharge_yuan": "2,000.00",
                    "tasks": 0,
                    "magnifier_tasks": 0
                },
                {
                    "date": "2026-03-02",
                    "expenditure": 0,
                    "expenditure_yuan": "0.00",
                    "recharge": 0,
                    "recharge_yuan": "0.00",
                    "tasks": 0,
                    "magnifier_tasks": 0
                },
                {
                    "date": "2026-03-03",
                    "expenditure": 23200,
                    "expenditure_yuan": "232.00",
                    "recharge": 0,
                    "recharge_yuan": "0.00",
                    "tasks": 3,
                    "magnifier_tasks": 0
                },
                {
                    "date": "2026-03-04",
                    "expenditure": 1500,
                    "expenditure_yuan": "15.00",
                    "recharge": 0,
                    "recharge_yuan": "0.00",
                    "tasks": 3,
                    "magnifier_tasks": 0
                },
                {
                    "date": "2026-03-05",
                    "expenditure": 900,
                    "expenditure_yuan": "9.00",
                    "recharge": 0,
                    "recharge_yuan": "0.00",
                    "tasks": 2,
                    "magnifier_tasks": 0
                },
                {
                    "date": "2026-03-06",
                    "expenditure": 1500,
                    "expenditure_yuan": "15.00",
                    "recharge": 0,
                    "recharge_yuan": "0.00",
                    "tasks": 0,
                    "magnifier_tasks": 2
                },
                {
                    "date": "2026-03-07",
                    "expenditure": 7300,
                    "expenditure_yuan": "73.00",
                    "recharge": 0,
                    "recharge_yuan": "0.00",
                    "tasks": 16,
                    "magnifier_tasks": 1
                },
                {
                    "date": "2026-03-08",
                    "expenditure": 0,
                    "expenditure_yuan": "0.00",
                    "recharge": 0,
                    "recharge_yuan": "0.00",
                    "tasks": 0,
                    "magnifier_tasks": 0
                },
                {
                    "date": "2026-03-09",
                    "expenditure": 0,
                    "expenditure_yuan": "0.00",
                    "recharge": 20000,
                    "recharge_yuan": "200.00",
                    "tasks": 0,
                    "magnifier_tasks": 0
                },
                {
                    "date": "2026-03-10",
                    "expenditure": 0,
                    "expenditure_yuan": "0.00",
                    "recharge": 0,
                    "recharge_yuan": "0.00",
                    "tasks": 0,
                    "magnifier_tasks": 0
                },
                {
                    "date": "2026-03-11",
                    "expenditure": 1300,
                    "expenditure_yuan": "13.00",
                    "recharge": 0,
                    "recharge_yuan": "0.00",
                    "tasks": 1,
                    "magnifier_tasks": 1
                },
                {
                    "date": "2026-03-12",
                    "expenditure": 6500,
                    "expenditure_yuan": "65.00",
                    "recharge": 0,
                    "recharge_yuan": "0.00",
                    "tasks": 15,
                    "magnifier_tasks": 2
                },
                {
                    "date": "2026-03-13",
                    "expenditure": 2600,
                    "expenditure_yuan": "26.00",
                    "recharge": 0,
                    "recharge_yuan": "0.00",
                    "tasks": 2,
                    "magnifier_tasks": 2
                }
            ]
        }
    },
    "timestamp": 1773372796
}