{
    "timestamp": "2026-03-23T21:25:12+08:00",
    "datetime": {
        "date": "2026-03-23 21:25:12.324815",
        "timezone_type": 3,
        "timezone": "Asia\/Shanghai"
    },
    "channel": "operation",
    "level": 20,
    "level_name": "INFO",
    "message": "定时任务执行",
    "context": {
        "script": "task_check.php",
        "pid": 17764,
        "action": "检查过期任务",
        "total": 5,
        "success": 3,
        "fail": 2
    },
    "extra": {
        "memory_usage": "2MB",
        "server": "sola",
        "file": "log_usage.php",
        "line": 76
    }
}
