{
    "timestamp": "2026-03-24T00:18:26+08:00",
    "datetime": {
        "date": "2026-03-24 00:18:26.660480",
        "timezone_type": 3,
        "timezone": "Asia\/Shanghai"
    },
    "channel": "request",
    "level": 20,
    "level_name": "INFO",
    "message": "=== B 端任务列表请求开始 ===",
    "context": {
        "method": "GET",
        "ip": "127.0.0.1",
        "uri": "\/api\/b\/v1\/tasks\/list?status=1"
    },
    "extra": {
        "memory_usage": "2MB",
        "server": "sola",
        "request_uri": "\/api\/b\/v1\/tasks\/list?status=1",
        "request_method": "GET",
        "file": "test_list_api_log_v2.php",
        "line": 36
    }
}
{
    "timestamp": "2026-03-24T00:18:26+08:00",
    "datetime": {
        "date": "2026-03-24 00:18:26.662432",
        "timezone_type": 3,
        "timezone": "Asia\/Shanghai"
    },
    "channel": "request",
    "level": 10,
    "level_name": "DEBUG",
    "message": "请求参数",
    "context": {
        "status": 1,
        "page": 1,
        "page_size": 20,
        "offset": 0
    },
    "extra": {
        "memory_usage": "2MB",
        "server": "sola",
        "request_uri": "\/api\/b\/v1\/tasks\/list?status=1",
        "request_method": "GET",
        "file": "test_list_api_log_v2.php",
        "line": 44
    }
}
{
    "timestamp": "2026-03-24T00:18:26+08:00",
    "datetime": {
        "date": "2026-03-24 00:18:26.662567",
        "timezone_type": 3,
        "timezone": "Asia\/Shanghai"
    },
    "channel": "request",
    "level": 20,
    "level_name": "INFO",
    "message": "任务列表获取成功",
    "context": {
        "total": 50,
        "page": 1,
        "page_size": 20,
        "returned_count": 20
    },
    "extra": {
        "memory_usage": "2MB",
        "server": "sola",
        "request_uri": "\/api\/b\/v1\/tasks\/list?status=1",
        "request_method": "GET",
        "file": "test_list_api_log_v2.php",
        "line": 53
    }
}
{
    "timestamp": "2026-03-24T00:18:55+08:00",
    "datetime": {
        "date": "2026-03-24 00:18:55.919299",
        "timezone_type": 3,
        "timezone": "Asia\/Shanghai"
    },
    "channel": "request",
    "level": 20,
    "level_name": "INFO",
    "message": "=== B 端任务列表请求开始 ===",
    "context": {
        "method": "GET",
        "ip": "127.0.0.1",
        "uri": "\/api\/b\/v1\/tasks\/list?status=1"
    },
    "extra": {
        "memory_usage": "2MB",
        "server": "sola",
        "request_uri": "\/api\/b\/v1\/tasks\/list?status=1",
        "request_method": "GET",
        "file": "test_list_api_log_v2.php",
        "line": 36
    }
}
{
    "timestamp": "2026-03-24T00:18:55+08:00",
    "datetime": {
        "date": "2026-03-24 00:18:55.921057",
        "timezone_type": 3,
        "timezone": "Asia\/Shanghai"
    },
    "channel": "request",
    "level": 10,
    "level_name": "DEBUG",
    "message": "请求参数",
    "context": {
        "status": 1,
        "page": 1,
        "page_size": 20,
        "offset": 0
    },
    "extra": {
        "memory_usage": "2MB",
        "server": "sola",
        "request_uri": "\/api\/b\/v1\/tasks\/list?status=1",
        "request_method": "GET",
        "file": "test_list_api_log_v2.php",
        "line": 44
    }
}
{
    "timestamp": "2026-03-24T00:18:55+08:00",
    "datetime": {
        "date": "2026-03-24 00:18:55.921193",
        "timezone_type": 3,
        "timezone": "Asia\/Shanghai"
    },
    "channel": "request",
    "level": 20,
    "level_name": "INFO",
    "message": "任务列表获取成功",
    "context": {
        "total": 50,
        "page": 1,
        "page_size": 20,
        "returned_count": 20
    },
    "extra": {
        "memory_usage": "2MB",
        "server": "sola",
        "request_uri": "\/api\/b\/v1\/tasks\/list?status=1",
        "request_method": "GET",
        "file": "test_list_api_log_v2.php",
        "line": 53
    }
}
{
    "timestamp": "2026-03-24T00:20:36+08:00",
    "datetime": {
        "date": "2026-03-24 00:20:36.019942",
        "timezone_type": 3,
        "timezone": "Asia\/Shanghai"
    },
    "channel": "request",
    "level": 20,
    "level_name": "INFO",
    "message": "=== B 端任务列表请求开始 ===",
    "context": {
        "method": "GET",
        "ip": "127.0.0.1",
        "uri": "\/api\/b\/v1\/tasks\/list?status=1"
    },
    "extra": {
        "memory_usage": "2MB",
        "server": "sola",
        "request_uri": "\/api\/b\/v1\/tasks\/list?status=1",
        "request_method": "GET",
        "file": "test_list_api_log_v2.php",
        "line": 36
    }
}
{
    "timestamp": "2026-03-24T00:20:36+08:00",
    "datetime": {
        "date": "2026-03-24 00:20:36.022000",
        "timezone_type": 3,
        "timezone": "Asia\/Shanghai"
    },
    "channel": "request",
    "level": 10,
    "level_name": "DEBUG",
    "message": "请求参数",
    "context": {
        "status": 1,
        "page": 1,
        "page_size": 20,
        "offset": 0
    },
    "extra": {
        "memory_usage": "2MB",
        "server": "sola",
        "request_uri": "\/api\/b\/v1\/tasks\/list?status=1",
        "request_method": "GET",
        "file": "test_list_api_log_v2.php",
        "line": 44
    }
}
{
    "timestamp": "2026-03-24T00:20:36+08:00",
    "datetime": {
        "date": "2026-03-24 00:20:36.022156",
        "timezone_type": 3,
        "timezone": "Asia\/Shanghai"
    },
    "channel": "request",
    "level": 20,
    "level_name": "INFO",
    "message": "任务列表获取成功",
    "context": {
        "total": 50,
        "page": 1,
        "page_size": 20,
        "returned_count": 20
    },
    "extra": {
        "memory_usage": "2MB",
        "server": "sola",
        "request_uri": "\/api\/b\/v1\/tasks\/list?status=1",
        "request_method": "GET",
        "file": "test_list_api_log_v2.php",
        "line": 53
    }
}
{
    "timestamp": "2026-03-24T00:21:02+08:00",
    "datetime": {
        "date": "2026-03-24 00:21:02.721023",
        "timezone_type": 3,
        "timezone": "Asia\/Shanghai"
    },
    "channel": "request",
    "level": 20,
    "level_name": "INFO",
    "message": "=== B 端任务列表请求开始 ===",
    "context": {
        "method": "GET",
        "ip": "127.0.0.1",
        "uri": "\/api\/b\/v1\/tasks\/list?status=1"
    },
    "extra": {
        "memory_usage": "2MB",
        "server": "sola",
        "request_uri": "\/api\/b\/v1\/tasks\/list?status=1",
        "request_method": "GET",
        "file": "test_list_api_log_v2.php",
        "line": 36
    }
}
{
    "timestamp": "2026-03-24T00:21:02+08:00",
    "datetime": {
        "date": "2026-03-24 00:21:02.722798",
        "timezone_type": 3,
        "timezone": "Asia\/Shanghai"
    },
    "channel": "request",
    "level": 10,
    "level_name": "DEBUG",
    "message": "请求参数",
    "context": {
        "status": 1,
        "page": 1,
        "page_size": 20,
        "offset": 0
    },
    "extra": {
        "memory_usage": "2MB",
        "server": "sola",
        "request_uri": "\/api\/b\/v1\/tasks\/list?status=1",
        "request_method": "GET",
        "file": "test_list_api_log_v2.php",
        "line": 44
    }
}
{
    "timestamp": "2026-03-24T00:21:02+08:00",
    "datetime": {
        "date": "2026-03-24 00:21:02.722942",
        "timezone_type": 3,
        "timezone": "Asia\/Shanghai"
    },
    "channel": "request",
    "level": 20,
    "level_name": "INFO",
    "message": "任务列表获取成功",
    "context": {
        "total": 50,
        "page": 1,
        "page_size": 20,
        "returned_count": 20
    },
    "extra": {
        "memory_usage": "2MB",
        "server": "sola",
        "request_uri": "\/api\/b\/v1\/tasks\/list?status=1",
        "request_method": "GET",
        "file": "test_list_api_log_v2.php",
        "line": 53
    }
}
{
    "timestamp": "2026-03-24T00:21:26+08:00",
    "datetime": {
        "date": "2026-03-24 00:21:26.704622",
        "timezone_type": 3,
        "timezone": "Asia\/Shanghai"
    },
    "channel": "request",
    "level": 20,
    "level_name": "INFO",
    "message": "=== B 端任务列表请求开始 ===",
    "context": {
        "method": "GET",
        "ip": "127.0.0.1",
        "uri": "\/api\/b\/v1\/tasks\/list?status=1"
    },
    "extra": {
        "memory_usage": "2MB",
        "server": "sola",
        "request_uri": "\/api\/b\/v1\/tasks\/list?status=1",
        "request_method": "GET",
        "file": "test_list_api_log_v2.php",
        "line": 36
    }
}
{
    "timestamp": "2026-03-24T00:21:26+08:00",
    "datetime": {
        "date": "2026-03-24 00:21:26.706561",
        "timezone_type": 3,
        "timezone": "Asia\/Shanghai"
    },
    "channel": "request",
    "level": 10,
    "level_name": "DEBUG",
    "message": "请求参数",
    "context": {
        "status": 1,
        "page": 1,
        "page_size": 20,
        "offset": 0
    },
    "extra": {
        "memory_usage": "2MB",
        "server": "sola",
        "request_uri": "\/api\/b\/v1\/tasks\/list?status=1",
        "request_method": "GET",
        "file": "test_list_api_log_v2.php",
        "line": 44
    }
}
{
    "timestamp": "2026-03-24T00:21:26+08:00",
    "datetime": {
        "date": "2026-03-24 00:21:26.706667",
        "timezone_type": 3,
        "timezone": "Asia\/Shanghai"
    },
    "channel": "request",
    "level": 20,
    "level_name": "INFO",
    "message": "任务列表获取成功",
    "context": {
        "total": 50,
        "page": 1,
        "page_size": 20,
        "returned_count": 20
    },
    "extra": {
        "memory_usage": "2MB",
        "server": "sola",
        "request_uri": "\/api\/b\/v1\/tasks\/list?status=1",
        "request_method": "GET",
        "file": "test_list_api_log_v2.php",
        "line": 53
    }
}
{
    "timestamp": "2026-03-24T00:21:57+08:00",
    "datetime": {
        "date": "2026-03-24 00:21:57.662038",
        "timezone_type": 3,
        "timezone": "Asia\/Shanghai"
    },
    "channel": "request",
    "level": 20,
    "level_name": "INFO",
    "message": "=== B 端任务列表请求开始 ===",
    "context": {
        "method": "GET",
        "ip": "127.0.0.1",
        "uri": "\/api\/b\/v1\/tasks\/list?status=1"
    },
    "extra": {
        "memory_usage": "2MB",
        "server": "sola",
        "request_uri": "\/api\/b\/v1\/tasks\/list?status=1",
        "request_method": "GET",
        "file": "test_list_api_log_v3.php",
        "line": 36
    }
}
{
    "timestamp": "2026-03-24T00:21:57+08:00",
    "datetime": {
        "date": "2026-03-24 00:21:57.664192",
        "timezone_type": 3,
        "timezone": "Asia\/Shanghai"
    },
    "channel": "request",
    "level": 10,
    "level_name": "DEBUG",
    "message": "请求参数",
    "context": {
        "status": 1,
        "page": 1,
        "page_size": 20,
        "offset": 0
    },
    "extra": {
        "memory_usage": "2MB",
        "server": "sola",
        "request_uri": "\/api\/b\/v1\/tasks\/list?status=1",
        "request_method": "GET",
        "file": "test_list_api_log_v3.php",
        "line": 44
    }
}
{
    "timestamp": "2026-03-24T00:21:57+08:00",
    "datetime": {
        "date": "2026-03-24 00:21:57.664357",
        "timezone_type": 3,
        "timezone": "Asia\/Shanghai"
    },
    "channel": "request",
    "level": 20,
    "level_name": "INFO",
    "message": "任务列表获取成功",
    "context": {
        "total": 50,
        "page": 1,
        "page_size": 20,
        "returned_count": 20
    },
    "extra": {
        "memory_usage": "2MB",
        "server": "sola",
        "request_uri": "\/api\/b\/v1\/tasks\/list?status=1",
        "request_method": "GET",
        "file": "test_list_api_log_v3.php",
        "line": 53
    }
}
{
    "timestamp": "2026-03-24T00:22:49+08:00",
    "datetime": {
        "date": "2026-03-24 00:22:49.837586",
        "timezone_type": 3,
        "timezone": "Asia\/Shanghai"
    },
    "channel": "request",
    "level": 20,
    "level_name": "INFO",
    "message": "=== B 端任务列表请求开始 ===",
    "context": {
        "method": "GET",
        "ip": "127.0.0.1",
        "uri": "\/api\/b\/v1\/tasks\/list?status=1"
    },
    "extra": {
        "memory_usage": "2MB",
        "server": "sola",
        "request_uri": "\/api\/b\/v1\/tasks\/list?status=1",
        "request_method": "GET",
        "file": "test_list_api_log_v3.php",
        "line": 36
    }
}
{
    "timestamp": "2026-03-24T00:22:49+08:00",
    "datetime": {
        "date": "2026-03-24 00:22:49.839405",
        "timezone_type": 3,
        "timezone": "Asia\/Shanghai"
    },
    "channel": "request",
    "level": 10,
    "level_name": "DEBUG",
    "message": "请求参数",
    "context": {
        "status": 1,
        "page": 1,
        "page_size": 20,
        "offset": 0
    },
    "extra": {
        "memory_usage": "2MB",
        "server": "sola",
        "request_uri": "\/api\/b\/v1\/tasks\/list?status=1",
        "request_method": "GET",
        "file": "test_list_api_log_v3.php",
        "line": 44
    }
}
{
    "timestamp": "2026-03-24T00:22:49+08:00",
    "datetime": {
        "date": "2026-03-24 00:22:49.839475",
        "timezone_type": 3,
        "timezone": "Asia\/Shanghai"
    },
    "channel": "request",
    "level": 20,
    "level_name": "INFO",
    "message": "任务列表获取成功",
    "context": {
        "total": 50,
        "page": 1,
        "page_size": 20,
        "returned_count": 20
    },
    "extra": {
        "memory_usage": "2MB",
        "server": "sola",
        "request_uri": "\/api\/b\/v1\/tasks\/list?status=1",
        "request_method": "GET",
        "file": "test_list_api_log_v3.php",
        "line": 53
    }
}
{
    "timestamp": "2026-03-24T00:25:11+08:00",
    "datetime": {
        "date": "2026-03-24 00:25:11.849955",
        "timezone_type": 3,
        "timezone": "Asia\/Shanghai"
    },
    "channel": "request",
    "level": 20,
    "level_name": "INFO",
    "message": "测试强制刷新",
    "context": {
        "test": true
    },
    "extra": {
        "memory_usage": "2MB",
        "server": "sola",
        "file": "test_force_flush.php",
        "line": 17
    }
}
{
    "timestamp": "2026-03-24T00:26:01+08:00",
    "datetime": {
        "date": "2026-03-24 00:26:01.281509",
        "timezone_type": 3,
        "timezone": "Asia\/Shanghai"
    },
    "channel": "request",
    "level": 20,
    "level_name": "INFO",
    "message": "测试强制刷新",
    "context": {
        "test": true
    },
    "extra": {
        "memory_usage": "2MB",
        "server": "sola",
        "file": "test_force_flush.php",
        "line": 17
    }
}
test
