{
    "timestamp": "2026-03-23T21:25:12+08:00",
    "datetime": {
        "date": "2026-03-23 21:25:12.323493",
        "timezone_type": 3,
        "timezone": "Asia\/Shanghai"
    },
    "channel": "error",
    "level": 50,
    "level_name": "ERROR",
    "message": "接单失败",
    "context": {
        "user_id": 137,
        "b_task_id": 250,
        "exception": "数据库连接失败",
        "trace": "#0 {main}",
        "file": "D:\\github\\douyinTasksystemAPI\\examples\\log_usage.php",
        "line": 52
    },
    "extra": {
        "memory_usage": "2MB",
        "server": "sola",
        "file": "log_usage.php",
        "line": 54
    }
}
