{
    "timestamp": "2026-03-24T09:27:19+08:00",
    "datetime": {
        "date": "2026-03-24 09:27:19.343060",
        "timezone_type": 3,
        "timezone": "Asia\/Shanghai"
    },
    "channel": "error",
    "level": 50,
    "level_name": "ERROR",
    "message": "测试日志 - 错误信息",
    "context": {
        "error_code": 500,
        "message": "测试错误"
    },
    "extra": {
        "memory_usage": "2MB",
        "server": "sola",
        "file": "test_new_log_structure.php",
        "line": 29
    }
}
