{
    "timestamp": "2026-03-24T00:27:17+08:00",
    "datetime": {
        "date": "2026-03-24 00:27:17.768514",
        "timezone_type": 3,
        "timezone": "Asia\/Shanghai"
    },
    "channel": "request",
    "level": 20,
    "level_name": "INFO",
    "message": "测试强制刷新",
    "context": {
        "test": true
    },
    "extra": {
        "memory_usage": "2MB",
        "server": "sola",
        "file": "test_force_flush.php",
        "line": 17
    }
}
{
    "timestamp": "2026-03-24T00:27:34+08:00",
    "datetime": {
        "date": "2026-03-24 00:27:34.660176",
        "timezone_type": 3,
        "timezone": "Asia\/Shanghai"
    },
    "channel": "request",
    "level": 20,
    "level_name": "INFO",
    "message": "测试强制刷新",
    "context": {
        "test": true
    },
    "extra": {
        "memory_usage": "2MB",
        "server": "sola",
        "file": "test_force_flush.php",
        "line": 17
    }
}
{
    "timestamp": "2026-03-24T00:30:38+08:00",
    "datetime": {
        "date": "2026-03-24 00:30:38.500849",
        "timezone_type": 3,
        "timezone": "Asia\/Shanghai"
    },
    "channel": "request",
    "level": 20,
    "level_name": "INFO",
    "message": "测试日志 - 请求开始",
    "context": {
        "method": "GET",
        "ip": "127.0.0.1"
    },
    "extra": {
        "memory_usage": "2MB",
        "server": "sola",
        "file": "test_log_system.php",
        "line": 23
    }
}
{
    "timestamp": "2026-03-24T00:54:11+08:00",
    "datetime": {
        "date": "2026-03-24 00:54:11.836736",
        "timezone_type": 3,
        "timezone": "Asia\/Shanghai"
    },
    "channel": "request",
    "level": 20,
    "level_name": "INFO",
    "message": "=== B 端任务列表请求开始 ===",
    "context": {
        "method": "GET",
        "ip": "::1",
        "uri": "\/b\/v1\/tasks\/list.php?status=1"
    },
    "extra": {
        "memory_usage": "2MB",
        "server": "sola",
        "request_uri": "\/b\/v1\/tasks\/list.php?status=1",
        "request_method": "GET",
        "file": "list.php",
        "line": 95
    }
}
{
    "timestamp": "2026-03-24T00:54:11+08:00",
    "datetime": {
        "date": "2026-03-24 00:54:11.838870",
        "timezone_type": 3,
        "timezone": "Asia\/Shanghai"
    },
    "channel": "request",
    "level": 10,
    "level_name": "DEBUG",
    "message": "请求体内容",
    "context": {
        "body": ""
    },
    "extra": {
        "memory_usage": "2MB",
        "server": "sola",
        "request_uri": "\/b\/v1\/tasks\/list.php?status=1",
        "request_method": "GET",
        "file": "list.php",
        "line": 109
    }
}
{
    "timestamp": "2026-03-24T00:54:11+08:00",
    "datetime": {
        "date": "2026-03-24 00:54:11.838965",
        "timezone_type": 3,
        "timezone": "Asia\/Shanghai"
    },
    "channel": "request",
    "level": 10,
    "level_name": "DEBUG",
    "message": "查询参数",
    "context": {
        "get_params": {
            "status": "1"
        }
    },
    "extra": {
        "memory_usage": "2MB",
        "server": "sola",
        "request_uri": "\/b\/v1\/tasks\/list.php?status=1",
        "request_method": "GET",
        "file": "list.php",
        "line": 116
    }
}
{
    "timestamp": "2026-03-24T00:54:11+08:00",
    "datetime": {
        "date": "2026-03-24 00:54:11.840687",
        "timezone_type": 3,
        "timezone": "Asia\/Shanghai"
    },
    "channel": "request",
    "level": 10,
    "level_name": "DEBUG",
    "message": "数据库连接成功",
    "context": [],
    "extra": {
        "memory_usage": "2MB",
        "server": "sola",
        "request_uri": "\/b\/v1\/tasks\/list.php?status=1",
        "request_method": "GET",
        "file": "list.php",
        "line": 122
    }
}
