[2026-03-26 11:22:35.009] [audit] NOTICE C端用户获取任务列表成功 - {"user_id":134,"is_newbie":0,"total":1,"returned_count":1} - request_uri: /api/c/v1/tasks.php, request_method: GET, file: tasks.php, line: 311
[2026-03-26 11:22:35.049] [audit] NOTICE C端用户获取任务列表成功 - {"user_id":134,"is_newbie":0,"total":1,"returned_count":1} - request_uri: /api/c/v1/tasks.php, request_method: GET, file: tasks.php, line: 311
[2026-03-26 11:22:39.964] [audit] NOTICE C端用户获取任务列表成功 - {"user_id":134,"is_newbie":0,"total":1,"returned_count":1} - request_uri: /api/c/v1/tasks.php, request_method: GET, file: tasks.php, line: 311
[2026-03-26 11:22:39.996] [audit] NOTICE C端用户获取任务列表成功 - {"user_id":134,"is_newbie":0,"total":1,"returned_count":1} - request_uri: /api/c/v1/tasks.php, request_method: GET, file: tasks.php, line: 311
[2026-03-26 11:22:46.475] [audit] NOTICE C端用户获取任务列表成功 - {"user_id":134,"is_newbie":0,"total":1,"returned_count":1} - request_uri: /api/c/v1/tasks.php, request_method: GET, file: tasks.php, line: 311
[2026-03-26 12:09:14.013] [audit] NOTICE C端用户获取任务列表成功 - {"user_id":134,"is_newbie":0,"total":1,"returned_count":1} - request_uri: /api/c/v1/tasks.php, request_method: GET, file: tasks.php, line: 311
[2026-03-26 12:09:14.025] [audit] NOTICE C端用户获取任务列表成功 - {"user_id":134,"is_newbie":0,"total":1,"returned_count":1} - request_uri: /api/c/v1/tasks.php, request_method: GET, file: tasks.php, line: 311
[2026-03-26 12:09:42.338] [audit] NOTICE C端用户获取任务列表成功 - {"user_id":134,"is_newbie":0,"total":1,"returned_count":1} - request_uri: /api/c/v1/tasks.php, request_method: GET, file: tasks.php, line: 311
[2026-03-26 12:10:12.343] [audit] NOTICE C端用户获取任务列表成功 - {"user_id":134,"is_newbie":0,"total":1,"returned_count":1} - request_uri: /api/c/v1/tasks.php, request_method: GET, file: tasks.php, line: 311
[2026-03-26 12:10:33.203] [audit] NOTICE C端用户获取任务列表成功 - {"user_id":134,"is_newbie":0,"total":1,"returned_count":1} - request_uri: /api/c/v1/tasks.php, request_method: GET, file: tasks.php, line: 311
[2026-03-26 12:10:33.235] [audit] NOTICE C端用户获取任务列表成功 - {"user_id":134,"is_newbie":0,"total":1,"returned_count":1} - request_uri: /api/c/v1/tasks.php, request_method: GET, file: tasks.php, line: 311
[2026-03-26 12:11:03.332] [audit] NOTICE C端用户获取任务列表成功 - {"user_id":134,"is_newbie":0,"total":1,"returned_count":1} - request_uri: /api/c/v1/tasks.php, request_method: GET, file: tasks.php, line: 311
[2026-03-26 12:11:33.353] [audit] NOTICE C端用户获取任务列表成功 - {"user_id":134,"is_newbie":0,"total":1,"returned_count":1} - request_uri: /api/c/v1/tasks.php, request_method: GET, file: tasks.php, line: 311
[2026-03-26 12:12:03.337] [audit] NOTICE C端用户获取任务列表成功 - {"user_id":134,"is_newbie":0,"total":1,"returned_count":1} - request_uri: /api/c/v1/tasks.php, request_method: GET, file: tasks.php, line: 311
[2026-03-26 12:12:33.353] [audit] NOTICE C端用户获取任务列表成功 - {"user_id":134,"is_newbie":0,"total":1,"returned_count":1} - request_uri: /api/c/v1/tasks.php, request_method: GET, file: tasks.php, line: 311
[2026-03-26 12:12:53.889] [audit] NOTICE C端用户获取任务列表成功 - {"user_id":134,"is_newbie":0,"total":1,"returned_count":1} - request_uri: /api/c/v1/tasks.php, request_method: GET, file: tasks.php, line: 311
[2026-03-26 12:12:53.921] [audit] NOTICE C端用户获取任务列表成功 - {"user_id":134,"is_newbie":0,"total":1,"returned_count":1} - request_uri: /api/c/v1/tasks.php, request_method: GET, file: tasks.php, line: 311
[2026-03-26 12:54:06.866] [audit] NOTICE C端用户获取任务列表成功 - {"user_id":134,"is_newbie":0,"total":1,"returned_count":1} - request_uri: /api/c/v1/tasks.php, request_method: GET, file: tasks.php, line: 311
[2026-03-26 12:54:06.879] [audit] NOTICE C端用户获取任务列表成功 - {"user_id":134,"is_newbie":0,"total":1,"returned_count":1} - request_uri: /api/c/v1/tasks.php, request_method: GET, file: tasks.php, line: 311
[2026-03-26 13:12:29.615] [audit] NOTICE C端用户获取任务列表成功 - {"user_id":134,"is_newbie":0,"total":1,"returned_count":1} - request_uri: /api/c/v1/tasks.php, request_method: GET, file: tasks.php, line: 311
[2026-03-26 13:12:29.644] [audit] NOTICE C端用户获取任务列表成功 - {"user_id":134,"is_newbie":0,"total":1,"returned_count":1} - request_uri: /api/c/v1/tasks.php, request_method: GET, file: tasks.php, line: 311
[2026-03-26 13:13:03.245] [audit] NOTICE C端用户获取任务列表成功 - {"user_id":135,"is_newbie":1,"total":1,"returned_count":1} - request_uri: /api/c/v1/tasks.php, request_method: GET, file: tasks.php, line: 311
[2026-03-26 13:13:03.279] [audit] NOTICE C端用户获取任务列表成功 - {"user_id":135,"is_newbie":1,"total":1,"returned_count":1} - request_uri: /api/c/v1/tasks.php, request_method: GET, file: tasks.php, line: 311
[2026-03-26 13:13:19.026] [audit] NOTICE C端用户获取任务列表成功 - {"user_id":135,"is_newbie":1,"total":1,"returned_count":1} - request_uri: /api/c/v1/tasks.php, request_method: GET, file: tasks.php, line: 311
[2026-03-26 13:13:19.052] [audit] NOTICE C端用户获取任务列表成功 - {"user_id":135,"is_newbie":1,"total":1,"returned_count":1} - request_uri: /api/c/v1/tasks.php, request_method: GET, file: tasks.php, line: 311
[2026-03-26 13:13:49.331] [audit] NOTICE C端用户获取任务列表成功 - {"user_id":135,"is_newbie":1,"total":1,"returned_count":1} - request_uri: /api/c/v1/tasks.php, request_method: GET, file: tasks.php, line: 311
[2026-03-26 13:27:46.314] [audit] NOTICE C端用户获取任务列表成功 - {"user_id":136,"is_newbie":1,"total":1,"returned_count":1} - request_uri: /api/c/v1/tasks.php, request_method: GET, file: tasks.php, line: 311
[2026-03-26 13:27:46.341] [audit] NOTICE C端用户获取任务列表成功 - {"user_id":136,"is_newbie":1,"total":1,"returned_count":1} - request_uri: /api/c/v1/tasks.php, request_method: GET, file: tasks.php, line: 311
[2026-03-26 13:27:58.193] [audit] NOTICE C端用户获取任务列表成功 - {"user_id":134,"is_newbie":0,"total":1,"returned_count":1} - request_uri: /api/c/v1/tasks.php, request_method: GET, file: tasks.php, line: 311
[2026-03-26 13:27:58.203] [audit] NOTICE C端用户获取任务列表成功 - {"user_id":134,"is_newbie":0,"total":1,"returned_count":1} - request_uri: /api/c/v1/tasks.php, request_method: GET, file: tasks.php, line: 311
[2026-03-26 13:29:37.717] [audit] NOTICE C端用户获取任务列表成功 - {"user_id":136,"is_newbie":1,"total":1,"returned_count":1} - request_uri: /api/c/v1/tasks.php, request_method: GET, file: tasks.php, line: 311
[2026-03-26 13:29:37.748] [audit] NOTICE C端用户获取任务列表成功 - {"user_id":136,"is_newbie":1,"total":1,"returned_count":1} - request_uri: /api/c/v1/tasks.php, request_method: GET, file: tasks.php, line: 311
[2026-03-26 13:30:10.288] [audit] NOTICE C端用户获取任务列表成功 - {"user_id":142,"is_newbie":1,"total":1,"returned_count":1} - request_uri: /api/c/v1/tasks.php, request_method: GET, file: tasks.php, line: 311
[2026-03-26 13:30:10.301] [audit] NOTICE C端用户获取任务列表成功 - {"user_id":142,"is_newbie":1,"total":1,"returned_count":1} - request_uri: /api/c/v1/tasks.php, request_method: GET, file: tasks.php, line: 311
[2026-03-26 21:33:45.938] [audit] NOTICE C端用户获取任务列表成功 - {"user_id":134,"is_newbie":0,"total":1,"returned_count":1} - request_uri: /api/c/v1/tasks.php, request_method: GET, file: tasks.php, line: 311
[2026-03-26 21:33:45.966] [audit] NOTICE C端用户获取任务列表成功 - {"user_id":134,"is_newbie":0,"total":1,"returned_count":1} - request_uri: /api/c/v1/tasks.php, request_method: GET, file: tasks.php, line: 311
[2026-03-26 21:33:49.680] [audit] NOTICE C端用户接单成功 - {"user_id":134,"record_id":"148","b_task_id":289,"reward_amount":100,"task_stage":0,"task_stage_text":"上评评论"} - request_uri: /api/c/v1/tasks/accept.php, request_method: POST, file: accept.php, line: 618
[2026-03-26 21:33:49.737] [audit] NOTICE C端用户获取任务列表成功 - {"user_id":134,"is_newbie":0,"total":0,"returned_count":0} - request_uri: /api/c/v1/tasks.php, request_method: GET, file: tasks.php, line: 311
[2026-03-26 21:33:52.047] [audit] NOTICE C端用户获取任务列表成功 - {"user_id":134,"total":1,"status_filter":1,"page":1,"page_size":20,"returned_count":1} - request_uri: /api/c/v1/tasks/my-tasks.php?page=1&size=20&status=1, request_method: GET, file: my-tasks.php, line: 312
[2026-03-26 21:33:52.078] [audit] NOTICE C端用户获取任务列表成功 - {"user_id":134,"total":1,"status_filter":1,"page":1,"page_size":20,"returned_count":1} - request_uri: /api/c/v1/tasks/my-tasks.php?page=1&size=20&status=1, request_method: GET, file: my-tasks.php, line: 312
[2026-03-26 21:34:13.173] [audit] NOTICE C端用户获取任务列表成功 - {"user_id":134,"is_newbie":0,"total":0,"returned_count":0} - request_uri: /api/c/v1/tasks.php, request_method: GET, file: tasks.php, line: 311
[2026-03-26 21:34:13.182] [audit] NOTICE C端用户获取任务列表成功 - {"user_id":134,"is_newbie":0,"total":0,"returned_count":0} - request_uri: /api/c/v1/tasks.php, request_method: GET, file: tasks.php, line: 311
[2026-03-26 21:34:14.421] [audit] NOTICE C端用户获取任务列表成功 - {"user_id":134,"is_newbie":0,"total":0,"returned_count":0} - request_uri: /api/c/v1/tasks.php, request_method: GET, file: tasks.php, line: 311
[2026-03-26 21:34:43.323] [audit] NOTICE C端用户获取任务列表成功 - {"user_id":134,"is_newbie":0,"total":0,"returned_count":0} - request_uri: /api/c/v1/tasks.php, request_method: GET, file: tasks.php, line: 311
[2026-03-26 21:35:13.351] [audit] NOTICE C端用户获取任务列表成功 - {"user_id":134,"is_newbie":0,"total":0,"returned_count":0} - request_uri: /api/c/v1/tasks.php, request_method: GET, file: tasks.php, line: 311
[2026-03-26 21:35:17.155] [audit] WARNING B 端用户登录失败：设备数量超限 - {"user_id":9,"username":"task","device_id":"123213213","device_name":"windows","max_devices":3,"current_devices":3,"reason":"设备数量已达到限制"} - request_uri: /api/b/v1/auth/login.php, request_method: POST, file: login.php, line: 364
[2026-03-26 21:35:43.354] [audit] NOTICE C端用户获取任务列表成功 - {"user_id":134,"is_newbie":0,"total":0,"returned_count":0} - request_uri: /api/c/v1/tasks.php, request_method: GET, file: tasks.php, line: 311
[2026-03-26 21:36:13.330] [audit] NOTICE C端用户获取任务列表成功 - {"user_id":134,"is_newbie":0,"total":0,"returned_count":0} - request_uri: /api/c/v1/tasks.php, request_method: GET, file: tasks.php, line: 311
[2026-03-26 21:36:43.327] [audit] NOTICE C端用户获取任务列表成功 - {"user_id":134,"is_newbie":0,"total":0,"returned_count":0} - request_uri: /api/c/v1/tasks.php, request_method: GET, file: tasks.php, line: 311
[2026-03-26 21:37:13.356] [audit] NOTICE C端用户获取任务列表成功 - {"user_id":134,"is_newbie":0,"total":0,"returned_count":0} - request_uri: /api/c/v1/tasks.php, request_method: GET, file: tasks.php, line: 311
[2026-03-26 21:37:13.592] [audit] NOTICE B 端用户登录成功 - {"user_id":9,"username":"task","device_id":"123213213","device_name":"windows"} - request_uri: /api/b/v1/auth/login.php, request_method: POST, file: login.php, line: 443
[2026-03-26 21:38:03.172] [audit] NOTICE C端用户获取任务列表成功 - {"user_id":134,"is_newbie":0,"total":0,"returned_count":0} - request_uri: /api/c/v1/tasks.php, request_method: GET, file: tasks.php, line: 311
[2026-03-26 21:39:02.334] [audit] NOTICE C端用户获取任务列表成功 - {"user_id":134,"is_newbie":0,"total":0,"returned_count":0} - request_uri: /api/c/v1/tasks.php, request_method: GET, file: tasks.php, line: 311
[2026-03-26 21:40:02.333] [audit] NOTICE C端用户获取任务列表成功 - {"user_id":134,"is_newbie":0,"total":0,"returned_count":0} - request_uri: /api/c/v1/tasks.php, request_method: GET, file: tasks.php, line: 311
[2026-03-26 21:41:02.357] [audit] NOTICE C端用户获取任务列表成功 - {"user_id":134,"is_newbie":0,"total":0,"returned_count":0} - request_uri: /api/c/v1/tasks.php, request_method: GET, file: tasks.php, line: 311
[2026-03-26 21:42:02.344] [audit] NOTICE C端用户获取任务列表成功 - {"user_id":134,"is_newbie":0,"total":0,"returned_count":0} - request_uri: /api/c/v1/tasks.php, request_method: GET, file: tasks.php, line: 311
[2026-03-26 21:43:02.356] [audit] NOTICE C端用户获取任务列表成功 - {"user_id":134,"is_newbie":0,"total":0,"returned_count":0} - request_uri: /api/c/v1/tasks.php, request_method: GET, file: tasks.php, line: 311
[2026-03-26 21:44:02.330] [audit] NOTICE C端用户获取任务列表成功 - {"user_id":134,"is_newbie":0,"total":0,"returned_count":0} - request_uri: /api/c/v1/tasks.php, request_method: GET, file: tasks.php, line: 311
[2026-03-26 21:45:02.337] [audit] NOTICE C端用户获取任务列表成功 - {"user_id":134,"is_newbie":0,"total":0,"returned_count":0} - request_uri: /api/c/v1/tasks.php, request_method: GET, file: tasks.php, line: 311
[2026-03-26 21:46:02.325] [audit] NOTICE C端用户获取任务列表成功 - {"user_id":134,"is_newbie":0,"total":0,"returned_count":0} - request_uri: /api/c/v1/tasks.php, request_method: GET, file: tasks.php, line: 311
[2026-03-26 21:47:02.328] [audit] NOTICE C端用户获取任务列表成功 - {"user_id":134,"is_newbie":0,"total":0,"returned_count":0} - request_uri: /api/c/v1/tasks.php, request_method: GET, file: tasks.php, line: 311
[2026-03-26 21:48:02.329] [audit] NOTICE C端用户获取任务列表成功 - {"user_id":134,"is_newbie":0,"total":0,"returned_count":0} - request_uri: /api/c/v1/tasks.php, request_method: GET, file: tasks.php, line: 311
[2026-03-26 21:49:02.342] [audit] NOTICE C端用户获取任务列表成功 - {"user_id":134,"is_newbie":0,"total":0,"returned_count":0} - request_uri: /api/c/v1/tasks.php, request_method: GET, file: tasks.php, line: 311
[2026-03-26 21:50:02.328] [audit] NOTICE C端用户获取任务列表成功 - {"user_id":134,"is_newbie":0,"total":0,"returned_count":0} - request_uri: /api/c/v1/tasks.php, request_method: GET, file: tasks.php, line: 311
[2026-03-26 21:50:26.592] [audit] NOTICE C端用户获取任务列表成功 - {"user_id":134,"is_newbie":0,"total":0,"returned_count":0} - request_uri: /api/c/v1/tasks.php, request_method: GET, file: tasks.php, line: 311
[2026-03-26 21:50:53.366] [audit] NOTICE 验证码发送成功 - {"phone_number":"13794719208"} - request_uri: /api/sms/send-code.php, request_method: POST, file: send-code.php, line: 171
[2026-03-26 21:51:03.661] [audit] NOTICE C端用户注册成功 - {"user_id":"151","username":"ces111","phone":"137****9208","email":"***","invite_code":"A7S9EZ","captain_id":null,"developer_id":null} - request_uri: /api/c/v1/auth/register.php, request_method: POST, file: register.php, line: 446
[2026-03-26 22:01:52.355] [audit] NOTICE C端用户注册成功 - {"user_id":"152","username":"ces1111","phone":"138****8111","email":"c***1@example.com","invite_code":"GXSKX3","captain_id":151,"developer_id":null} - request_uri: /api/c/v1/auth/register.php, request_method: POST, file: register.php, line: 456
