WebSocket server started on ws://0.0.0.0:8080
Calling detect.php at: http://localhost:28806/task_admin/api/admin_notifications/detect.php?ws_server=true
cURL verbose log: *   Trying 127.0.0.1:28806...
* Connected to localhost (127.0.0.1) port 28806 (#0)
> GET /task_admin/api/admin_notifications/detect.php?ws_server=true HTTP/1.1
Host: localhost:28806
Accept: */*

* Mark bundle as not supporting multiuse
< HTTP/1.1 200 OK
< Server: nginx
< Date: Wed, 11 Mar 2026 13:58:29 GMT
< Content-Type: application/json; charset=utf-8
< Transfer-Encoding: chunked
< Connection: keep-alive
< Vary: Accept-Encoding
< Access-Control-Allow-Origin: *
< Access-Control-Allow-Headers: Content-Type, X-Token, Authorization
< 
* Connection #0 to host localhost left intact

Response from detect.php: {"code":0,"message":"success","data":{"notifications":[],"unread_count":1,"detection_result":{"recharge":0,"withdraw":1,"agent":0,"magnifier":0,"system":0}},"timestamp":1773237509}
Detection result: Array
(
    [recharge] => 0
    [withdraw] => 1
    [agent] => 0
    [magnifier] => 0
    [system] => 0
)

Sent audit notification: {"type":"audit_notification","data":{"detection_result":{"recharge":0,"withdraw":1,"agent":0,"magnifier":0,"system":0}}}
Calling detect.php at: http://localhost:28806/task_admin/api/admin_notifications/detect.php?ws_server=true
cURL verbose log: *   Trying 127.0.0.1:28806...
* Connected to localhost (127.0.0.1) port 28806 (#0)
> GET /task_admin/api/admin_notifications/detect.php?ws_server=true HTTP/1.1
Host: localhost:28806
Accept: */*

* Mark bundle as not supporting multiuse
< HTTP/1.1 200 OK
< Server: nginx
< Date: Wed, 11 Mar 2026 13:59:29 GMT
< Content-Type: application/json; charset=utf-8
< Transfer-Encoding: chunked
< Connection: keep-alive
< Vary: Accept-Encoding
< Access-Control-Allow-Origin: *
< Access-Control-Allow-Headers: Content-Type, X-Token, Authorization
< 
* Connection #0 to host localhost left intact

Response from detect.php: {"code":0,"message":"success","data":{"notifications":[],"unread_count":1,"detection_result":{"recharge":0,"withdraw":1,"agent":0,"magnifier":0,"system":0}},"timestamp":1773237569}
Detection result: Array
(
    [recharge] => 0
    [withdraw] => 1
    [agent] => 0
    [magnifier] => 0
    [system] => 0
)

Sent audit notification: {"type":"audit_notification","data":{"detection_result":{"recharge":0,"withdraw":1,"agent":0,"magnifier":0,"system":0}}}
Calling detect.php at: http://localhost:28806/task_admin/api/admin_notifications/detect.php?ws_server=true
cURL verbose log: *   Trying 127.0.0.1:28806...
* Connected to localhost (127.0.0.1) port 28806 (#0)
> GET /task_admin/api/admin_notifications/detect.php?ws_server=true HTTP/1.1
Host: localhost:28806
Accept: */*

* Mark bundle as not supporting multiuse
< HTTP/1.1 200 OK
< Server: nginx
< Date: Wed, 11 Mar 2026 14:00:29 GMT
< Content-Type: application/json; charset=utf-8
< Transfer-Encoding: chunked
< Connection: keep-alive
< Vary: Accept-Encoding
< Access-Control-Allow-Origin: *
< Access-Control-Allow-Headers: Content-Type, X-Token, Authorization
< 
* Connection #0 to host localhost left intact

Response from detect.php: {"code":0,"message":"success","data":{"notifications":[],"unread_count":1,"detection_result":{"recharge":0,"withdraw":1,"agent":0,"magnifier":0,"system":0}},"timestamp":1773237629}
Detection result: Array
(
    [recharge] => 0
    [withdraw] => 1
    [agent] => 0
    [magnifier] => 0
    [system] => 0
)

Sent audit notification: {"type":"audit_notification","data":{"detection_result":{"recharge":0,"withdraw":1,"agent":0,"magnifier":0,"system":0}}}
Calling detect.php at: http://localhost:28806/task_admin/api/admin_notifications/detect.php?ws_server=true
cURL verbose log: *   Trying 127.0.0.1:28806...
* Connected to localhost (127.0.0.1) port 28806 (#0)
> GET /task_admin/api/admin_notifications/detect.php?ws_server=true HTTP/1.1
Host: localhost:28806
Accept: */*

* Mark bundle as not supporting multiuse
< HTTP/1.1 200 OK
< Server: nginx
< Date: Wed, 11 Mar 2026 14:01:29 GMT
< Content-Type: application/json; charset=utf-8
< Transfer-Encoding: chunked
< Connection: keep-alive
< Vary: Accept-Encoding
< Access-Control-Allow-Origin: *
< Access-Control-Allow-Headers: Content-Type, X-Token, Authorization
< 
* Connection #0 to host localhost left intact

Response from detect.php: {"code":0,"message":"success","data":{"notifications":[],"unread_count":1,"detection_result":{"recharge":0,"withdraw":1,"agent":0,"magnifier":0,"system":0}},"timestamp":1773237689}
Detection result: Array
(
    [recharge] => 0
    [withdraw] => 1
    [agent] => 0
    [magnifier] => 0
    [system] => 0
)

Sent audit notification: {"type":"audit_notification","data":{"detection_result":{"recharge":0,"withdraw":1,"agent":0,"magnifier":0,"system":0}}}
Calling detect.php at: http://localhost:28806/task_admin/api/admin_notifications/detect.php?ws_server=true
cURL verbose log: *   Trying 127.0.0.1:28806...
* Connected to localhost (127.0.0.1) port 28806 (#0)
> GET /task_admin/api/admin_notifications/detect.php?ws_server=true HTTP/1.1
Host: localhost:28806
Accept: */*

* Mark bundle as not supporting multiuse
< HTTP/1.1 200 OK
< Server: nginx
< Date: Wed, 11 Mar 2026 14:02:29 GMT
< Content-Type: application/json; charset=utf-8
< Transfer-Encoding: chunked
< Connection: keep-alive
< Vary: Accept-Encoding
< Access-Control-Allow-Origin: *
< Access-Control-Allow-Headers: Content-Type, X-Token, Authorization
< 
* Connection #0 to host localhost left intact

Response from detect.php: {"code":0,"message":"success","data":{"notifications":[{"id":"23","type":"withdraw","title":"提现审核提醒","content":"有1条提现申请待审核","status":0,"priority":1,"data":{"count":1},"created_at":"2026-03-11 22:02:29"},{"id":"24","type":"system","title":"系统通知","content":"{content}","status":0,"priority":0,"data":{"count":0},"created_at":"2026-03-11 22:02:29"}],"unread_count":1,"detection_result":{"recharge":0,"withdraw":1,"agent":0,"magnifier":0,"system":0}},"timestamp":1773237749}
Detection result: Array
(
    [recharge] => 0
    [withdraw] => 1
    [agent] => 0
    [magnifier] => 0
    [system] => 0
)

Sent audit notification: {"type":"audit_notification","data":{"detection_result":{"recharge":0,"withdraw":1,"agent":0,"magnifier":0,"system":0}}}
Calling detect.php at: http://localhost:28806/task_admin/api/admin_notifications/detect.php?ws_server=true
cURL verbose log: *   Trying 127.0.0.1:28806...
* Connected to localhost (127.0.0.1) port 28806 (#0)
> GET /task_admin/api/admin_notifications/detect.php?ws_server=true HTTP/1.1
Host: localhost:28806
Accept: */*

* Mark bundle as not supporting multiuse
< HTTP/1.1 200 OK
< Server: nginx
< Date: Wed, 11 Mar 2026 14:03:29 GMT
< Content-Type: application/json; charset=utf-8
< Transfer-Encoding: chunked
< Connection: keep-alive
< Vary: Accept-Encoding
< Access-Control-Allow-Origin: *
< Access-Control-Allow-Headers: Content-Type, X-Token, Authorization
< 
* Connection #0 to host localhost left intact

Response from detect.php: {"code":0,"message":"success","data":{"notifications":[{"id":"25","type":"withdraw","title":"提现审核提醒","content":"有1条提现申请待审核","status":0,"priority":1,"data":{"count":1},"created_at":"2026-03-11 22:03:29"},{"id":"26","type":"system","title":"系统通知","content":"{content}","status":0,"priority":0,"data":{"count":0},"created_at":"2026-03-11 22:03:29"}],"unread_count":1,"detection_result":{"recharge":0,"withdraw":1,"agent":0,"magnifier":0,"system":0}},"timestamp":1773237809}
Detection result: Array
(
    [recharge] => 0
    [withdraw] => 1
    [agent] => 0
    [magnifier] => 0
    [system] => 0
)

Sent audit notification: {"type":"audit_notification","data":{"detection_result":{"recharge":0,"withdraw":1,"agent":0,"magnifier":0,"system":0}}}
Calling detect.php at: http://localhost:28806/task_admin/api/admin_notifications/detect.php?ws_server=true
cURL verbose log: *   Trying 127.0.0.1:28806...
* Connected to localhost (127.0.0.1) port 28806 (#0)
> GET /task_admin/api/admin_notifications/detect.php?ws_server=true HTTP/1.1
Host: localhost:28806
Accept: */*

* Mark bundle as not supporting multiuse
< HTTP/1.1 200 OK
< Server: nginx
< Date: Wed, 11 Mar 2026 14:04:29 GMT
< Content-Type: application/json; charset=utf-8
< Transfer-Encoding: chunked
< Connection: keep-alive
< Vary: Accept-Encoding
< Access-Control-Allow-Origin: *
< Access-Control-Allow-Headers: Content-Type, X-Token, Authorization
< 
* Connection #0 to host localhost left intact

Response from detect.php: {"code":0,"message":"success","data":{"notifications":[],"unread_count":1,"detection_result":{"recharge":0,"withdraw":1,"agent":0,"magnifier":0,"system":0}},"timestamp":1773237869}
Detection result: Array
(
    [recharge] => 0
    [withdraw] => 1
    [agent] => 0
    [magnifier] => 0
    [system] => 0
)

Sent audit notification: {"type":"audit_notification","data":{"detection_result":{"recharge":0,"withdraw":1,"agent":0,"magnifier":0,"system":0}}}
Calling detect.php at: http://localhost:28806/task_admin/api/admin_notifications/detect.php?ws_server=true
cURL verbose log: *   Trying 127.0.0.1:28806...
* Connected to localhost (127.0.0.1) port 28806 (#0)
> GET /task_admin/api/admin_notifications/detect.php?ws_server=true HTTP/1.1
Host: localhost:28806
Accept: */*

* Mark bundle as not supporting multiuse
< HTTP/1.1 200 OK
< Server: nginx
< Date: Wed, 11 Mar 2026 14:05:29 GMT
< Content-Type: application/json; charset=utf-8
< Transfer-Encoding: chunked
< Connection: keep-alive
< Vary: Accept-Encoding
< Access-Control-Allow-Origin: *
< Access-Control-Allow-Headers: Content-Type, X-Token, Authorization
< 
* Connection #0 to host localhost left intact

Response from detect.php: {"code":0,"message":"success","data":{"notifications":[],"unread_count":1,"detection_result":{"recharge":0,"withdraw":1,"agent":0,"magnifier":0,"system":0}},"timestamp":1773237929}
Detection result: Array
(
    [recharge] => 0
    [withdraw] => 1
    [agent] => 0
    [magnifier] => 0
    [system] => 0
)

Sent audit notification: {"type":"audit_notification","data":{"detection_result":{"recharge":0,"withdraw":1,"agent":0,"magnifier":0,"system":0}}}
Calling detect.php at: http://localhost:28806/task_admin/api/admin_notifications/detect.php?ws_server=true
cURL verbose log: *   Trying 127.0.0.1:28806...
* Connected to localhost (127.0.0.1) port 28806 (#0)
> GET /task_admin/api/admin_notifications/detect.php?ws_server=true HTTP/1.1
Host: localhost:28806
Accept: */*

* Mark bundle as not supporting multiuse
< HTTP/1.1 200 OK
< Server: nginx
< Date: Wed, 11 Mar 2026 14:06:29 GMT
< Content-Type: application/json; charset=utf-8
< Transfer-Encoding: chunked
< Connection: keep-alive
< Vary: Accept-Encoding
< Access-Control-Allow-Origin: *
< Access-Control-Allow-Headers: Content-Type, X-Token, Authorization
< 
* Connection #0 to host localhost left intact

Response from detect.php: {"code":0,"message":"success","data":{"notifications":[],"unread_count":1,"detection_result":{"recharge":0,"withdraw":1,"agent":0,"magnifier":0,"system":0}},"timestamp":1773237989}
Detection result: Array
(
    [recharge] => 0
    [withdraw] => 1
    [agent] => 0
    [magnifier] => 0
    [system] => 0
)

Sent audit notification: {"type":"audit_notification","data":{"detection_result":{"recharge":0,"withdraw":1,"agent":0,"magnifier":0,"system":0}}}
Calling detect.php at: http://localhost:28806/task_admin/api/admin_notifications/detect.php?ws_server=true
cURL verbose log: *   Trying 127.0.0.1:28806...
* Connected to localhost (127.0.0.1) port 28806 (#0)
> GET /task_admin/api/admin_notifications/detect.php?ws_server=true HTTP/1.1
Host: localhost:28806
Accept: */*

* Mark bundle as not supporting multiuse
< HTTP/1.1 200 OK
< Server: nginx
< Date: Wed, 11 Mar 2026 14:07:29 GMT
< Content-Type: application/json; charset=utf-8
< Transfer-Encoding: chunked
< Connection: keep-alive
< Vary: Accept-Encoding
< Access-Control-Allow-Origin: *
< Access-Control-Allow-Headers: Content-Type, X-Token, Authorization
< 
* Connection #0 to host localhost left intact

Response from detect.php: {"code":0,"message":"success","data":{"notifications":[],"unread_count":1,"detection_result":{"recharge":0,"withdraw":1,"agent":0,"magnifier":0,"system":0}},"timestamp":1773238049}
Detection result: Array
(
    [recharge] => 0
    [withdraw] => 1
    [agent] => 0
    [magnifier] => 0
    [system] => 0
)

Sent audit notification: {"type":"audit_notification","data":{"detection_result":{"recharge":0,"withdraw":1,"agent":0,"magnifier":0,"system":0}}}
Calling detect.php at: http://localhost:28806/task_admin/api/admin_notifications/detect.php?ws_server=true
cURL verbose log: *   Trying 127.0.0.1:28806...
* Connected to localhost (127.0.0.1) port 28806 (#0)
> GET /task_admin/api/admin_notifications/detect.php?ws_server=true HTTP/1.1
Host: localhost:28806
Accept: */*

* Mark bundle as not supporting multiuse
< HTTP/1.1 200 OK
< Server: nginx
< Date: Wed, 11 Mar 2026 14:08:29 GMT
< Content-Type: application/json; charset=utf-8
< Transfer-Encoding: chunked
< Connection: keep-alive
< Vary: Accept-Encoding
< Access-Control-Allow-Origin: *
< Access-Control-Allow-Headers: Content-Type, X-Token, Authorization
< 
* Connection #0 to host localhost left intact

Response from detect.php: {"code":0,"message":"success","data":{"notifications":[],"unread_count":1,"detection_result":{"recharge":0,"withdraw":1,"agent":0,"magnifier":0,"system":0}},"timestamp":1773238109}
Detection result: Array
(
    [recharge] => 0
    [withdraw] => 1
    [agent] => 0
    [magnifier] => 0
    [system] => 0
)

Sent audit notification: {"type":"audit_notification","data":{"detection_result":{"recharge":0,"withdraw":1,"agent":0,"magnifier":0,"system":0}}}
Calling detect.php at: http://localhost:28806/task_admin/api/admin_notifications/detect.php?ws_server=true
cURL verbose log: *   Trying 127.0.0.1:28806...
* Connected to localhost (127.0.0.1) port 28806 (#0)
> GET /task_admin/api/admin_notifications/detect.php?ws_server=true HTTP/1.1
Host: localhost:28806
Accept: */*

* Mark bundle as not supporting multiuse
< HTTP/1.1 200 OK
< Server: nginx
< Date: Wed, 11 Mar 2026 14:09:29 GMT
< Content-Type: application/json; charset=utf-8
< Transfer-Encoding: chunked
< Connection: keep-alive
< Vary: Accept-Encoding
< Access-Control-Allow-Origin: *
< Access-Control-Allow-Headers: Content-Type, X-Token, Authorization
< 
* Connection #0 to host localhost left intact

Response from detect.php: {"code":0,"message":"success","data":{"notifications":[],"unread_count":1,"detection_result":{"recharge":0,"withdraw":1,"agent":0,"magnifier":0,"system":0}},"timestamp":1773238169}
Detection result: Array
(
    [recharge] => 0
    [withdraw] => 1
    [agent] => 0
    [magnifier] => 0
    [system] => 0
)

Sent audit notification: {"type":"audit_notification","data":{"detection_result":{"recharge":0,"withdraw":1,"agent":0,"magnifier":0,"system":0}}}
Calling detect.php at: http://localhost:28806/task_admin/api/admin_notifications/detect.php?ws_server=true
cURL verbose log: *   Trying 127.0.0.1:28806...
* Connected to localhost (127.0.0.1) port 28806 (#0)
> GET /task_admin/api/admin_notifications/detect.php?ws_server=true HTTP/1.1
Host: localhost:28806
Accept: */*

* Mark bundle as not supporting multiuse
< HTTP/1.1 200 OK
< Server: nginx
< Date: Wed, 11 Mar 2026 14:10:29 GMT
< Content-Type: application/json; charset=utf-8
< Transfer-Encoding: chunked
< Connection: keep-alive
< Vary: Accept-Encoding
< Access-Control-Allow-Origin: *
< Access-Control-Allow-Headers: Content-Type, X-Token, Authorization
< 
* Connection #0 to host localhost left intact

Response from detect.php: {"code":0,"message":"success","data":{"notifications":[],"unread_count":1,"detection_result":{"recharge":0,"withdraw":1,"agent":0,"magnifier":0,"system":0}},"timestamp":1773238229}
Detection result: Array
(
    [recharge] => 0
    [withdraw] => 1
    [agent] => 0
    [magnifier] => 0
    [system] => 0
)

Sent audit notification: {"type":"audit_notification","data":{"detection_result":{"recharge":0,"withdraw":1,"agent":0,"magnifier":0,"system":0}}}
Calling detect.php at: http://localhost:28806/task_admin/api/admin_notifications/detect.php?ws_server=true
cURL verbose log: *   Trying 127.0.0.1:28806...
* Connected to localhost (127.0.0.1) port 28806 (#0)
> GET /task_admin/api/admin_notifications/detect.php?ws_server=true HTTP/1.1
Host: localhost:28806
Accept: */*

* Mark bundle as not supporting multiuse
< HTTP/1.1 200 OK
< Server: nginx
< Date: Wed, 11 Mar 2026 14:11:29 GMT
< Content-Type: application/json; charset=utf-8
< Transfer-Encoding: chunked
< Connection: keep-alive
< Vary: Accept-Encoding
< Access-Control-Allow-Origin: *
< Access-Control-Allow-Headers: Content-Type, X-Token, Authorization
< 
* Connection #0 to host localhost left intact

Response from detect.php: {"code":0,"message":"success","data":{"notifications":[],"unread_count":1,"detection_result":{"recharge":0,"withdraw":1,"agent":0,"magnifier":0,"system":0}},"timestamp":1773238289}
Detection result: Array
(
    [recharge] => 0
    [withdraw] => 1
    [agent] => 0
    [magnifier] => 0
    [system] => 0
)

Sent audit notification: {"type":"audit_notification","data":{"detection_result":{"recharge":0,"withdraw":1,"agent":0,"magnifier":0,"system":0}}}
Calling detect.php at: http://localhost:28806/task_admin/api/admin_notifications/detect.php?ws_server=true
cURL verbose log: *   Trying 127.0.0.1:28806...
* Connected to localhost (127.0.0.1) port 28806 (#0)
> GET /task_admin/api/admin_notifications/detect.php?ws_server=true HTTP/1.1
Host: localhost:28806
Accept: */*

* Mark bundle as not supporting multiuse
< HTTP/1.1 200 OK
< Server: nginx
< Date: Wed, 11 Mar 2026 14:12:29 GMT
< Content-Type: application/json; charset=utf-8
< Transfer-Encoding: chunked
< Connection: keep-alive
< Vary: Accept-Encoding
< Access-Control-Allow-Origin: *
< Access-Control-Allow-Headers: Content-Type, X-Token, Authorization
< 
* Connection #0 to host localhost left intact

Response from detect.php: {"code":0,"message":"success","data":{"notifications":[],"unread_count":1,"detection_result":{"recharge":0,"withdraw":1,"agent":0,"magnifier":0,"system":0}},"timestamp":1773238349}
Detection result: Array
(
    [recharge] => 0
    [withdraw] => 1
    [agent] => 0
    [magnifier] => 0
    [system] => 0
)

Sent audit notification: {"type":"audit_notification","data":{"detection_result":{"recharge":0,"withdraw":1,"agent":0,"magnifier":0,"system":0}}}
Calling detect.php at: http://localhost:28806/task_admin/api/admin_notifications/detect.php?ws_server=true
cURL verbose log: *   Trying 127.0.0.1:28806...
* Connected to localhost (127.0.0.1) port 28806 (#0)
> GET /task_admin/api/admin_notifications/detect.php?ws_server=true HTTP/1.1
Host: localhost:28806
Accept: */*

* Mark bundle as not supporting multiuse
< HTTP/1.1 200 OK
< Server: nginx
< Date: Wed, 11 Mar 2026 14:13:29 GMT
< Content-Type: application/json; charset=utf-8
< Transfer-Encoding: chunked
< Connection: keep-alive
< Vary: Accept-Encoding
< Access-Control-Allow-Origin: *
< Access-Control-Allow-Headers: Content-Type, X-Token, Authorization
< 
* Connection #0 to host localhost left intact

Response from detect.php: {"code":0,"message":"success","data":{"notifications":[],"unread_count":1,"detection_result":{"recharge":0,"withdraw":1,"agent":0,"magnifier":0,"system":0}},"timestamp":1773238409}
Detection result: Array
(
    [recharge] => 0
    [withdraw] => 1
    [agent] => 0
    [magnifier] => 0
    [system] => 0
)

Sent audit notification: {"type":"audit_notification","data":{"detection_result":{"recharge":0,"withdraw":1,"agent":0,"magnifier":0,"system":0}}}
Calling detect.php at: http://localhost:28806/task_admin/api/admin_notifications/detect.php?ws_server=true
cURL verbose log: *   Trying 127.0.0.1:28806...
* Connected to localhost (127.0.0.1) port 28806 (#0)
> GET /task_admin/api/admin_notifications/detect.php?ws_server=true HTTP/1.1
Host: localhost:28806
Accept: */*

* Mark bundle as not supporting multiuse
< HTTP/1.1 200 OK
< Server: nginx
< Date: Wed, 11 Mar 2026 14:14:29 GMT
< Content-Type: application/json; charset=utf-8
< Transfer-Encoding: chunked
< Connection: keep-alive
< Vary: Accept-Encoding
< Access-Control-Allow-Origin: *
< Access-Control-Allow-Headers: Content-Type, X-Token, Authorization
< 
* Connection #0 to host localhost left intact

Response from detect.php: {"code":0,"message":"success","data":{"notifications":[],"unread_count":1,"detection_result":{"recharge":0,"withdraw":1,"agent":0,"magnifier":0,"system":0}},"timestamp":1773238469}
Detection result: Array
(
    [recharge] => 0
    [withdraw] => 1
    [agent] => 0
    [magnifier] => 0
    [system] => 0
)

Sent audit notification: {"type":"audit_notification","data":{"detection_result":{"recharge":0,"withdraw":1,"agent":0,"magnifier":0,"system":0}}}
Calling detect.php at: http://localhost:28806/task_admin/api/admin_notifications/detect.php?ws_server=true
cURL verbose log: *   Trying 127.0.0.1:28806...
* Connected to localhost (127.0.0.1) port 28806 (#0)
> GET /task_admin/api/admin_notifications/detect.php?ws_server=true HTTP/1.1
Host: localhost:28806
Accept: */*

* Mark bundle as not supporting multiuse
< HTTP/1.1 200 OK
< Server: nginx
< Date: Wed, 11 Mar 2026 14:15:29 GMT
< Content-Type: application/json; charset=utf-8
< Transfer-Encoding: chunked
< Connection: keep-alive
< Vary: Accept-Encoding
< Access-Control-Allow-Origin: *
< Access-Control-Allow-Headers: Content-Type, X-Token, Authorization
< 
* Connection #0 to host localhost left intact

Response from detect.php: {"code":0,"message":"success","data":{"notifications":[],"unread_count":1,"detection_result":{"recharge":0,"withdraw":1,"agent":0,"magnifier":0,"system":0}},"timestamp":1773238529}
Detection result: Array
(
    [recharge] => 0
    [withdraw] => 1
    [agent] => 0
    [magnifier] => 0
    [system] => 0
)

Sent audit notification: {"type":"audit_notification","data":{"detection_result":{"recharge":0,"withdraw":1,"agent":0,"magnifier":0,"system":0}}}
Calling detect.php at: http://localhost:28806/task_admin/api/admin_notifications/detect.php?ws_server=true
cURL verbose log: *   Trying 127.0.0.1:28806...
* Connected to localhost (127.0.0.1) port 28806 (#0)
> GET /task_admin/api/admin_notifications/detect.php?ws_server=true HTTP/1.1
Host: localhost:28806
Accept: */*

* Mark bundle as not supporting multiuse
< HTTP/1.1 200 OK
< Server: nginx
< Date: Wed, 11 Mar 2026 14:16:29 GMT
< Content-Type: application/json; charset=utf-8
< Transfer-Encoding: chunked
< Connection: keep-alive
< Vary: Accept-Encoding
< Access-Control-Allow-Origin: *
< Access-Control-Allow-Headers: Content-Type, X-Token, Authorization
< 
* Connection #0 to host localhost left intact

Response from detect.php: {"code":0,"message":"success","data":{"notifications":[],"unread_count":1,"detection_result":{"recharge":0,"withdraw":1,"agent":0,"magnifier":0,"system":0}},"timestamp":1773238589}
Detection result: Array
(
    [recharge] => 0
    [withdraw] => 1
    [agent] => 0
    [magnifier] => 0
    [system] => 0
)

Sent audit notification: {"type":"audit_notification","data":{"detection_result":{"recharge":0,"withdraw":1,"agent":0,"magnifier":0,"system":0}}}
Calling detect.php at: http://localhost:28806/task_admin/api/admin_notifications/detect.php?ws_server=true
cURL verbose log: *   Trying 127.0.0.1:28806...
* Connected to localhost (127.0.0.1) port 28806 (#0)
> GET /task_admin/api/admin_notifications/detect.php?ws_server=true HTTP/1.1
Host: localhost:28806
Accept: */*

* Mark bundle as not supporting multiuse
< HTTP/1.1 200 OK
< Server: nginx
< Date: Wed, 11 Mar 2026 14:17:29 GMT
< Content-Type: application/json; charset=utf-8
< Transfer-Encoding: chunked
< Connection: keep-alive
< Vary: Accept-Encoding
< Access-Control-Allow-Origin: *
< Access-Control-Allow-Headers: Content-Type, X-Token, Authorization
< 
* Connection #0 to host localhost left intact

Response from detect.php: {"code":0,"message":"success","data":{"notifications":[],"unread_count":1,"detection_result":{"recharge":0,"withdraw":1,"agent":0,"magnifier":0,"system":0}},"timestamp":1773238649}
Detection result: Array
(
    [recharge] => 0
    [withdraw] => 1
    [agent] => 0
    [magnifier] => 0
    [system] => 0
)

Sent audit notification: {"type":"audit_notification","data":{"detection_result":{"recharge":0,"withdraw":1,"agent":0,"magnifier":0,"system":0}}}
Calling detect.php at: http://localhost:28806/task_admin/api/admin_notifications/detect.php?ws_server=true
cURL verbose log: *   Trying 127.0.0.1:28806...
* Connected to localhost (127.0.0.1) port 28806 (#0)
> GET /task_admin/api/admin_notifications/detect.php?ws_server=true HTTP/1.1
Host: localhost:28806
Accept: */*

* Mark bundle as not supporting multiuse
< HTTP/1.1 200 OK
< Server: nginx
< Date: Wed, 11 Mar 2026 14:18:29 GMT
< Content-Type: application/json; charset=utf-8
< Transfer-Encoding: chunked
< Connection: keep-alive
< Vary: Accept-Encoding
< Access-Control-Allow-Origin: *
< Access-Control-Allow-Headers: Content-Type, X-Token, Authorization
< 
* Connection #0 to host localhost left intact

Response from detect.php: {"code":0,"message":"success","data":{"notifications":[],"unread_count":1,"detection_result":{"recharge":0,"withdraw":1,"agent":0,"magnifier":0,"system":0}},"timestamp":1773238709}
Detection result: Array
(
    [recharge] => 0
    [withdraw] => 1
    [agent] => 0
    [magnifier] => 0
    [system] => 0
)

Sent audit notification: {"type":"audit_notification","data":{"detection_result":{"recharge":0,"withdraw":1,"agent":0,"magnifier":0,"system":0}}}
Calling detect.php at: http://localhost:28806/task_admin/api/admin_notifications/detect.php?ws_server=true
cURL verbose log: *   Trying 127.0.0.1:28806...
* Connected to localhost (127.0.0.1) port 28806 (#0)
> GET /task_admin/api/admin_notifications/detect.php?ws_server=true HTTP/1.1
Host: localhost:28806
Accept: */*

* Mark bundle as not supporting multiuse
< HTTP/1.1 200 OK
< Server: nginx
< Date: Wed, 11 Mar 2026 14:19:29 GMT
< Content-Type: application/json; charset=utf-8
< Transfer-Encoding: chunked
< Connection: keep-alive
< Vary: Accept-Encoding
< Access-Control-Allow-Origin: *
< Access-Control-Allow-Headers: Content-Type, X-Token, Authorization
< 
* Connection #0 to host localhost left intact

Response from detect.php: {"code":0,"message":"success","data":{"notifications":[],"unread_count":1,"detection_result":{"recharge":0,"withdraw":1,"agent":0,"magnifier":0,"system":0}},"timestamp":1773238769}
Detection result: Array
(
    [recharge] => 0
    [withdraw] => 1
    [agent] => 0
    [magnifier] => 0
    [system] => 0
)

Sent audit notification: {"type":"audit_notification","data":{"detection_result":{"recharge":0,"withdraw":1,"agent":0,"magnifier":0,"system":0}}}
Calling detect.php at: http://localhost:28806/task_admin/api/admin_notifications/detect.php?ws_server=true
cURL verbose log: *   Trying 127.0.0.1:28806...
* Connected to localhost (127.0.0.1) port 28806 (#0)
> GET /task_admin/api/admin_notifications/detect.php?ws_server=true HTTP/1.1
Host: localhost:28806
Accept: */*

* Mark bundle as not supporting multiuse
< HTTP/1.1 200 OK
< Server: nginx
< Date: Wed, 11 Mar 2026 14:20:29 GMT
< Content-Type: application/json; charset=utf-8
< Transfer-Encoding: chunked
< Connection: keep-alive
< Vary: Accept-Encoding
< Access-Control-Allow-Origin: *
< Access-Control-Allow-Headers: Content-Type, X-Token, Authorization
< 
* Connection #0 to host localhost left intact

Response from detect.php: {"code":0,"message":"success","data":{"notifications":[],"unread_count":1,"detection_result":{"recharge":0,"withdraw":1,"agent":0,"magnifier":0,"system":0}},"timestamp":1773238829}
Detection result: Array
(
    [recharge] => 0
    [withdraw] => 1
    [agent] => 0
    [magnifier] => 0
    [system] => 0
)

Sent audit notification: {"type":"audit_notification","data":{"detection_result":{"recharge":0,"withdraw":1,"agent":0,"magnifier":0,"system":0}}}
Calling detect.php at: http://localhost:28806/task_admin/api/admin_notifications/detect.php?ws_server=true
cURL verbose log: *   Trying 127.0.0.1:28806...
* Connected to localhost (127.0.0.1) port 28806 (#0)
> GET /task_admin/api/admin_notifications/detect.php?ws_server=true HTTP/1.1
Host: localhost:28806
Accept: */*

* Mark bundle as not supporting multiuse
< HTTP/1.1 200 OK
< Server: nginx
< Date: Wed, 11 Mar 2026 14:21:29 GMT
< Content-Type: application/json; charset=utf-8
< Transfer-Encoding: chunked
< Connection: keep-alive
< Vary: Accept-Encoding
< Access-Control-Allow-Origin: *
< Access-Control-Allow-Headers: Content-Type, X-Token, Authorization
< 
* Connection #0 to host localhost left intact

Response from detect.php: {"code":0,"message":"success","data":{"notifications":[],"unread_count":1,"detection_result":{"recharge":0,"withdraw":1,"agent":0,"magnifier":0,"system":0}},"timestamp":1773238889}
Detection result: Array
(
    [recharge] => 0
    [withdraw] => 1
    [agent] => 0
    [magnifier] => 0
    [system] => 0
)

Sent audit notification: {"type":"audit_notification","data":{"detection_result":{"recharge":0,"withdraw":1,"agent":0,"magnifier":0,"system":0}}}
Calling detect.php at: http://localhost:28806/task_admin/api/admin_notifications/detect.php?ws_server=true
cURL verbose log: *   Trying 127.0.0.1:28806...
* Connected to localhost (127.0.0.1) port 28806 (#0)
> GET /task_admin/api/admin_notifications/detect.php?ws_server=true HTTP/1.1
Host: localhost:28806
Accept: */*

* Mark bundle as not supporting multiuse
< HTTP/1.1 200 OK
< Server: nginx
< Date: Wed, 11 Mar 2026 14:22:29 GMT
< Content-Type: application/json; charset=utf-8
< Transfer-Encoding: chunked
< Connection: keep-alive
< Vary: Accept-Encoding
< Access-Control-Allow-Origin: *
< Access-Control-Allow-Headers: Content-Type, X-Token, Authorization
< 
* Connection #0 to host localhost left intact

Response from detect.php: {"code":0,"message":"success","data":{"notifications":[],"unread_count":1,"detection_result":{"recharge":0,"withdraw":1,"agent":0,"magnifier":0,"system":0}},"timestamp":1773238949}
Detection result: Array
(
    [recharge] => 0
    [withdraw] => 1
    [agent] => 0
    [magnifier] => 0
    [system] => 0
)

Sent audit notification: {"type":"audit_notification","data":{"detection_result":{"recharge":0,"withdraw":1,"agent":0,"magnifier":0,"system":0}}}
Calling detect.php at: http://localhost:28806/task_admin/api/admin_notifications/detect.php?ws_server=true
cURL verbose log: *   Trying 127.0.0.1:28806...
* Connected to localhost (127.0.0.1) port 28806 (#0)
> GET /task_admin/api/admin_notifications/detect.php?ws_server=true HTTP/1.1
Host: localhost:28806
Accept: */*

* Mark bundle as not supporting multiuse
< HTTP/1.1 200 OK
< Server: nginx
< Date: Wed, 11 Mar 2026 14:23:29 GMT
< Content-Type: application/json; charset=utf-8
< Transfer-Encoding: chunked
< Connection: keep-alive
< Vary: Accept-Encoding
< Access-Control-Allow-Origin: *
< Access-Control-Allow-Headers: Content-Type, X-Token, Authorization
< 
* Connection #0 to host localhost left intact

Response from detect.php: {"code":0,"message":"success","data":{"notifications":[{"id":"27","type":"withdraw","title":"提现审核提醒","content":"有1条提现申请待审核","status":0,"priority":1,"data":{"count":1},"created_at":"2026-03-11 22:23:29"},{"id":"28","type":"system","title":"系统通知","content":"{content}","status":0,"priority":0,"data":{"count":0},"created_at":"2026-03-11 22:23:29"}],"unread_count":1,"detection_result":{"recharge":0,"withdraw":1,"agent":0,"magnifier":0,"system":0}},"timestamp":1773239009}
Detection result: Array
(
    [recharge] => 0
    [withdraw] => 1
    [agent] => 0
    [magnifier] => 0
    [system] => 0
)

Sent audit notification: {"type":"audit_notification","data":{"detection_result":{"recharge":0,"withdraw":1,"agent":0,"magnifier":0,"system":0}}}
Calling detect.php at: http://localhost:28806/task_admin/api/admin_notifications/detect.php?ws_server=true
cURL verbose log: *   Trying 127.0.0.1:28806...
* Connected to localhost (127.0.0.1) port 28806 (#0)
> GET /task_admin/api/admin_notifications/detect.php?ws_server=true HTTP/1.1
Host: localhost:28806
Accept: */*

* Mark bundle as not supporting multiuse
< HTTP/1.1 200 OK
< Server: nginx
< Date: Wed, 11 Mar 2026 14:24:29 GMT
< Content-Type: application/json; charset=utf-8
< Transfer-Encoding: chunked
< Connection: keep-alive
< Vary: Accept-Encoding
< Access-Control-Allow-Origin: *
< Access-Control-Allow-Headers: Content-Type, X-Token, Authorization
< 
* Connection #0 to host localhost left intact

Response from detect.php: {"code":0,"message":"success","data":{"notifications":[{"id":"29","type":"withdraw","title":"提现审核提醒","content":"有1条提现申请待审核","status":0,"priority":1,"data":{"count":1},"created_at":"2026-03-11 22:24:29"},{"id":"30","type":"system","title":"系统通知","content":"{content}","status":0,"priority":0,"data":{"count":0},"created_at":"2026-03-11 22:24:29"}],"unread_count":1,"detection_result":{"recharge":0,"withdraw":1,"agent":0,"magnifier":0,"system":0}},"timestamp":1773239069}
Detection result: Array
(
    [recharge] => 0
    [withdraw] => 1
    [agent] => 0
    [magnifier] => 0
    [system] => 0
)

Sent audit notification: {"type":"audit_notification","data":{"detection_result":{"recharge":0,"withdraw":1,"agent":0,"magnifier":0,"system":0}}}
Calling detect.php at: http://localhost:28806/task_admin/api/admin_notifications/detect.php?ws_server=true
cURL verbose log: *   Trying 127.0.0.1:28806...
* Connected to localhost (127.0.0.1) port 28806 (#0)
> GET /task_admin/api/admin_notifications/detect.php?ws_server=true HTTP/1.1
Host: localhost:28806
Accept: */*

* Mark bundle as not supporting multiuse
< HTTP/1.1 200 OK
< Server: nginx
< Date: Wed, 11 Mar 2026 14:25:29 GMT
< Content-Type: application/json; charset=utf-8
< Transfer-Encoding: chunked
< Connection: keep-alive
< Vary: Accept-Encoding
< Access-Control-Allow-Origin: *
< Access-Control-Allow-Headers: Content-Type, X-Token, Authorization
< 
* Connection #0 to host localhost left intact

Response from detect.php: {"code":0,"message":"success","data":{"notifications":[],"unread_count":1,"detection_result":{"recharge":0,"withdraw":1,"agent":0,"magnifier":0,"system":0}},"timestamp":1773239129}
Detection result: Array
(
    [recharge] => 0
    [withdraw] => 1
    [agent] => 0
    [magnifier] => 0
    [system] => 0
)

Sent audit notification: {"type":"audit_notification","data":{"detection_result":{"recharge":0,"withdraw":1,"agent":0,"magnifier":0,"system":0}}}
Calling detect.php at: http://localhost:28806/task_admin/api/admin_notifications/detect.php?ws_server=true
cURL verbose log: *   Trying 127.0.0.1:28806...
* Connected to localhost (127.0.0.1) port 28806 (#0)
> GET /task_admin/api/admin_notifications/detect.php?ws_server=true HTTP/1.1
Host: localhost:28806
Accept: */*

* Mark bundle as not supporting multiuse
< HTTP/1.1 200 OK
< Server: nginx
< Date: Wed, 11 Mar 2026 14:26:29 GMT
< Content-Type: application/json; charset=utf-8
< Transfer-Encoding: chunked
< Connection: keep-alive
< Vary: Accept-Encoding
< Access-Control-Allow-Origin: *
< Access-Control-Allow-Headers: Content-Type, X-Token, Authorization
< 
* Connection #0 to host localhost left intact

Response from detect.php: {"code":0,"message":"success","data":{"notifications":[],"unread_count":1,"detection_result":{"recharge":0,"withdraw":1,"agent":0,"magnifier":0,"system":0}},"timestamp":1773239189}
Detection result: Array
(
    [recharge] => 0
    [withdraw] => 1
    [agent] => 0
    [magnifier] => 0
    [system] => 0
)

Sent audit notification: {"type":"audit_notification","data":{"detection_result":{"recharge":0,"withdraw":1,"agent":0,"magnifier":0,"system":0}}}
Calling detect.php at: http://localhost:28806/task_admin/api/admin_notifications/detect.php?ws_server=true
cURL verbose log: *   Trying 127.0.0.1:28806...
* Connected to localhost (127.0.0.1) port 28806 (#0)
> GET /task_admin/api/admin_notifications/detect.php?ws_server=true HTTP/1.1
Host: localhost:28806
Accept: */*

* Mark bundle as not supporting multiuse
< HTTP/1.1 200 OK
< Server: nginx
< Date: Wed, 11 Mar 2026 14:27:29 GMT
< Content-Type: application/json; charset=utf-8
< Transfer-Encoding: chunked
< Connection: keep-alive
< Vary: Accept-Encoding
< Access-Control-Allow-Origin: *
< Access-Control-Allow-Headers: Content-Type, X-Token, Authorization
< 
* Connection #0 to host localhost left intact

Response from detect.php: {"code":0,"message":"success","data":{"notifications":[],"unread_count":1,"detection_result":{"recharge":0,"withdraw":1,"agent":0,"magnifier":0,"system":0}},"timestamp":1773239249}
Detection result: Array
(
    [recharge] => 0
    [withdraw] => 1
    [agent] => 0
    [magnifier] => 0
    [system] => 0
)

Sent audit notification: {"type":"audit_notification","data":{"detection_result":{"recharge":0,"withdraw":1,"agent":0,"magnifier":0,"system":0}}}
Calling detect.php at: http://localhost:28806/task_admin/api/admin_notifications/detect.php?ws_server=true
cURL verbose log: *   Trying 127.0.0.1:28806...
* Connected to localhost (127.0.0.1) port 28806 (#0)
> GET /task_admin/api/admin_notifications/detect.php?ws_server=true HTTP/1.1
Host: localhost:28806
Accept: */*

* Mark bundle as not supporting multiuse
< HTTP/1.1 200 OK
< Server: nginx
< Date: Wed, 11 Mar 2026 14:28:29 GMT
< Content-Type: application/json; charset=utf-8
< Transfer-Encoding: chunked
< Connection: keep-alive
< Vary: Accept-Encoding
< Access-Control-Allow-Origin: *
< Access-Control-Allow-Headers: Content-Type, X-Token, Authorization
< 
* Connection #0 to host localhost left intact

Response from detect.php: {"code":0,"message":"success","data":{"notifications":[],"unread_count":1,"detection_result":{"recharge":0,"withdraw":1,"agent":0,"magnifier":0,"system":0}},"timestamp":1773239309}
Detection result: Array
(
    [recharge] => 0
    [withdraw] => 1
    [agent] => 0
    [magnifier] => 0
    [system] => 0
)

Sent audit notification: {"type":"audit_notification","data":{"detection_result":{"recharge":0,"withdraw":1,"agent":0,"magnifier":0,"system":0}}}
Calling detect.php at: http://localhost:28806/task_admin/api/admin_notifications/detect.php?ws_server=true
cURL verbose log: *   Trying 127.0.0.1:28806...
* Connected to localhost (127.0.0.1) port 28806 (#0)
> GET /task_admin/api/admin_notifications/detect.php?ws_server=true HTTP/1.1
Host: localhost:28806
Accept: */*

* Mark bundle as not supporting multiuse
< HTTP/1.1 200 OK
< Server: nginx
< Date: Wed, 11 Mar 2026 14:29:29 GMT
< Content-Type: application/json; charset=utf-8
< Transfer-Encoding: chunked
< Connection: keep-alive
< Vary: Accept-Encoding
< Access-Control-Allow-Origin: *
< Access-Control-Allow-Headers: Content-Type, X-Token, Authorization
< 
* Connection #0 to host localhost left intact

Response from detect.php: {"code":0,"message":"success","data":{"notifications":[],"unread_count":1,"detection_result":{"recharge":0,"withdraw":1,"agent":0,"magnifier":0,"system":0}},"timestamp":1773239369}
Detection result: Array
(
    [recharge] => 0
    [withdraw] => 1
    [agent] => 0
    [magnifier] => 0
    [system] => 0
)

Sent audit notification: {"type":"audit_notification","data":{"detection_result":{"recharge":0,"withdraw":1,"agent":0,"magnifier":0,"system":0}}}
Calling detect.php at: http://localhost:28806/task_admin/api/admin_notifications/detect.php?ws_server=true
cURL verbose log: *   Trying 127.0.0.1:28806...
* Connected to localhost (127.0.0.1) port 28806 (#0)
> GET /task_admin/api/admin_notifications/detect.php?ws_server=true HTTP/1.1
Host: localhost:28806
Accept: */*

* Mark bundle as not supporting multiuse
< HTTP/1.1 200 OK
< Server: nginx
< Date: Wed, 11 Mar 2026 14:30:29 GMT
< Content-Type: application/json; charset=utf-8
< Transfer-Encoding: chunked
< Connection: keep-alive
< Vary: Accept-Encoding
< Access-Control-Allow-Origin: *
< Access-Control-Allow-Headers: Content-Type, X-Token, Authorization
< 
* Connection #0 to host localhost left intact

Response from detect.php: {"code":0,"message":"success","data":{"notifications":[],"unread_count":1,"detection_result":{"recharge":0,"withdraw":1,"agent":0,"magnifier":0,"system":0}},"timestamp":1773239429}
Detection result: Array
(
    [recharge] => 0
    [withdraw] => 1
    [agent] => 0
    [magnifier] => 0
    [system] => 0
)

Sent audit notification: {"type":"audit_notification","data":{"detection_result":{"recharge":0,"withdraw":1,"agent":0,"magnifier":0,"system":0}}}
Calling detect.php at: http://localhost:28806/task_admin/api/admin_notifications/detect.php?ws_server=true
cURL verbose log: *   Trying 127.0.0.1:28806...
* Connected to localhost (127.0.0.1) port 28806 (#0)
> GET /task_admin/api/admin_notifications/detect.php?ws_server=true HTTP/1.1
Host: localhost:28806
Accept: */*

* Mark bundle as not supporting multiuse
< HTTP/1.1 200 OK
< Server: nginx
< Date: Wed, 11 Mar 2026 14:31:29 GMT
< Content-Type: application/json; charset=utf-8
< Transfer-Encoding: chunked
< Connection: keep-alive
< Vary: Accept-Encoding
< Access-Control-Allow-Origin: *
< Access-Control-Allow-Headers: Content-Type, X-Token, Authorization
< 
* Connection #0 to host localhost left intact

Response from detect.php: {"code":0,"message":"success","data":{"notifications":[],"unread_count":1,"detection_result":{"recharge":0,"withdraw":1,"agent":0,"magnifier":0,"system":0}},"timestamp":1773239489}
Detection result: Array
(
    [recharge] => 0
    [withdraw] => 1
    [agent] => 0
    [magnifier] => 0
    [system] => 0
)

Sent audit notification: {"type":"audit_notification","data":{"detection_result":{"recharge":0,"withdraw":1,"agent":0,"magnifier":0,"system":0}}}
Calling detect.php at: http://localhost:28806/task_admin/api/admin_notifications/detect.php?ws_server=true
cURL verbose log: *   Trying 127.0.0.1:28806...
* Connected to localhost (127.0.0.1) port 28806 (#0)
> GET /task_admin/api/admin_notifications/detect.php?ws_server=true HTTP/1.1
Host: localhost:28806
Accept: */*

* Mark bundle as not supporting multiuse
< HTTP/1.1 200 OK
< Server: nginx
< Date: Wed, 11 Mar 2026 14:32:29 GMT
< Content-Type: application/json; charset=utf-8
< Transfer-Encoding: chunked
< Connection: keep-alive
< Vary: Accept-Encoding
< Access-Control-Allow-Origin: *
< Access-Control-Allow-Headers: Content-Type, X-Token, Authorization
< 
* Connection #0 to host localhost left intact

Response from detect.php: {"code":0,"message":"success","data":{"notifications":[],"unread_count":1,"detection_result":{"recharge":0,"withdraw":1,"agent":0,"magnifier":0,"system":0}},"timestamp":1773239549}
Detection result: Array
(
    [recharge] => 0
    [withdraw] => 1
    [agent] => 0
    [magnifier] => 0
    [system] => 0
)

Sent audit notification: {"type":"audit_notification","data":{"detection_result":{"recharge":0,"withdraw":1,"agent":0,"magnifier":0,"system":0}}}
Calling detect.php at: http://localhost:28806/task_admin/api/admin_notifications/detect.php?ws_server=true
cURL verbose log: *   Trying 127.0.0.1:28806...
* Connected to localhost (127.0.0.1) port 28806 (#0)
> GET /task_admin/api/admin_notifications/detect.php?ws_server=true HTTP/1.1
Host: localhost:28806
Accept: */*

* Mark bundle as not supporting multiuse
< HTTP/1.1 200 OK
< Server: nginx
< Date: Wed, 11 Mar 2026 14:33:29 GMT
< Content-Type: application/json; charset=utf-8
< Transfer-Encoding: chunked
< Connection: keep-alive
< Vary: Accept-Encoding
< Access-Control-Allow-Origin: *
< Access-Control-Allow-Headers: Content-Type, X-Token, Authorization
< 
* Connection #0 to host localhost left intact

Response from detect.php: {"code":0,"message":"success","data":{"notifications":[],"unread_count":1,"detection_result":{"recharge":0,"withdraw":1,"agent":0,"magnifier":0,"system":0}},"timestamp":1773239609}
Detection result: Array
(
    [recharge] => 0
    [withdraw] => 1
    [agent] => 0
    [magnifier] => 0
    [system] => 0
)

Sent audit notification: {"type":"audit_notification","data":{"detection_result":{"recharge":0,"withdraw":1,"agent":0,"magnifier":0,"system":0}}}
Calling detect.php at: http://localhost:28806/task_admin/api/admin_notifications/detect.php?ws_server=true
cURL verbose log: *   Trying 127.0.0.1:28806...
* Connected to localhost (127.0.0.1) port 28806 (#0)
> GET /task_admin/api/admin_notifications/detect.php?ws_server=true HTTP/1.1
Host: localhost:28806
Accept: */*

* Mark bundle as not supporting multiuse
< HTTP/1.1 200 OK
< Server: nginx
< Date: Wed, 11 Mar 2026 14:34:29 GMT
< Content-Type: application/json; charset=utf-8
< Transfer-Encoding: chunked
< Connection: keep-alive
< Vary: Accept-Encoding
< Access-Control-Allow-Origin: *
< Access-Control-Allow-Headers: Content-Type, X-Token, Authorization
< 
* Connection #0 to host localhost left intact

Response from detect.php: {"code":0,"message":"success","data":{"notifications":[],"unread_count":1,"detection_result":{"recharge":0,"withdraw":1,"agent":0,"magnifier":0,"system":0}},"timestamp":1773239669}
Detection result: Array
(
    [recharge] => 0
    [withdraw] => 1
    [agent] => 0
    [magnifier] => 0
    [system] => 0
)

Sent audit notification: {"type":"audit_notification","data":{"detection_result":{"recharge":0,"withdraw":1,"agent":0,"magnifier":0,"system":0}}}
Calling detect.php at: http://localhost:28806/task_admin/api/admin_notifications/detect.php?ws_server=true
cURL verbose log: *   Trying 127.0.0.1:28806...
* Connected to localhost (127.0.0.1) port 28806 (#0)
> GET /task_admin/api/admin_notifications/detect.php?ws_server=true HTTP/1.1
Host: localhost:28806
Accept: */*

* Mark bundle as not supporting multiuse
< HTTP/1.1 200 OK
< Server: nginx
< Date: Wed, 11 Mar 2026 14:35:29 GMT
< Content-Type: application/json; charset=utf-8
< Transfer-Encoding: chunked
< Connection: keep-alive
< Vary: Accept-Encoding
< Access-Control-Allow-Origin: *
< Access-Control-Allow-Headers: Content-Type, X-Token, Authorization
< 
* Connection #0 to host localhost left intact

Response from detect.php: {"code":0,"message":"success","data":{"notifications":[],"unread_count":1,"detection_result":{"recharge":0,"withdraw":1,"agent":0,"magnifier":0,"system":0}},"timestamp":1773239729}
Detection result: Array
(
    [recharge] => 0
    [withdraw] => 1
    [agent] => 0
    [magnifier] => 0
    [system] => 0
)

Sent audit notification: {"type":"audit_notification","data":{"detection_result":{"recharge":0,"withdraw":1,"agent":0,"magnifier":0,"system":0}}}
Calling detect.php at: http://localhost:28806/task_admin/api/admin_notifications/detect.php?ws_server=true
cURL verbose log: *   Trying 127.0.0.1:28806...
* Connected to localhost (127.0.0.1) port 28806 (#0)
> GET /task_admin/api/admin_notifications/detect.php?ws_server=true HTTP/1.1
Host: localhost:28806
Accept: */*

* Mark bundle as not supporting multiuse
< HTTP/1.1 200 OK
< Server: nginx
< Date: Wed, 11 Mar 2026 14:36:29 GMT
< Content-Type: application/json; charset=utf-8
< Transfer-Encoding: chunked
< Connection: keep-alive
< Vary: Accept-Encoding
< Access-Control-Allow-Origin: *
< Access-Control-Allow-Headers: Content-Type, X-Token, Authorization
< 
* Connection #0 to host localhost left intact

Response from detect.php: {"code":0,"message":"success","data":{"notifications":[],"unread_count":1,"detection_result":{"recharge":0,"withdraw":1,"agent":0,"magnifier":0,"system":0}},"timestamp":1773239789}
Detection result: Array
(
    [recharge] => 0
    [withdraw] => 1
    [agent] => 0
    [magnifier] => 0
    [system] => 0
)

Sent audit notification: {"type":"audit_notification","data":{"detection_result":{"recharge":0,"withdraw":1,"agent":0,"magnifier":0,"system":0}}}
Calling detect.php at: http://localhost:28806/task_admin/api/admin_notifications/detect.php?ws_server=true
cURL verbose log: *   Trying 127.0.0.1:28806...
* Connected to localhost (127.0.0.1) port 28806 (#0)
> GET /task_admin/api/admin_notifications/detect.php?ws_server=true HTTP/1.1
Host: localhost:28806
Accept: */*

* Mark bundle as not supporting multiuse
< HTTP/1.1 200 OK
< Server: nginx
< Date: Wed, 11 Mar 2026 14:37:29 GMT
< Content-Type: application/json; charset=utf-8
< Transfer-Encoding: chunked
< Connection: keep-alive
< Vary: Accept-Encoding
< Access-Control-Allow-Origin: *
< Access-Control-Allow-Headers: Content-Type, X-Token, Authorization
< 
* Connection #0 to host localhost left intact

Response from detect.php: {"code":0,"message":"success","data":{"notifications":[],"unread_count":1,"detection_result":{"recharge":0,"withdraw":1,"agent":0,"magnifier":0,"system":0}},"timestamp":1773239849}
Detection result: Array
(
    [recharge] => 0
    [withdraw] => 1
    [agent] => 0
    [magnifier] => 0
    [system] => 0
)

Sent audit notification: {"type":"audit_notification","data":{"detection_result":{"recharge":0,"withdraw":1,"agent":0,"magnifier":0,"system":0}}}
Calling detect.php at: http://localhost:28806/task_admin/api/admin_notifications/detect.php?ws_server=true
cURL verbose log: *   Trying 127.0.0.1:28806...
* Connected to localhost (127.0.0.1) port 28806 (#0)
> GET /task_admin/api/admin_notifications/detect.php?ws_server=true HTTP/1.1
Host: localhost:28806
Accept: */*

* Mark bundle as not supporting multiuse
< HTTP/1.1 200 OK
< Server: nginx
< Date: Wed, 11 Mar 2026 14:38:29 GMT
< Content-Type: application/json; charset=utf-8
< Transfer-Encoding: chunked
< Connection: keep-alive
< Vary: Accept-Encoding
< Access-Control-Allow-Origin: *
< Access-Control-Allow-Headers: Content-Type, X-Token, Authorization
< 
* Connection #0 to host localhost left intact

Response from detect.php: {"code":0,"message":"success","data":{"notifications":[],"unread_count":1,"detection_result":{"recharge":0,"withdraw":1,"agent":0,"magnifier":0,"system":0}},"timestamp":1773239909}
Detection result: Array
(
    [recharge] => 0
    [withdraw] => 1
    [agent] => 0
    [magnifier] => 0
    [system] => 0
)

Sent audit notification: {"type":"audit_notification","data":{"detection_result":{"recharge":0,"withdraw":1,"agent":0,"magnifier":0,"system":0}}}
Calling detect.php at: http://localhost:28806/task_admin/api/admin_notifications/detect.php?ws_server=true
cURL verbose log: *   Trying 127.0.0.1:28806...
* Connected to localhost (127.0.0.1) port 28806 (#0)
> GET /task_admin/api/admin_notifications/detect.php?ws_server=true HTTP/1.1
Host: localhost:28806
Accept: */*

* Mark bundle as not supporting multiuse
< HTTP/1.1 200 OK
< Server: nginx
< Date: Wed, 11 Mar 2026 14:39:29 GMT
< Content-Type: application/json; charset=utf-8
< Transfer-Encoding: chunked
< Connection: keep-alive
< Vary: Accept-Encoding
< Access-Control-Allow-Origin: *
< Access-Control-Allow-Headers: Content-Type, X-Token, Authorization
< 
* Connection #0 to host localhost left intact

Response from detect.php: {"code":0,"message":"success","data":{"notifications":[],"unread_count":1,"detection_result":{"recharge":0,"withdraw":1,"agent":0,"magnifier":0,"system":0}},"timestamp":1773239969}
Detection result: Array
(
    [recharge] => 0
    [withdraw] => 1
    [agent] => 0
    [magnifier] => 0
    [system] => 0
)

Sent audit notification: {"type":"audit_notification","data":{"detection_result":{"recharge":0,"withdraw":1,"agent":0,"magnifier":0,"system":0}}}
Calling detect.php at: http://localhost:28806/task_admin/api/admin_notifications/detect.php?ws_server=true
cURL verbose log: *   Trying 127.0.0.1:28806...
* Connected to localhost (127.0.0.1) port 28806 (#0)
> GET /task_admin/api/admin_notifications/detect.php?ws_server=true HTTP/1.1
Host: localhost:28806
Accept: */*

* Mark bundle as not supporting multiuse
< HTTP/1.1 200 OK
< Server: nginx
< Date: Wed, 11 Mar 2026 14:40:29 GMT
< Content-Type: application/json; charset=utf-8
< Transfer-Encoding: chunked
< Connection: keep-alive
< Vary: Accept-Encoding
< Access-Control-Allow-Origin: *
< Access-Control-Allow-Headers: Content-Type, X-Token, Authorization
< 
* Connection #0 to host localhost left intact

Response from detect.php: {"code":0,"message":"success","data":{"notifications":[{"id":"31","type":"recharge","title":"充值审核提醒","content":"有1条充值申请待审核","status":0,"priority":1,"data":{"count":1},"created_at":"2026-03-11 22:40:29"}],"unread_count":2,"detection_result":{"recharge":1,"withdraw":1,"agent":0,"magnifier":0,"system":0}},"timestamp":1773240029}
Detection result: Array
(
    [recharge] => 1
    [withdraw] => 1
    [agent] => 0
    [magnifier] => 0
    [system] => 0
)

Sent audit notification: {"type":"audit_notification","data":{"detection_result":{"recharge":1,"withdraw":1,"agent":0,"magnifier":0,"system":0}}}
Calling detect.php at: http://localhost:28806/task_admin/api/admin_notifications/detect.php?ws_server=true
cURL verbose log: *   Trying 127.0.0.1:28806...
* Connected to localhost (127.0.0.1) port 28806 (#0)
> GET /task_admin/api/admin_notifications/detect.php?ws_server=true HTTP/1.1
Host: localhost:28806
Accept: */*

* Mark bundle as not supporting multiuse
< HTTP/1.1 200 OK
< Server: nginx
< Date: Wed, 11 Mar 2026 14:41:29 GMT
< Content-Type: application/json; charset=utf-8
< Transfer-Encoding: chunked
< Connection: keep-alive
< Vary: Accept-Encoding
< Access-Control-Allow-Origin: *
< Access-Control-Allow-Headers: Content-Type, X-Token, Authorization
< 
* Connection #0 to host localhost left intact

Response from detect.php: {"code":0,"message":"success","data":{"notifications":[],"unread_count":2,"detection_result":{"recharge":1,"withdraw":1,"agent":0,"magnifier":0,"system":0}},"timestamp":1773240089}
Detection result: Array
(
    [recharge] => 1
    [withdraw] => 1
    [agent] => 0
    [magnifier] => 0
    [system] => 0
)

Sent audit notification: {"type":"audit_notification","data":{"detection_result":{"recharge":1,"withdraw":1,"agent":0,"magnifier":0,"system":0}}}
Calling detect.php at: http://localhost:28806/task_admin/api/admin_notifications/detect.php?ws_server=true
cURL verbose log: *   Trying 127.0.0.1:28806...
* Connected to localhost (127.0.0.1) port 28806 (#0)
> GET /task_admin/api/admin_notifications/detect.php?ws_server=true HTTP/1.1
Host: localhost:28806
Accept: */*

* Mark bundle as not supporting multiuse
< HTTP/1.1 200 OK
< Server: nginx
< Date: Wed, 11 Mar 2026 14:42:29 GMT
< Content-Type: application/json; charset=utf-8
< Transfer-Encoding: chunked
< Connection: keep-alive
< Vary: Accept-Encoding
< Access-Control-Allow-Origin: *
< Access-Control-Allow-Headers: Content-Type, X-Token, Authorization
< 
* Connection #0 to host localhost left intact

Response from detect.php: {"code":0,"message":"success","data":{"notifications":[],"unread_count":2,"detection_result":{"recharge":1,"withdraw":1,"agent":0,"magnifier":0,"system":0}},"timestamp":1773240149}
Detection result: Array
(
    [recharge] => 1
    [withdraw] => 1
    [agent] => 0
    [magnifier] => 0
    [system] => 0
)

Sent audit notification: {"type":"audit_notification","data":{"detection_result":{"recharge":1,"withdraw":1,"agent":0,"magnifier":0,"system":0}}}
Calling detect.php at: http://localhost:28806/task_admin/api/admin_notifications/detect.php?ws_server=true
cURL verbose log: *   Trying 127.0.0.1:28806...
* Connected to localhost (127.0.0.1) port 28806 (#0)
> GET /task_admin/api/admin_notifications/detect.php?ws_server=true HTTP/1.1
Host: localhost:28806
Accept: */*

* Mark bundle as not supporting multiuse
< HTTP/1.1 200 OK
< Server: nginx
< Date: Wed, 11 Mar 2026 14:43:29 GMT
< Content-Type: application/json; charset=utf-8
< Transfer-Encoding: chunked
< Connection: keep-alive
< Vary: Accept-Encoding
< Access-Control-Allow-Origin: *
< Access-Control-Allow-Headers: Content-Type, X-Token, Authorization
< 
* Connection #0 to host localhost left intact

Response from detect.php: {"code":0,"message":"success","data":{"notifications":[],"unread_count":2,"detection_result":{"recharge":1,"withdraw":1,"agent":0,"magnifier":0,"system":0}},"timestamp":1773240209}
Detection result: Array
(
    [recharge] => 1
    [withdraw] => 1
    [agent] => 0
    [magnifier] => 0
    [system] => 0
)

Sent audit notification: {"type":"audit_notification","data":{"detection_result":{"recharge":1,"withdraw":1,"agent":0,"magnifier":0,"system":0}}}
Calling detect.php at: http://localhost:28806/task_admin/api/admin_notifications/detect.php?ws_server=true
cURL verbose log: *   Trying 127.0.0.1:28806...
* Connected to localhost (127.0.0.1) port 28806 (#0)
> GET /task_admin/api/admin_notifications/detect.php?ws_server=true HTTP/1.1
Host: localhost:28806
Accept: */*

* Mark bundle as not supporting multiuse
< HTTP/1.1 200 OK
< Server: nginx
< Date: Wed, 11 Mar 2026 14:44:29 GMT
< Content-Type: application/json; charset=utf-8
< Transfer-Encoding: chunked
< Connection: keep-alive
< Vary: Accept-Encoding
< Access-Control-Allow-Origin: *
< Access-Control-Allow-Headers: Content-Type, X-Token, Authorization
< 
* Connection #0 to host localhost left intact

Response from detect.php: {"code":0,"message":"success","data":{"notifications":[],"unread_count":2,"detection_result":{"recharge":1,"withdraw":1,"agent":0,"magnifier":0,"system":0}},"timestamp":1773240269}
Detection result: Array
(
    [recharge] => 1
    [withdraw] => 1
    [agent] => 0
    [magnifier] => 0
    [system] => 0
)

Sent audit notification: {"type":"audit_notification","data":{"detection_result":{"recharge":1,"withdraw":1,"agent":0,"magnifier":0,"system":0}}}
Calling detect.php at: http://localhost:28806/task_admin/api/admin_notifications/detect.php?ws_server=true
cURL verbose log: *   Trying 127.0.0.1:28806...
* Connected to localhost (127.0.0.1) port 28806 (#0)
> GET /task_admin/api/admin_notifications/detect.php?ws_server=true HTTP/1.1
Host: localhost:28806
Accept: */*

* Mark bundle as not supporting multiuse
< HTTP/1.1 200 OK
< Server: nginx
< Date: Wed, 11 Mar 2026 14:45:29 GMT
< Content-Type: application/json; charset=utf-8
< Transfer-Encoding: chunked
< Connection: keep-alive
< Vary: Accept-Encoding
< Access-Control-Allow-Origin: *
< Access-Control-Allow-Headers: Content-Type, X-Token, Authorization
< 
* Connection #0 to host localhost left intact

Response from detect.php: {"code":0,"message":"success","data":{"notifications":[],"unread_count":2,"detection_result":{"recharge":1,"withdraw":1,"agent":0,"magnifier":0,"system":0}},"timestamp":1773240329}
Detection result: Array
(
    [recharge] => 1
    [withdraw] => 1
    [agent] => 0
    [magnifier] => 0
    [system] => 0
)

Sent audit notification: {"type":"audit_notification","data":{"detection_result":{"recharge":1,"withdraw":1,"agent":0,"magnifier":0,"system":0}}}
Calling detect.php at: http://localhost:28806/task_admin/api/admin_notifications/detect.php?ws_server=true
cURL verbose log: *   Trying 127.0.0.1:28806...
* Connected to localhost (127.0.0.1) port 28806 (#0)
> GET /task_admin/api/admin_notifications/detect.php?ws_server=true HTTP/1.1
Host: localhost:28806
Accept: */*

* Mark bundle as not supporting multiuse
< HTTP/1.1 200 OK
< Server: nginx
< Date: Wed, 11 Mar 2026 14:46:29 GMT
< Content-Type: application/json; charset=utf-8
< Transfer-Encoding: chunked
< Connection: keep-alive
< Vary: Accept-Encoding
< Access-Control-Allow-Origin: *
< Access-Control-Allow-Headers: Content-Type, X-Token, Authorization
< 
* Connection #0 to host localhost left intact

Response from detect.php: {"code":0,"message":"success","data":{"notifications":[],"unread_count":2,"detection_result":{"recharge":1,"withdraw":1,"agent":0,"magnifier":0,"system":0}},"timestamp":1773240389}
Detection result: Array
(
    [recharge] => 1
    [withdraw] => 1
    [agent] => 0
    [magnifier] => 0
    [system] => 0
)

Sent audit notification: {"type":"audit_notification","data":{"detection_result":{"recharge":1,"withdraw":1,"agent":0,"magnifier":0,"system":0}}}
Calling detect.php at: http://localhost:28806/task_admin/api/admin_notifications/detect.php?ws_server=true
cURL verbose log: *   Trying 127.0.0.1:28806...
* Connected to localhost (127.0.0.1) port 28806 (#0)
> GET /task_admin/api/admin_notifications/detect.php?ws_server=true HTTP/1.1
Host: localhost:28806
Accept: */*

* Mark bundle as not supporting multiuse
< HTTP/1.1 200 OK
< Server: nginx
< Date: Wed, 11 Mar 2026 14:47:29 GMT
< Content-Type: application/json; charset=utf-8
< Transfer-Encoding: chunked
< Connection: keep-alive
< Vary: Accept-Encoding
< Access-Control-Allow-Origin: *
< Access-Control-Allow-Headers: Content-Type, X-Token, Authorization
< 
* Connection #0 to host localhost left intact

Response from detect.php: {"code":0,"message":"success","data":{"notifications":[],"unread_count":2,"detection_result":{"recharge":1,"withdraw":1,"agent":0,"magnifier":0,"system":0}},"timestamp":1773240449}
Detection result: Array
(
    [recharge] => 1
    [withdraw] => 1
    [agent] => 0
    [magnifier] => 0
    [system] => 0
)

Sent audit notification: {"type":"audit_notification","data":{"detection_result":{"recharge":1,"withdraw":1,"agent":0,"magnifier":0,"system":0}}}
Calling detect.php at: http://localhost:28806/task_admin/api/admin_notifications/detect.php?ws_server=true
cURL verbose log: *   Trying 127.0.0.1:28806...
* Connected to localhost (127.0.0.1) port 28806 (#0)
> GET /task_admin/api/admin_notifications/detect.php?ws_server=true HTTP/1.1
Host: localhost:28806
Accept: */*

* Mark bundle as not supporting multiuse
< HTTP/1.1 200 OK
< Server: nginx
< Date: Wed, 11 Mar 2026 14:48:29 GMT
< Content-Type: application/json; charset=utf-8
< Transfer-Encoding: chunked
< Connection: keep-alive
< Vary: Accept-Encoding
< Access-Control-Allow-Origin: *
< Access-Control-Allow-Headers: Content-Type, X-Token, Authorization
< 
* Connection #0 to host localhost left intact

Response from detect.php: {"code":0,"message":"success","data":{"notifications":[],"unread_count":2,"detection_result":{"recharge":1,"withdraw":1,"agent":0,"magnifier":0,"system":0}},"timestamp":1773240509}
Detection result: Array
(
    [recharge] => 1
    [withdraw] => 1
    [agent] => 0
    [magnifier] => 0
    [system] => 0
)

Sent audit notification: {"type":"audit_notification","data":{"detection_result":{"recharge":1,"withdraw":1,"agent":0,"magnifier":0,"system":0}}}
Calling detect.php at: http://localhost:28806/task_admin/api/admin_notifications/detect.php?ws_server=true
cURL verbose log: *   Trying 127.0.0.1:28806...
* Connected to localhost (127.0.0.1) port 28806 (#0)
> GET /task_admin/api/admin_notifications/detect.php?ws_server=true HTTP/1.1
Host: localhost:28806
Accept: */*

* Mark bundle as not supporting multiuse
< HTTP/1.1 200 OK
< Server: nginx
< Date: Wed, 11 Mar 2026 14:49:29 GMT
< Content-Type: application/json; charset=utf-8
< Transfer-Encoding: chunked
< Connection: keep-alive
< Vary: Accept-Encoding
< Access-Control-Allow-Origin: *
< Access-Control-Allow-Headers: Content-Type, X-Token, Authorization
< 
* Connection #0 to host localhost left intact

Response from detect.php: {"code":0,"message":"success","data":{"notifications":[],"unread_count":2,"detection_result":{"recharge":1,"withdraw":1,"agent":0,"magnifier":0,"system":0}},"timestamp":1773240569}
Detection result: Array
(
    [recharge] => 1
    [withdraw] => 1
    [agent] => 0
    [magnifier] => 0
    [system] => 0
)

Sent audit notification: {"type":"audit_notification","data":{"detection_result":{"recharge":1,"withdraw":1,"agent":0,"magnifier":0,"system":0}}}
Calling detect.php at: http://localhost:28806/task_admin/api/admin_notifications/detect.php?ws_server=true
cURL verbose log: *   Trying 127.0.0.1:28806...
* Connected to localhost (127.0.0.1) port 28806 (#0)
> GET /task_admin/api/admin_notifications/detect.php?ws_server=true HTTP/1.1
Host: localhost:28806
Accept: */*

* Mark bundle as not supporting multiuse
< HTTP/1.1 200 OK
< Server: nginx
< Date: Wed, 11 Mar 2026 14:50:29 GMT
< Content-Type: application/json; charset=utf-8
< Transfer-Encoding: chunked
< Connection: keep-alive
< Vary: Accept-Encoding
< Access-Control-Allow-Origin: *
< Access-Control-Allow-Headers: Content-Type, X-Token, Authorization
< 
* Connection #0 to host localhost left intact

Response from detect.php: {"code":0,"message":"success","data":{"notifications":[],"unread_count":2,"detection_result":{"recharge":1,"withdraw":1,"agent":0,"magnifier":0,"system":0}},"timestamp":1773240629}
Detection result: Array
(
    [recharge] => 1
    [withdraw] => 1
    [agent] => 0
    [magnifier] => 0
    [system] => 0
)

Sent audit notification: {"type":"audit_notification","data":{"detection_result":{"recharge":1,"withdraw":1,"agent":0,"magnifier":0,"system":0}}}
Calling detect.php at: http://localhost:28806/task_admin/api/admin_notifications/detect.php?ws_server=true
cURL verbose log: *   Trying 127.0.0.1:28806...
* Connected to localhost (127.0.0.1) port 28806 (#0)
> GET /task_admin/api/admin_notifications/detect.php?ws_server=true HTTP/1.1
Host: localhost:28806
Accept: */*

* Mark bundle as not supporting multiuse
< HTTP/1.1 200 OK
< Server: nginx
< Date: Wed, 11 Mar 2026 14:51:29 GMT
< Content-Type: application/json; charset=utf-8
< Transfer-Encoding: chunked
< Connection: keep-alive
< Vary: Accept-Encoding
< Access-Control-Allow-Origin: *
< Access-Control-Allow-Headers: Content-Type, X-Token, Authorization
< 
* Connection #0 to host localhost left intact

Response from detect.php: {"code":0,"message":"success","data":{"notifications":[],"unread_count":2,"detection_result":{"recharge":1,"withdraw":1,"agent":0,"magnifier":0,"system":0}},"timestamp":1773240689}
Detection result: Array
(
    [recharge] => 1
    [withdraw] => 1
    [agent] => 0
    [magnifier] => 0
    [system] => 0
)

Sent audit notification: {"type":"audit_notification","data":{"detection_result":{"recharge":1,"withdraw":1,"agent":0,"magnifier":0,"system":0}}}
Calling detect.php at: http://localhost:28806/task_admin/api/admin_notifications/detect.php?ws_server=true
cURL verbose log: *   Trying 127.0.0.1:28806...
* Connected to localhost (127.0.0.1) port 28806 (#0)
> GET /task_admin/api/admin_notifications/detect.php?ws_server=true HTTP/1.1
Host: localhost:28806
Accept: */*

* Mark bundle as not supporting multiuse
< HTTP/1.1 200 OK
< Server: nginx
< Date: Wed, 11 Mar 2026 14:52:29 GMT
< Content-Type: application/json; charset=utf-8
< Transfer-Encoding: chunked
< Connection: keep-alive
< Vary: Accept-Encoding
< Access-Control-Allow-Origin: *
< Access-Control-Allow-Headers: Content-Type, X-Token, Authorization
< 
* Connection #0 to host localhost left intact

Response from detect.php: {"code":0,"message":"success","data":{"notifications":[],"unread_count":2,"detection_result":{"recharge":1,"withdraw":1,"agent":0,"magnifier":0,"system":0}},"timestamp":1773240749}
Detection result: Array
(
    [recharge] => 1
    [withdraw] => 1
    [agent] => 0
    [magnifier] => 0
    [system] => 0
)

Sent audit notification: {"type":"audit_notification","data":{"detection_result":{"recharge":1,"withdraw":1,"agent":0,"magnifier":0,"system":0}}}
Calling detect.php at: http://localhost:28806/task_admin/api/admin_notifications/detect.php?ws_server=true
cURL verbose log: *   Trying 127.0.0.1:28806...
* Connected to localhost (127.0.0.1) port 28806 (#0)
> GET /task_admin/api/admin_notifications/detect.php?ws_server=true HTTP/1.1
Host: localhost:28806
Accept: */*

* Mark bundle as not supporting multiuse
< HTTP/1.1 200 OK
< Server: nginx
< Date: Wed, 11 Mar 2026 14:53:29 GMT
< Content-Type: application/json; charset=utf-8
< Transfer-Encoding: chunked
< Connection: keep-alive
< Vary: Accept-Encoding
< Access-Control-Allow-Origin: *
< Access-Control-Allow-Headers: Content-Type, X-Token, Authorization
< 
* Connection #0 to host localhost left intact

Response from detect.php: {"code":0,"message":"success","data":{"notifications":[],"unread_count":2,"detection_result":{"recharge":1,"withdraw":1,"agent":0,"magnifier":0,"system":0}},"timestamp":1773240809}
Detection result: Array
(
    [recharge] => 1
    [withdraw] => 1
    [agent] => 0
    [magnifier] => 0
    [system] => 0
)

Sent audit notification: {"type":"audit_notification","data":{"detection_result":{"recharge":1,"withdraw":1,"agent":0,"magnifier":0,"system":0}}}
Calling detect.php at: http://localhost:28806/task_admin/api/admin_notifications/detect.php?ws_server=true
cURL verbose log: *   Trying 127.0.0.1:28806...
* Connected to localhost (127.0.0.1) port 28806 (#0)
> GET /task_admin/api/admin_notifications/detect.php?ws_server=true HTTP/1.1
Host: localhost:28806
Accept: */*

* Mark bundle as not supporting multiuse
< HTTP/1.1 200 OK
< Server: nginx
< Date: Wed, 11 Mar 2026 14:54:30 GMT
< Content-Type: application/json; charset=utf-8
< Transfer-Encoding: chunked
< Connection: keep-alive
< Vary: Accept-Encoding
< Access-Control-Allow-Origin: *
< Access-Control-Allow-Headers: Content-Type, X-Token, Authorization
< 
* Connection #0 to host localhost left intact

Response from detect.php: {"code":0,"message":"success","data":{"notifications":[],"unread_count":2,"detection_result":{"recharge":1,"withdraw":1,"agent":0,"magnifier":0,"system":0}},"timestamp":1773240870}
Detection result: Array
(
    [recharge] => 1
    [withdraw] => 1
    [agent] => 0
    [magnifier] => 0
    [system] => 0
)

Sent audit notification: {"type":"audit_notification","data":{"detection_result":{"recharge":1,"withdraw":1,"agent":0,"magnifier":0,"system":0}}}
Calling detect.php at: http://localhost:28806/task_admin/api/admin_notifications/detect.php?ws_server=true
cURL verbose log: *   Trying 127.0.0.1:28806...
* Connected to localhost (127.0.0.1) port 28806 (#0)
> GET /task_admin/api/admin_notifications/detect.php?ws_server=true HTTP/1.1
Host: localhost:28806
Accept: */*

* Mark bundle as not supporting multiuse
< HTTP/1.1 200 OK
< Server: nginx
< Date: Wed, 11 Mar 2026 14:55:29 GMT
< Content-Type: application/json; charset=utf-8
< Transfer-Encoding: chunked
< Connection: keep-alive
< Vary: Accept-Encoding
< Access-Control-Allow-Origin: *
< Access-Control-Allow-Headers: Content-Type, X-Token, Authorization
< 
* Connection #0 to host localhost left intact

Response from detect.php: {"code":0,"message":"success","data":{"notifications":[],"unread_count":2,"detection_result":{"recharge":1,"withdraw":1,"agent":0,"magnifier":0,"system":0}},"timestamp":1773240929}
Detection result: Array
(
    [recharge] => 1
    [withdraw] => 1
    [agent] => 0
    [magnifier] => 0
    [system] => 0
)

Sent audit notification: {"type":"audit_notification","data":{"detection_result":{"recharge":1,"withdraw":1,"agent":0,"magnifier":0,"system":0}}}
Calling detect.php at: http://localhost:28806/task_admin/api/admin_notifications/detect.php?ws_server=true
cURL verbose log: *   Trying 127.0.0.1:28806...
* Connected to localhost (127.0.0.1) port 28806 (#0)
> GET /task_admin/api/admin_notifications/detect.php?ws_server=true HTTP/1.1
Host: localhost:28806
Accept: */*

* Mark bundle as not supporting multiuse
< HTTP/1.1 200 OK
< Server: nginx
< Date: Wed, 11 Mar 2026 14:56:29 GMT
< Content-Type: application/json; charset=utf-8
< Transfer-Encoding: chunked
< Connection: keep-alive
< Vary: Accept-Encoding
< Access-Control-Allow-Origin: *
< Access-Control-Allow-Headers: Content-Type, X-Token, Authorization
< 
* Connection #0 to host localhost left intact

Response from detect.php: {"code":0,"message":"success","data":{"notifications":[],"unread_count":2,"detection_result":{"recharge":1,"withdraw":1,"agent":0,"magnifier":0,"system":0}},"timestamp":1773240989}
Detection result: Array
(
    [recharge] => 1
    [withdraw] => 1
    [agent] => 0
    [magnifier] => 0
    [system] => 0
)

Sent audit notification: {"type":"audit_notification","data":{"detection_result":{"recharge":1,"withdraw":1,"agent":0,"magnifier":0,"system":0}}}
Calling detect.php at: http://localhost:28806/task_admin/api/admin_notifications/detect.php?ws_server=true
cURL verbose log: *   Trying 127.0.0.1:28806...
* Connected to localhost (127.0.0.1) port 28806 (#0)
> GET /task_admin/api/admin_notifications/detect.php?ws_server=true HTTP/1.1
Host: localhost:28806
Accept: */*

* Mark bundle as not supporting multiuse
< HTTP/1.1 200 OK
< Server: nginx
< Date: Wed, 11 Mar 2026 14:57:29 GMT
< Content-Type: application/json; charset=utf-8
< Transfer-Encoding: chunked
< Connection: keep-alive
< Vary: Accept-Encoding
< Access-Control-Allow-Origin: *
< Access-Control-Allow-Headers: Content-Type, X-Token, Authorization
< 
* Connection #0 to host localhost left intact

Response from detect.php: {"code":0,"message":"success","data":{"notifications":[],"unread_count":2,"detection_result":{"recharge":1,"withdraw":1,"agent":0,"magnifier":0,"system":0}},"timestamp":1773241049}
Detection result: Array
(
    [recharge] => 1
    [withdraw] => 1
    [agent] => 0
    [magnifier] => 0
    [system] => 0
)

Sent audit notification: {"type":"audit_notification","data":{"detection_result":{"recharge":1,"withdraw":1,"agent":0,"magnifier":0,"system":0}}}
Calling detect.php at: http://localhost:28806/task_admin/api/admin_notifications/detect.php?ws_server=true
cURL verbose log: *   Trying 127.0.0.1:28806...
* Connected to localhost (127.0.0.1) port 28806 (#0)
> GET /task_admin/api/admin_notifications/detect.php?ws_server=true HTTP/1.1
Host: localhost:28806
Accept: */*

* Mark bundle as not supporting multiuse
< HTTP/1.1 200 OK
< Server: nginx
< Date: Wed, 11 Mar 2026 14:58:29 GMT
< Content-Type: application/json; charset=utf-8
< Transfer-Encoding: chunked
< Connection: keep-alive
< Vary: Accept-Encoding
< Access-Control-Allow-Origin: *
< Access-Control-Allow-Headers: Content-Type, X-Token, Authorization
< 
* Connection #0 to host localhost left intact

Response from detect.php: {"code":0,"message":"success","data":{"notifications":[],"unread_count":2,"detection_result":{"recharge":1,"withdraw":1,"agent":0,"magnifier":0,"system":0}},"timestamp":1773241109}
Detection result: Array
(
    [recharge] => 1
    [withdraw] => 1
    [agent] => 0
    [magnifier] => 0
    [system] => 0
)

Sent audit notification: {"type":"audit_notification","data":{"detection_result":{"recharge":1,"withdraw":1,"agent":0,"magnifier":0,"system":0}}}
Calling detect.php at: http://localhost:28806/task_admin/api/admin_notifications/detect.php?ws_server=true
cURL verbose log: *   Trying 127.0.0.1:28806...
* Connected to localhost (127.0.0.1) port 28806 (#0)
> GET /task_admin/api/admin_notifications/detect.php?ws_server=true HTTP/1.1
Host: localhost:28806
Accept: */*

* Mark bundle as not supporting multiuse
< HTTP/1.1 200 OK
< Server: nginx
< Date: Wed, 11 Mar 2026 14:59:29 GMT
< Content-Type: application/json; charset=utf-8
< Transfer-Encoding: chunked
< Connection: keep-alive
< Vary: Accept-Encoding
< Access-Control-Allow-Origin: *
< Access-Control-Allow-Headers: Content-Type, X-Token, Authorization
< 
* Connection #0 to host localhost left intact

Response from detect.php: {"code":0,"message":"success","data":{"notifications":[],"unread_count":2,"detection_result":{"recharge":2,"withdraw":1,"agent":0,"magnifier":0,"system":0}},"timestamp":1773241169}
Detection result: Array
(
    [recharge] => 2
    [withdraw] => 1
    [agent] => 0
    [magnifier] => 0
    [system] => 0
)

Sent audit notification: {"type":"audit_notification","data":{"detection_result":{"recharge":2,"withdraw":1,"agent":0,"magnifier":0,"system":0}}}
Calling detect.php at: http://localhost:28806/task_admin/api/admin_notifications/detect.php?ws_server=true
cURL verbose log: *   Trying 127.0.0.1:28806...
* Connected to localhost (127.0.0.1) port 28806 (#0)
> GET /task_admin/api/admin_notifications/detect.php?ws_server=true HTTP/1.1
Host: localhost:28806
Accept: */*

* Mark bundle as not supporting multiuse
< HTTP/1.1 200 OK
< Server: nginx
< Date: Wed, 11 Mar 2026 15:00:29 GMT
< Content-Type: application/json; charset=utf-8
< Transfer-Encoding: chunked
< Connection: keep-alive
< Vary: Accept-Encoding
< Access-Control-Allow-Origin: *
< Access-Control-Allow-Headers: Content-Type, X-Token, Authorization
< 
* Connection #0 to host localhost left intact

Response from detect.php: {"code":0,"message":"success","data":{"notifications":[],"unread_count":2,"detection_result":{"recharge":2,"withdraw":1,"agent":0,"magnifier":0,"system":0}},"timestamp":1773241229}
Detection result: Array
(
    [recharge] => 2
    [withdraw] => 1
    [agent] => 0
    [magnifier] => 0
    [system] => 0
)

Sent audit notification: {"type":"audit_notification","data":{"detection_result":{"recharge":2,"withdraw":1,"agent":0,"magnifier":0,"system":0}}}
Calling detect.php at: http://localhost:28806/task_admin/api/admin_notifications/detect.php?ws_server=true
cURL verbose log: *   Trying 127.0.0.1:28806...
* Connected to localhost (127.0.0.1) port 28806 (#0)
> GET /task_admin/api/admin_notifications/detect.php?ws_server=true HTTP/1.1
Host: localhost:28806
Accept: */*

* Mark bundle as not supporting multiuse
< HTTP/1.1 200 OK
< Server: nginx
< Date: Wed, 11 Mar 2026 15:01:29 GMT
< Content-Type: application/json; charset=utf-8
< Transfer-Encoding: chunked
< Connection: keep-alive
< Vary: Accept-Encoding
< Access-Control-Allow-Origin: *
< Access-Control-Allow-Headers: Content-Type, X-Token, Authorization
< 
* Connection #0 to host localhost left intact

Response from detect.php: {"code":0,"message":"success","data":{"notifications":[],"unread_count":2,"detection_result":{"recharge":2,"withdraw":1,"agent":0,"magnifier":0,"system":0}},"timestamp":1773241289}
Detection result: Array
(
    [recharge] => 2
    [withdraw] => 1
    [agent] => 0
    [magnifier] => 0
    [system] => 0
)

Sent audit notification: {"type":"audit_notification","data":{"detection_result":{"recharge":2,"withdraw":1,"agent":0,"magnifier":0,"system":0}}}
Calling detect.php at: http://localhost:28806/task_admin/api/admin_notifications/detect.php?ws_server=true
cURL verbose log: *   Trying 127.0.0.1:28806...
* Connected to localhost (127.0.0.1) port 28806 (#0)
> GET /task_admin/api/admin_notifications/detect.php?ws_server=true HTTP/1.1
Host: localhost:28806
Accept: */*

* Mark bundle as not supporting multiuse
< HTTP/1.1 200 OK
< Server: nginx
< Date: Wed, 11 Mar 2026 15:02:29 GMT
< Content-Type: application/json; charset=utf-8
< Transfer-Encoding: chunked
< Connection: keep-alive
< Vary: Accept-Encoding
< Access-Control-Allow-Origin: *
< Access-Control-Allow-Headers: Content-Type, X-Token, Authorization
< 
* Connection #0 to host localhost left intact

Response from detect.php: {"code":0,"message":"success","data":{"notifications":[],"unread_count":2,"detection_result":{"recharge":2,"withdraw":1,"agent":0,"magnifier":0,"system":0}},"timestamp":1773241349}
Detection result: Array
(
    [recharge] => 2
    [withdraw] => 1
    [agent] => 0
    [magnifier] => 0
    [system] => 0
)

Sent audit notification: {"type":"audit_notification","data":{"detection_result":{"recharge":2,"withdraw":1,"agent":0,"magnifier":0,"system":0}}}
Calling detect.php at: http://localhost:28806/task_admin/api/admin_notifications/detect.php?ws_server=true
cURL verbose log: *   Trying 127.0.0.1:28806...
* Connected to localhost (127.0.0.1) port 28806 (#0)
> GET /task_admin/api/admin_notifications/detect.php?ws_server=true HTTP/1.1
Host: localhost:28806
Accept: */*

* Mark bundle as not supporting multiuse
< HTTP/1.1 200 OK
< Server: nginx
< Date: Wed, 11 Mar 2026 15:03:29 GMT
< Content-Type: application/json; charset=utf-8
< Transfer-Encoding: chunked
< Connection: keep-alive
< Vary: Accept-Encoding
< Access-Control-Allow-Origin: *
< Access-Control-Allow-Headers: Content-Type, X-Token, Authorization
< 
* Connection #0 to host localhost left intact

Response from detect.php: {"code":0,"message":"success","data":{"notifications":[],"unread_count":2,"detection_result":{"recharge":2,"withdraw":1,"agent":0,"magnifier":0,"system":0}},"timestamp":1773241409}
Detection result: Array
(
    [recharge] => 2
    [withdraw] => 1
    [agent] => 0
    [magnifier] => 0
    [system] => 0
)

Sent audit notification: {"type":"audit_notification","data":{"detection_result":{"recharge":2,"withdraw":1,"agent":0,"magnifier":0,"system":0}}}
Calling detect.php at: http://localhost:28806/task_admin/api/admin_notifications/detect.php?ws_server=true
cURL verbose log: *   Trying 127.0.0.1:28806...
* Connected to localhost (127.0.0.1) port 28806 (#0)
> GET /task_admin/api/admin_notifications/detect.php?ws_server=true HTTP/1.1
Host: localhost:28806
Accept: */*

* Mark bundle as not supporting multiuse
< HTTP/1.1 200 OK
< Server: nginx
< Date: Wed, 11 Mar 2026 15:04:29 GMT
< Content-Type: application/json; charset=utf-8
< Transfer-Encoding: chunked
< Connection: keep-alive
< Vary: Accept-Encoding
< Access-Control-Allow-Origin: *
< Access-Control-Allow-Headers: Content-Type, X-Token, Authorization
< 
* Connection #0 to host localhost left intact

Response from detect.php: {"code":0,"message":"success","data":{"notifications":[],"unread_count":2,"detection_result":{"recharge":2,"withdraw":1,"agent":0,"magnifier":0,"system":0}},"timestamp":1773241469}
Detection result: Array
(
    [recharge] => 2
    [withdraw] => 1
    [agent] => 0
    [magnifier] => 0
    [system] => 0
)

Sent audit notification: {"type":"audit_notification","data":{"detection_result":{"recharge":2,"withdraw":1,"agent":0,"magnifier":0,"system":0}}}
Calling detect.php at: http://localhost:28806/task_admin/api/admin_notifications/detect.php?ws_server=true
cURL verbose log: *   Trying 127.0.0.1:28806...
* Connected to localhost (127.0.0.1) port 28806 (#0)
> GET /task_admin/api/admin_notifications/detect.php?ws_server=true HTTP/1.1
Host: localhost:28806
Accept: */*

* Mark bundle as not supporting multiuse
< HTTP/1.1 200 OK
< Server: nginx
< Date: Wed, 11 Mar 2026 15:05:29 GMT
< Content-Type: application/json; charset=utf-8
< Transfer-Encoding: chunked
< Connection: keep-alive
< Vary: Accept-Encoding
< Access-Control-Allow-Origin: *
< Access-Control-Allow-Headers: Content-Type, X-Token, Authorization
< 
* Connection #0 to host localhost left intact

Response from detect.php: {"code":0,"message":"success","data":{"notifications":[],"unread_count":2,"detection_result":{"recharge":2,"withdraw":1,"agent":0,"magnifier":0,"system":0}},"timestamp":1773241529}
Detection result: Array
(
    [recharge] => 2
    [withdraw] => 1
    [agent] => 0
    [magnifier] => 0
    [system] => 0
)

Sent audit notification: {"type":"audit_notification","data":{"detection_result":{"recharge":2,"withdraw":1,"agent":0,"magnifier":0,"system":0}}}
Calling detect.php at: http://localhost:28806/task_admin/api/admin_notifications/detect.php?ws_server=true
cURL verbose log: *   Trying 127.0.0.1:28806...
* Connected to localhost (127.0.0.1) port 28806 (#0)
> GET /task_admin/api/admin_notifications/detect.php?ws_server=true HTTP/1.1
Host: localhost:28806
Accept: */*

* Mark bundle as not supporting multiuse
< HTTP/1.1 200 OK
< Server: nginx
< Date: Wed, 11 Mar 2026 15:06:29 GMT
< Content-Type: application/json; charset=utf-8
< Transfer-Encoding: chunked
< Connection: keep-alive
< Vary: Accept-Encoding
< Access-Control-Allow-Origin: *
< Access-Control-Allow-Headers: Content-Type, X-Token, Authorization
< 
* Connection #0 to host localhost left intact

Response from detect.php: {"code":0,"message":"success","data":{"notifications":[],"unread_count":2,"detection_result":{"recharge":2,"withdraw":1,"agent":0,"magnifier":0,"system":0}},"timestamp":1773241589}
Detection result: Array
(
    [recharge] => 2
    [withdraw] => 1
    [agent] => 0
    [magnifier] => 0
    [system] => 0
)

Sent audit notification: {"type":"audit_notification","data":{"detection_result":{"recharge":2,"withdraw":1,"agent":0,"magnifier":0,"system":0}}}
Calling detect.php at: http://localhost:28806/task_admin/api/admin_notifications/detect.php?ws_server=true
cURL verbose log: *   Trying 127.0.0.1:28806...
* Connected to localhost (127.0.0.1) port 28806 (#0)
> GET /task_admin/api/admin_notifications/detect.php?ws_server=true HTTP/1.1
Host: localhost:28806
Accept: */*

* Mark bundle as not supporting multiuse
< HTTP/1.1 200 OK
< Server: nginx
< Date: Wed, 11 Mar 2026 15:07:29 GMT
< Content-Type: application/json; charset=utf-8
< Transfer-Encoding: chunked
< Connection: keep-alive
< Vary: Accept-Encoding
< Access-Control-Allow-Origin: *
< Access-Control-Allow-Headers: Content-Type, X-Token, Authorization
< 
* Connection #0 to host localhost left intact

Response from detect.php: {"code":0,"message":"success","data":{"notifications":[],"unread_count":2,"detection_result":{"recharge":2,"withdraw":1,"agent":0,"magnifier":0,"system":0}},"timestamp":1773241649}
Detection result: Array
(
    [recharge] => 2
    [withdraw] => 1
    [agent] => 0
    [magnifier] => 0
    [system] => 0
)

Sent audit notification: {"type":"audit_notification","data":{"detection_result":{"recharge":2,"withdraw":1,"agent":0,"magnifier":0,"system":0}}}
Calling detect.php at: http://localhost:28806/task_admin/api/admin_notifications/detect.php?ws_server=true
cURL verbose log: *   Trying 127.0.0.1:28806...
* Connected to localhost (127.0.0.1) port 28806 (#0)
> GET /task_admin/api/admin_notifications/detect.php?ws_server=true HTTP/1.1
Host: localhost:28806
Accept: */*

* Mark bundle as not supporting multiuse
< HTTP/1.1 200 OK
< Server: nginx
< Date: Wed, 11 Mar 2026 15:08:29 GMT
< Content-Type: application/json; charset=utf-8
< Transfer-Encoding: chunked
< Connection: keep-alive
< Vary: Accept-Encoding
< Access-Control-Allow-Origin: *
< Access-Control-Allow-Headers: Content-Type, X-Token, Authorization
< 
* Connection #0 to host localhost left intact

Response from detect.php: {"code":0,"message":"success","data":{"notifications":[],"unread_count":2,"detection_result":{"recharge":2,"withdraw":1,"agent":0,"magnifier":0,"system":0}},"timestamp":1773241709}
Detection result: Array
(
    [recharge] => 2
    [withdraw] => 1
    [agent] => 0
    [magnifier] => 0
    [system] => 0
)

Sent audit notification: {"type":"audit_notification","data":{"detection_result":{"recharge":2,"withdraw":1,"agent":0,"magnifier":0,"system":0}}}
Calling detect.php at: http://localhost:28806/task_admin/api/admin_notifications/detect.php?ws_server=true
cURL verbose log: *   Trying 127.0.0.1:28806...
* Connected to localhost (127.0.0.1) port 28806 (#0)
> GET /task_admin/api/admin_notifications/detect.php?ws_server=true HTTP/1.1
Host: localhost:28806
Accept: */*

* Mark bundle as not supporting multiuse
< HTTP/1.1 200 OK
< Server: nginx
< Date: Wed, 11 Mar 2026 15:09:29 GMT
< Content-Type: application/json; charset=utf-8
< Transfer-Encoding: chunked
< Connection: keep-alive
< Vary: Accept-Encoding
< Access-Control-Allow-Origin: *
< Access-Control-Allow-Headers: Content-Type, X-Token, Authorization
< 
* Connection #0 to host localhost left intact

Response from detect.php: {"code":0,"message":"success","data":{"notifications":[],"unread_count":2,"detection_result":{"recharge":2,"withdraw":1,"agent":0,"magnifier":0,"system":0}},"timestamp":1773241769}
Detection result: Array
(
    [recharge] => 2
    [withdraw] => 1
    [agent] => 0
    [magnifier] => 0
    [system] => 0
)

Sent audit notification: {"type":"audit_notification","data":{"detection_result":{"recharge":2,"withdraw":1,"agent":0,"magnifier":0,"system":0}}}
Calling detect.php at: http://localhost:28806/task_admin/api/admin_notifications/detect.php?ws_server=true
cURL verbose log: *   Trying 127.0.0.1:28806...
* Connected to localhost (127.0.0.1) port 28806 (#0)
> GET /task_admin/api/admin_notifications/detect.php?ws_server=true HTTP/1.1
Host: localhost:28806
Accept: */*

* Mark bundle as not supporting multiuse
< HTTP/1.1 200 OK
< Server: nginx
< Date: Wed, 11 Mar 2026 15:10:29 GMT
< Content-Type: application/json; charset=utf-8
< Transfer-Encoding: chunked
< Connection: keep-alive
< Vary: Accept-Encoding
< Access-Control-Allow-Origin: *
< Access-Control-Allow-Headers: Content-Type, X-Token, Authorization
< 
* Connection #0 to host localhost left intact

Response from detect.php: {"code":0,"message":"success","data":{"notifications":[],"unread_count":2,"detection_result":{"recharge":2,"withdraw":1,"agent":0,"magnifier":0,"system":0}},"timestamp":1773241829}
Detection result: Array
(
    [recharge] => 2
    [withdraw] => 1
    [agent] => 0
    [magnifier] => 0
    [system] => 0
)

Sent audit notification: {"type":"audit_notification","data":{"detection_result":{"recharge":2,"withdraw":1,"agent":0,"magnifier":0,"system":0}}}
Calling detect.php at: http://localhost:28806/task_admin/api/admin_notifications/detect.php?ws_server=true
cURL verbose log: *   Trying 127.0.0.1:28806...
* Connected to localhost (127.0.0.1) port 28806 (#0)
> GET /task_admin/api/admin_notifications/detect.php?ws_server=true HTTP/1.1
Host: localhost:28806
Accept: */*

* Mark bundle as not supporting multiuse
< HTTP/1.1 200 OK
< Server: nginx
< Date: Wed, 11 Mar 2026 15:11:29 GMT
< Content-Type: application/json; charset=utf-8
< Transfer-Encoding: chunked
< Connection: keep-alive
< Vary: Accept-Encoding
< Access-Control-Allow-Origin: *
< Access-Control-Allow-Headers: Content-Type, X-Token, Authorization
< 
* Connection #0 to host localhost left intact

Response from detect.php: {"code":0,"message":"success","data":{"notifications":[],"unread_count":2,"detection_result":{"recharge":2,"withdraw":1,"agent":0,"magnifier":0,"system":0}},"timestamp":1773241889}
Detection result: Array
(
    [recharge] => 2
    [withdraw] => 1
    [agent] => 0
    [magnifier] => 0
    [system] => 0
)

Sent audit notification: {"type":"audit_notification","data":{"detection_result":{"recharge":2,"withdraw":1,"agent":0,"magnifier":0,"system":0}}}
