{
    "timestamp": "2026-03-24T00:18:26+08:00",
    "datetime": {
        "date": "2026-03-24 00:18:26.662713",
        "timezone_type": 3,
        "timezone": "Asia\/Shanghai"
    },
    "channel": "error",
    "level": 50,
    "level_name": "ERROR",
    "message": "这是一个测试错误",
    "context": {
        "message": "测试错误信息",
        "file": "D:\\github\\douyinTasksystemAPI\\test_list_api_log_v2.php",
        "line": 66
    },
    "extra": {
        "memory_usage": "2MB",
        "server": "sola",
        "request_uri": "\/api\/b\/v1\/tasks\/list?status=1",
        "request_method": "GET",
        "file": "test_list_api_log_v2.php",
        "line": 63
    }
}
{
    "timestamp": "2026-03-24T00:18:55+08:00",
    "datetime": {
        "date": "2026-03-24 00:18:55.921346",
        "timezone_type": 3,
        "timezone": "Asia\/Shanghai"
    },
    "channel": "error",
    "level": 50,
    "level_name": "ERROR",
    "message": "这是一个测试错误",
    "context": {
        "message": "测试错误信息",
        "file": "D:\\github\\douyinTasksystemAPI\\test_list_api_log_v2.php",
        "line": 66
    },
    "extra": {
        "memory_usage": "2MB",
        "server": "sola",
        "request_uri": "\/api\/b\/v1\/tasks\/list?status=1",
        "request_method": "GET",
        "file": "test_list_api_log_v2.php",
        "line": 63
    }
}
{
    "timestamp": "2026-03-24T00:20:36+08:00",
    "datetime": {
        "date": "2026-03-24 00:20:36.022367",
        "timezone_type": 3,
        "timezone": "Asia\/Shanghai"
    },
    "channel": "error",
    "level": 50,
    "level_name": "ERROR",
    "message": "这是一个测试错误",
    "context": {
        "message": "测试错误信息",
        "file": "D:\\github\\douyinTasksystemAPI\\test_list_api_log_v2.php",
        "line": 66
    },
    "extra": {
        "memory_usage": "2MB",
        "server": "sola",
        "request_uri": "\/api\/b\/v1\/tasks\/list?status=1",
        "request_method": "GET",
        "file": "test_list_api_log_v2.php",
        "line": 63
    }
}
