{
    "timestamp": "2026-03-23T21:25:12+08:00",
    "datetime": {
        "date": "2026-03-23 21:25:12.323380",
        "timezone_type": 3,
        "timezone": "Asia\/Shanghai"
    },
    "channel": "audit",
    "level": 30,
    "level_name": "NOTICE",
    "message": "用户接单成功",
    "context": {
        "user_id": 137,
        "user_type": "C",
        "b_task_id": 250,
        "record_id": 120,
        "reward_amount": 100
    },
    "extra": {
        "memory_usage": "2MB",
        "server": "sola",
        "file": "log_usage.php",
        "line": 39
    }
}
{
    "timestamp": "2026-03-23T21:25:12+08:00",
    "datetime": {
        "date": "2026-03-23 21:25:12.324947",
        "timezone_type": 3,
        "timezone": "Asia\/Shanghai"
    },
    "channel": "audit",
    "level": 30,
    "level_name": "NOTICE",
    "message": "用户注册",
    "context": {
        "user_id": 138,
        "username": "testuser",
        "password": "***",
        "phone": "138****8000",
        "email": "t***t@example.com"
    },
    "extra": {
        "memory_usage": "2MB",
        "server": "sola",
        "file": "log_usage.php",
        "line": 99
    }
}
