{
    "timestamp": "2026-03-24T00:21:02+08:00",
    "datetime": {
        "date": "2026-03-24 00:21:02.723102",
        "timezone_type": 3,
        "timezone": "Asia\/Shanghai"
    },
    "channel": "error",
    "level": 50,
    "level_name": "ERROR",
    "message": "这是一个测试错误",
    "context": {
        "message": "测试错误信息",
        "file": "D:\\github\\douyinTasksystemAPI\\test_list_api_log_v2.php",
        "line": 66
    },
    "extra": {
        "memory_usage": "2MB",
        "server": "sola",
        "request_uri": "\/api\/b\/v1\/tasks\/list?status=1",
        "request_method": "GET",
        "file": "test_list_api_log_v2.php",
        "line": 63
    }
}
{
    "timestamp": "2026-03-24T00:21:26+08:00",
    "datetime": {
        "date": "2026-03-24 00:21:26.706849",
        "timezone_type": 3,
        "timezone": "Asia\/Shanghai"
    },
    "channel": "error",
    "level": 50,
    "level_name": "ERROR",
    "message": "这是一个测试错误",
    "context": {
        "message": "测试错误信息",
        "file": "D:\\github\\douyinTasksystemAPI\\test_list_api_log_v2.php",
        "line": 66
    },
    "extra": {
        "memory_usage": "2MB",
        "server": "sola",
        "request_uri": "\/api\/b\/v1\/tasks\/list?status=1",
        "request_method": "GET",
        "file": "test_list_api_log_v2.php",
        "line": 63
    }
}
{
    "timestamp": "2026-03-24T00:21:57+08:00",
    "datetime": {
        "date": "2026-03-24 00:21:57.664560",
        "timezone_type": 3,
        "timezone": "Asia\/Shanghai"
    },
    "channel": "error",
    "level": 50,
    "level_name": "ERROR",
    "message": "这是一个测试错误",
    "context": {
        "message": "测试错误信息",
        "file": "D:\\github\\douyinTasksystemAPI\\test_list_api_log_v3.php",
        "line": 66
    },
    "extra": {
        "memory_usage": "2MB",
        "server": "sola",
        "request_uri": "\/api\/b\/v1\/tasks\/list?status=1",
        "request_method": "GET",
        "file": "test_list_api_log_v3.php",
        "line": 63
    }
}
{
    "timestamp": "2026-03-24T00:22:49+08:00",
    "datetime": {
        "date": "2026-03-24 00:22:49.839539",
        "timezone_type": 3,
        "timezone": "Asia\/Shanghai"
    },
    "channel": "error",
    "level": 50,
    "level_name": "ERROR",
    "message": "这是一个测试错误",
    "context": {
        "message": "测试错误信息",
        "file": "D:\\github\\douyinTasksystemAPI\\test_list_api_log_v3.php",
        "line": 66
    },
    "extra": {
        "memory_usage": "2MB",
        "server": "sola",
        "request_uri": "\/api\/b\/v1\/tasks\/list?status=1",
        "request_method": "GET",
        "file": "test_list_api_log_v3.php",
        "line": 63
    }
}
